#
# There is insufficient memory for the Java Runtime Environment to continue.
# Native memory allocation (malloc) failed to allocate 914736 bytes for Chunk::new
# Possible reasons:
#   The system is out of physical RAM or swap space
#   The process is running with CompressedOops enabled, and the Java Heap may be blocking the growth of the native heap
# Possible solutions:
#   Reduce memory load on the system
#   Increase physical memory or swap space
#   Check if swap backing store is full
#   Decrease Java heap size (-Xmx/-Xms)
#   Decrease number of Java threads
#   Decrease Java thread stack sizes (-Xss)
#   Set larger code cache with -XX:ReservedCodeCacheSize=
#   JVM is running with Unscaled Compressed Oops mode in which the Java heap is
#     placed in the first 4GB address space. The Java Heap base address is the
#     maximum limit for the native heap growth. Please use -XX:HeapBaseMinAddress
#     to set the Java Heap base and to place the Java Heap above 4GB virtual address.
# This output file may be truncated or incomplete.
#
#  Out of Memory Error (./src/hotspot/share/memory/arena.cpp:197), pid=170288, tid=142992
#
# JRE version: OpenJDK Runtime Environment Corretto-11.0.16.8.1 (11.0.16+8) (build 11.0.16+8-LTS)
# Java VM: OpenJDK 64-Bit Server VM Corretto-11.0.16.8.1 (11.0.16+8-LTS, mixed mode, tiered, compressed oops, g1 gc, windows-amd64)
# No core dump will be written. Minidumps are not enabled by default on client versions of Windows
#

---------------  S U M M A R Y ------------

Command Line: --add-opens=java.base/java.util=ALL-UNNAMED --add-opens=java.base/java.lang=ALL-UNNAMED --add-opens=java.base/java.lang.invoke=ALL-UNNAMED --add-opens=java.base/java.util=ALL-UNNAMED --add-opens=java.prefs/java.util.prefs=ALL-UNNAMED --add-opens=java.prefs/java.util.prefs=ALL-UNNAMED --add-opens=java.base/java.nio.charset=ALL-UNNAMED --add-opens=java.base/java.net=ALL-UNNAMED --add-opens=java.base/java.util.concurrent.atomic=ALL-UNNAMED -XX:MaxMetaspaceSize=256m -XX:+HeapDumpOnOutOfMemoryError -Xms256m -Xmx512m -Dfile.encoding=UTF-8 -Duser.country=KR -Duser.language=ko -Duser.variant org.gradle.launcher.daemon.bootstrap.GradleDaemon 7.5

Host: Intel(R) Core(TM) i5-10210U CPU @ 1.60GHz, 8 cores, 7G,  Windows 11 , 64 bit Build 22000 (10.0.22000.708)
Time: Mon Aug 22 17:26:08 2022  Windows 11 , 64 bit Build 22000 (10.0.22000.708) elapsed time: 18.236915 seconds (0d 0h 0m 18s)

---------------  T H R E A D  ---------------

Current thread (0x00000158fd63d800):  JavaThread "C2 CompilerThread0" daemon [_thread_in_native, id=142992, stack(0x0000000101200000,0x0000000101300000)]


Current CompileTask:
C2:  18237 5589       4       org.objectweb.asm.Frame::execute (2318 bytes)

Stack: [0x0000000101200000,0x0000000101300000]
Native frames: (J=compiled Java code, j=interpreted, Vv=VM code, C=native code)
V  [jvm.dll+0x61f28a]
V  [jvm.dll+0x7ac579]
V  [jvm.dll+0x7adc68]
V  [jvm.dll+0x7ae343]
V  [jvm.dll+0x24f968]
V  [jvm.dll+0xc262c]
V  [jvm.dll+0xc2bec]
V  [jvm.dll+0x2c17e4]
V  [jvm.dll+0x52e21c]
V  [jvm.dll+0x210eab]
V  [jvm.dll+0x20abd4]
V  [jvm.dll+0x207e0b]
V  [jvm.dll+0x18a3b1]
V  [jvm.dll+0x217614]
V  [jvm.dll+0x21585b]
V  [jvm.dll+0x76efb0]
V  [jvm.dll+0x767ee4]
V  [jvm.dll+0x61e0f5]
C  [ucrtbase.dll+0x26c0c]
C  [KERNEL32.DLL+0x154e0]
C  [ntdll.dll+0x485b]


---------------  P R O C E S S  ---------------

Threads class SMR info:
_java_thread_list=0x00000158931c7d60, length=71, elements={
0x00000158e1522800, 0x00000158fcd1e800, 0x00000158fcd1f800, 0x00000158fd62c800,
0x00000158fd62e000, 0x00000158fd62f000, 0x00000158fd63d800, 0x00000158fd63e800,
0x00000158fd648000, 0x00000158fd803000, 0x00000158ff016800, 0x00000158feea5000,
0x00000158fe7e9800, 0x00000158fe524800, 0x00000158ff013800, 0x00000158fe60b800,
0x000001588f8aa800, 0x000001588fae1000, 0x00000158fe374800, 0x000001588fbf7800,
0x000001588fa2b800, 0x000001588fa2c800, 0x000001588fa2f000, 0x000001588fa2d800,
0x000001588fa29800, 0x000001588fa2b000, 0x000001588fa2a000, 0x000001588fa2e000,
0x000001588fa30000, 0x00000158fd8d9800, 0x00000158fd8da800, 0x00000158fd8db000,
0x00000158fd8dd000, 0x00000158fd8dc000, 0x00000158fd8d7000, 0x00000158fd8dd800,
0x00000158fd8d8000, 0x00000158fd8d9000, 0x00000158fd8e3800, 0x00000158fd8de800,
0x00000158fd8df800, 0x00000158fd8e2000, 0x00000158fd8e6000, 0x00000158fd8e2800,
0x00000158fd8e5000, 0x00000158fd8e0000, 0x00000158fd8e1000, 0x0000015893341800,
0x0000015893342000, 0x000001589333d000, 0x000001589333c800, 0x0000015893343000,
0x000001589333f000, 0x000001589333f800, 0x0000015893340800, 0x000001589333e000,
0x0000015893367800, 0x000001589336b800, 0x000001589336d800, 0x0000015893368800,
0x000001589336e000, 0x000001589336c800, 0x000001589336f000, 0x0000015893369800,
0x000001589336b000, 0x000001589336a000, 0x0000015893373000, 0x0000015893375800,
0x0000015893374000, 0x0000015893372800, 0x0000015893374800
}

Java Threads: ( => current thread )
  0x00000158e1522800 JavaThread "main" [_thread_blocked, id=153976, stack(0x0000000100600000,0x0000000100700000)]
  0x00000158fcd1e800 JavaThread "Reference Handler" daemon [_thread_blocked, id=160708, stack(0x0000000100d00000,0x0000000100e00000)]
  0x00000158fcd1f800 JavaThread "Finalizer" daemon [_thread_blocked, id=143744, stack(0x0000000100e00000,0x0000000100f00000)]
  0x00000158fd62c800 JavaThread "Signal Dispatcher" daemon [_thread_blocked, id=184808, stack(0x0000000100f00000,0x0000000101000000)]
  0x00000158fd62e000 JavaThread "Attach Listener" daemon [_thread_blocked, id=183996, stack(0x0000000101000000,0x0000000101100000)]
  0x00000158fd62f000 JavaThread "Service Thread" daemon [_thread_blocked, id=180384, stack(0x0000000101100000,0x0000000101200000)]
=>0x00000158fd63d800 JavaThread "C2 CompilerThread0" daemon [_thread_in_native, id=142992, stack(0x0000000101200000,0x0000000101300000)]
  0x00000158fd63e800 JavaThread "C1 CompilerThread0" daemon [_thread_in_native, id=182888, stack(0x0000000101300000,0x0000000101400000)]
  0x00000158fd648000 JavaThread "Sweeper thread" daemon [_thread_blocked, id=182388, stack(0x0000000101400000,0x0000000101500000)]
  0x00000158fd803000 JavaThread "Common-Cleaner" daemon [_thread_blocked, id=143816, stack(0x0000000101500000,0x0000000101600000)]
  0x00000158ff016800 JavaThread "Daemon health stats" [_thread_blocked, id=184188, stack(0x0000000101c00000,0x0000000101d00000)]
  0x00000158feea5000 JavaThread "Incoming local TCP Connector on port 8841" [_thread_in_native, id=180016, stack(0x0000000101d00000,0x0000000101e00000)]
  0x00000158fe7e9800 JavaThread "Daemon periodic checks" [_thread_blocked, id=182804, stack(0x0000000101e00000,0x0000000101f00000)]
  0x00000158fe524800 JavaThread "Daemon" [_thread_blocked, id=164368, stack(0x0000000101f00000,0x0000000102000000)]
  0x00000158ff013800 JavaThread "Handler for socket connection from /127.0.0.1:8841 to /127.0.0.1:8842" [_thread_in_native, id=176780, stack(0x0000000102000000,0x0000000102100000)]
  0x00000158fe60b800 JavaThread "Cancel handler" [_thread_blocked, id=168132, stack(0x0000000102100000,0x0000000102200000)]
  0x000001588f8aa800 JavaThread "Daemon worker" [_thread_in_Java, id=172436, stack(0x0000000102200000,0x0000000102300000)]
  0x000001588fae1000 JavaThread "Asynchronous log dispatcher for DefaultDaemonConnection: socket connection from /127.0.0.1:8841 to /127.0.0.1:8842" [_thread_blocked, id=177944, stack(0x0000000102300000,0x0000000102400000)]
  0x00000158fe374800 JavaThread "Stdin handler" [_thread_blocked, id=170588, stack(0x0000000102400000,0x0000000102500000)]
  0x000001588fbf7800 JavaThread "Daemon client event forwarder" [_thread_blocked, id=90272, stack(0x0000000102500000,0x0000000102600000)]
  0x000001588fa2b800 JavaThread "Cache worker for journal cache (C:\Users\kinal\.gradle\caches\journal-1)" [_thread_blocked, id=179648, stack(0x0000000102600000,0x0000000102700000)]
  0x000001588fa2c800 JavaThread "File lock request listener" [_thread_in_native, id=182412, stack(0x0000000102700000,0x0000000102800000)]
  0x000001588fa2f000 JavaThread "Cache worker for file hash cache (C:\Users\kinal\.gradle\caches\7.5\fileHashes)" [_thread_blocked, id=174868, stack(0x0000000102b00000,0x0000000102c00000)]
  0x000001588fa2d800 JavaThread "File watcher server" daemon [_thread_in_native, id=184528, stack(0x0000000102c00000,0x0000000102d00000)]
  0x000001588fa29800 JavaThread "File watcher consumer" daemon [_thread_blocked, id=178408, stack(0x0000000102d00000,0x0000000102e00000)]
  0x000001588fa2b000 JavaThread "jar transforms" [_thread_blocked, id=185236, stack(0x0000000102e00000,0x0000000102f00000)]
  0x000001588fa2a000 JavaThread "jar transforms Thread 2" [_thread_blocked, id=177272, stack(0x0000000102f00000,0x0000000103000000)]
  0x000001588fa2e000 JavaThread "jar transforms Thread 3" [_thread_blocked, id=183000, stack(0x0000000103000000,0x0000000103100000)]
  0x000001588fa30000 JavaThread "jar transforms Thread 4" [_thread_blocked, id=182640, stack(0x0000000103100000,0x0000000103200000)]
  0x00000158fd8d9800 JavaThread "jar transforms Thread 5" [_thread_blocked, id=118732, stack(0x0000000103200000,0x0000000103300000)]
  0x00000158fd8da800 JavaThread "jar transforms Thread 6" [_thread_blocked, id=169368, stack(0x0000000103300000,0x0000000103400000)]
  0x00000158fd8db000 JavaThread "jar transforms Thread 7" [_thread_blocked, id=172648, stack(0x0000000103400000,0x0000000103500000)]
  0x00000158fd8dd000 JavaThread "jar transforms Thread 8" [_thread_blocked, id=172804, stack(0x0000000103500000,0x0000000103600000)]
  0x00000158fd8dc000 JavaThread "Cache worker for checksums cache (C:\Users\kinal\OneDrive\바탕 화면\WEEK04\springcore\.gradle\7.5\checksums)" [_thread_blocked, id=173400, stack(0x0000000103600000,0x0000000103700000)]
  0x00000158fd8d7000 JavaThread "Cache worker for cache directory md-rule (C:\Users\kinal\.gradle\caches\7.5\md-rule)" [_thread_blocked, id=184304, stack(0x0000000103700000,0x0000000103800000)]
  0x00000158fd8dd800 JavaThread "Cache worker for file content cache (C:\Users\kinal\.gradle\caches\7.5\fileContent)" [_thread_blocked, id=156192, stack(0x0000000103800000,0x0000000103900000)]
  0x00000158fd8d8000 JavaThread "Cache worker for file hash cache (C:\Users\kinal\OneDrive\바탕 화면\WEEK04\springcore\.gradle\7.5\fileHashes)" [_thread_blocked, id=182868, stack(0x0000000103900000,0x0000000103a00000)]
  0x00000158fd8d9000 JavaThread "Cache worker for cache directory md-supplier (C:\Users\kinal\.gradle\caches\7.5\md-supplier)" [_thread_blocked, id=182348, stack(0x0000000103a00000,0x0000000103b00000)]
  0x00000158fd8e3800 JavaThread "Cache worker for execution history cache (C:\Users\kinal\.gradle\caches\7.5\executionHistory)" [_thread_blocked, id=163092, stack(0x0000000103b00000,0x0000000103c00000)]
  0x00000158fd8de800 JavaThread "Cache worker for dependencies-accessors (C:\Users\kinal\OneDrive\바탕 화면\WEEK04\springcore\.gradle\7.5\dependencies-accessors)" [_thread_blocked, id=154000, stack(0x0000000103c00000,0x0000000103d00000)]
  0x00000158fd8df800 JavaThread "Cache worker for Build Output Cleanup Cache (C:\Users\kinal\OneDrive\바탕 화면\WEEK04\springcore\.gradle\buildOutputCleanup)" [_thread_blocked, id=133556, stack(0x0000000103d00000,0x0000000103e00000)]
  0x00000158fd8e2000 JavaThread "Unconstrained build operations" [_thread_blocked, id=143728, stack(0x0000000103e00000,0x0000000103f00000)]
  0x00000158fd8e6000 JavaThread "Unconstrained build operations Thread 2" [_thread_blocked, id=140612, stack(0x0000000103f00000,0x0000000104000000)]
  0x00000158fd8e2800 JavaThread "Unconstrained build operations Thread 3" [_thread_blocked, id=161808, stack(0x0000000104000000,0x0000000104100000)]
  0x00000158fd8e5000 JavaThread "Unconstrained build operations Thread 4" [_thread_blocked, id=182548, stack(0x0000000104100000,0x0000000104200000)]
  0x00000158fd8e0000 JavaThread "Unconstrained build operations Thread 5" [_thread_blocked, id=167580, stack(0x0000000104200000,0x0000000104300000)]
  0x00000158fd8e1000 JavaThread "Unconstrained build operations Thread 6" [_thread_blocked, id=169992, stack(0x0000000104300000,0x0000000104400000)]
  0x0000015893341800 JavaThread "Unconstrained build operations Thread 7" [_thread_blocked, id=60856, stack(0x0000000104400000,0x0000000104500000)]
  0x0000015893342000 JavaThread "Unconstrained build operations Thread 8" [_thread_blocked, id=183008, stack(0x0000000104500000,0x0000000104600000)]
  0x000001589333d000 JavaThread "Unconstrained build operations Thread 9" [_thread_blocked, id=181940, stack(0x0000000104600000,0x0000000104700000)]
  0x000001589333c800 JavaThread "Unconstrained build operations Thread 10" [_thread_blocked, id=123404, stack(0x0000000104700000,0x0000000104800000)]
  0x0000015893343000 JavaThread "Unconstrained build operations Thread 11" [_thread_blocked, id=176132, stack(0x0000000104800000,0x0000000104900000)]
  0x000001589333f000 JavaThread "Unconstrained build operations Thread 12" [_thread_blocked, id=184568, stack(0x0000000104900000,0x0000000104a00000)]
  0x000001589333f800 JavaThread "Unconstrained build operations Thread 13" [_thread_blocked, id=181792, stack(0x0000000104a00000,0x0000000104b00000)]
  0x0000015893340800 JavaThread "Unconstrained build operations Thread 14" [_thread_blocked, id=182656, stack(0x0000000104b00000,0x0000000104c00000)]
  0x000001589333e000 JavaThread "Unconstrained build operations Thread 15" [_thread_blocked, id=182560, stack(0x0000000104c00000,0x0000000104d00000)]
  0x0000015893367800 JavaThread "Unconstrained build operations Thread 16" [_thread_blocked, id=185256, stack(0x0000000104d00000,0x0000000104e00000)]
  0x000001589336b800 JavaThread "Unconstrained build operations Thread 17" [_thread_blocked, id=157196, stack(0x0000000104e00000,0x0000000104f00000)]
  0x000001589336d800 JavaThread "Unconstrained build operations Thread 18" [_thread_blocked, id=184464, stack(0x0000000104f00000,0x0000000105000000)]
  0x0000015893368800 JavaThread "Unconstrained build operations Thread 19" [_thread_blocked, id=184060, stack(0x0000000105000000,0x0000000105100000)]
  0x000001589336e000 JavaThread "Memory manager" [_thread_blocked, id=183136, stack(0x0000000105100000,0x0000000105200000)]
  0x000001589336c800 JavaThread "included builds" [_thread_blocked, id=182608, stack(0x0000000105200000,0x0000000105300000)]
  0x000001589336f000 JavaThread "Execution worker" [_thread_blocked, id=146256, stack(0x0000000105300000,0x0000000105400000)]
  0x0000015893369800 JavaThread "Execution worker Thread 2" [_thread_blocked, id=152124, stack(0x0000000105400000,0x0000000105500000)]
  0x000001589336b000 JavaThread "Execution worker Thread 3" [_thread_blocked, id=183216, stack(0x0000000105500000,0x0000000105600000)]
  0x000001589336a000 JavaThread "Execution worker Thread 4" [_thread_blocked, id=95712, stack(0x0000000105600000,0x0000000105700000)]
  0x0000015893373000 JavaThread "Execution worker Thread 5" [_thread_blocked, id=165464, stack(0x0000000105700000,0x0000000105800000)]
  0x0000015893375800 JavaThread "Execution worker Thread 6" [_thread_blocked, id=184624, stack(0x0000000105800000,0x0000000105900000)]
  0x0000015893374000 JavaThread "Execution worker Thread 7" [_thread_blocked, id=105264, stack(0x0000000105900000,0x0000000105a00000)]
  0x0000015893372800 JavaThread "Cache worker for execution history cache (C:\Users\kinal\OneDrive\바탕 화면\WEEK04\springcore\.gradle\7.5\executionHistory)" [_thread_blocked, id=185248, stack(0x0000000105a00000,0x0000000105b00000)]
  0x0000015893374800 JavaThread "idea-tooling-model-converter" [_thread_blocked, id=160716, stack(0x0000000105b00000,0x0000000105c00000)]

Other Threads:
  0x00000158fcce9800 VMThread "VM Thread" [stack: 0x0000000100c00000,0x0000000100d00000] [id=147136]
  0x00000158fd808800 WatcherThread [stack: 0x0000000101600000,0x0000000101700000] [id=177008]
  0x00000158e153b800 GCTaskThread "GC Thread#0" [stack: 0x0000000100700000,0x0000000100800000] [id=173836]
  0x00000158fe083000 GCTaskThread "GC Thread#1" [stack: 0x0000000101700000,0x0000000101800000] [id=181200]
  0x00000158fdbb9800 GCTaskThread "GC Thread#2" [stack: 0x0000000101800000,0x0000000101900000] [id=183132]
  0x00000158fe321800 GCTaskThread "GC Thread#3" [stack: 0x0000000101900000,0x0000000101a00000] [id=146040]
  0x00000158fe216000 GCTaskThread "GC Thread#4" [stack: 0x0000000101a00000,0x0000000101b00000] [id=184332]
  0x00000158fe216800 GCTaskThread "GC Thread#5" [stack: 0x0000000101b00000,0x0000000101c00000] [id=179180]
  0x000001588fa4f800 GCTaskThread "GC Thread#6" [stack: 0x0000000102800000,0x0000000102900000] [id=183140]
  0x000001588fa50800 GCTaskThread "GC Thread#7" [stack: 0x0000000102900000,0x0000000102a00000] [id=161240]
  0x00000158e154e000 ConcurrentGCThread "G1 Main Marker" [stack: 0x0000000100800000,0x0000000100900000] [id=181484]
  0x00000158e1550000 ConcurrentGCThread "G1 Conc#0" [stack: 0x0000000100900000,0x0000000100a00000] [id=184172]
  0x00000158fe0ee800 ConcurrentGCThread "G1 Conc#1" [stack: 0x0000000102a00000,0x0000000102b00000] [id=184648]
  0x00000158e15fe000 ConcurrentGCThread "G1 Refine#0" [stack: 0x0000000100a00000,0x0000000100b00000] [id=135104]
  0x00000158fcb87800 ConcurrentGCThread "G1 Young RemSet Sampling" [stack: 0x0000000100b00000,0x0000000100c00000] [id=182904]

Threads with active compile tasks:
C2 CompilerThread0    18339 5589       4       org.objectweb.asm.Frame::execute (2318 bytes)

VM state:not at safepoint (normal execution)

VM Mutex/Monitor currently owned by a thread: None

Heap address: 0x00000000e0000000, size: 512 MB, Compressed Oops mode: 32-bit
Narrow klass base: 0x0000015880000000, Narrow klass shift: 0
Compressed class space size: 260046848 Address: 0x0000015880000000

Heap:
 garbage-first heap   total 262144K, used 179554K [0x00000000e0000000, 0x0000000100000000)
  region size 1024K, 50 young (51200K), 10 survivors (10240K)
 Metaspace       used 63452K, capacity 65721K, committed 65872K, reserved 311296K
  class space    used 8340K, capacity 9144K, committed 9216K, reserved 253952K
Heap Regions: E=young(eden), S=young(survivor), O=old, HS=humongous(starts), HC=humongous(continues), CS=collection set, F=free, A=archive, TAMS=top-at-mark-start (previous, next)
|   0|0x00000000e0000000, 0x00000000e0100000, 0x00000000e0100000|100%| O|  |TAMS 0x00000000e0100000, 0x00000000e0000000| Untracked 
|   1|0x00000000e0100000, 0x00000000e0200000, 0x00000000e0200000|100%| O|  |TAMS 0x00000000e0200000, 0x00000000e0100000| Untracked 
|   2|0x00000000e0200000, 0x00000000e0300000, 0x00000000e0300000|100%| O|  |TAMS 0x00000000e0300000, 0x00000000e0200000| Untracked 
|   3|0x00000000e0300000, 0x00000000e0400000, 0x00000000e0400000|100%|HS|  |TAMS 0x00000000e0400000, 0x00000000e0300000| Complete 
|   4|0x00000000e0400000, 0x00000000e0500000, 0x00000000e0500000|100%|HC|  |TAMS 0x00000000e0500000, 0x00000000e0400000| Complete 
|   5|0x00000000e0500000, 0x00000000e0600000, 0x00000000e0600000|100%|HC|  |TAMS 0x00000000e0600000, 0x00000000e0500000| Complete 
|   6|0x00000000e0600000, 0x00000000e0700000, 0x00000000e0700000|100%| O|  |TAMS 0x00000000e0700000, 0x00000000e0600000| Untracked 
|   7|0x00000000e0700000, 0x00000000e0800000, 0x00000000e0800000|100%| O|  |TAMS 0x00000000e0800000, 0x00000000e0700000| Untracked 
|   8|0x00000000e0800000, 0x00000000e0900000, 0x00000000e0900000|100%| O|  |TAMS 0x00000000e0900000, 0x00000000e0800000| Untracked 
|   9|0x00000000e0900000, 0x00000000e0a00000, 0x00000000e0a00000|100%| O|  |TAMS 0x00000000e0a00000, 0x00000000e0900000| Untracked 
|  10|0x00000000e0a00000, 0x00000000e0b00000, 0x00000000e0b00000|100%| O|  |TAMS 0x00000000e0b00000, 0x00000000e0a00000| Untracked 
|  11|0x00000000e0b00000, 0x00000000e0c00000, 0x00000000e0c00000|100%| O|  |TAMS 0x00000000e0c00000, 0x00000000e0b00000| Untracked 
|  12|0x00000000e0c00000, 0x00000000e0d00000, 0x00000000e0d00000|100%| O|  |TAMS 0x00000000e0d00000, 0x00000000e0c00000| Untracked 
|  13|0x00000000e0d00000, 0x00000000e0e00000, 0x00000000e0e00000|100%| O|  |TAMS 0x00000000e0e00000, 0x00000000e0d00000| Untracked 
|  14|0x00000000e0e00000, 0x00000000e0f00000, 0x00000000e0f00000|100%| O|  |TAMS 0x00000000e0f00000, 0x00000000e0e00000| Untracked 
|  15|0x00000000e0f00000, 0x00000000e1000000, 0x00000000e1000000|100%| O|  |TAMS 0x00000000e1000000, 0x00000000e0f00000| Untracked 
|  16|0x00000000e1000000, 0x00000000e1100000, 0x00000000e1100000|100%| O|  |TAMS 0x00000000e1100000, 0x00000000e1000000| Untracked 
|  17|0x00000000e1100000, 0x00000000e1200000, 0x00000000e1200000|100%|HS|  |TAMS 0x00000000e1200000, 0x00000000e1100000| Complete 
|  18|0x00000000e1200000, 0x00000000e1300000, 0x00000000e1300000|100%|HC|  |TAMS 0x00000000e1300000, 0x00000000e1200000| Complete 
|  19|0x00000000e1300000, 0x00000000e1400000, 0x00000000e1400000|100%|HS|  |TAMS 0x00000000e1400000, 0x00000000e1300000| Complete 
|  20|0x00000000e1400000, 0x00000000e1500000, 0x00000000e1500000|100%|HC|  |TAMS 0x00000000e1500000, 0x00000000e1400000| Complete 
|  21|0x00000000e1500000, 0x00000000e1600000, 0x00000000e1600000|100%|HC|  |TAMS 0x00000000e1600000, 0x00000000e1500000| Complete 
|  22|0x00000000e1600000, 0x00000000e1700000, 0x00000000e1700000|100%|HS|  |TAMS 0x00000000e1700000, 0x00000000e1600000| Complete 
|  23|0x00000000e1700000, 0x00000000e1800000, 0x00000000e1800000|100%|HC|  |TAMS 0x00000000e1800000, 0x00000000e1700000| Complete 
|  24|0x00000000e1800000, 0x00000000e1900000, 0x00000000e1900000|100%|HC|  |TAMS 0x00000000e1900000, 0x00000000e1800000| Complete 
|  25|0x00000000e1900000, 0x00000000e1a00000, 0x00000000e1a00000|100%|HS|  |TAMS 0x00000000e1a00000, 0x00000000e1900000| Complete 
|  26|0x00000000e1a00000, 0x00000000e1b00000, 0x00000000e1b00000|100%|HC|  |TAMS 0x00000000e1b00000, 0x00000000e1a00000| Complete 
|  27|0x00000000e1b00000, 0x00000000e1c00000, 0x00000000e1c00000|100%|HS|  |TAMS 0x00000000e1c00000, 0x00000000e1b00000| Complete 
|  28|0x00000000e1c00000, 0x00000000e1d00000, 0x00000000e1d00000|100%|HC|  |TAMS 0x00000000e1d00000, 0x00000000e1c00000| Complete 
|  29|0x00000000e1d00000, 0x00000000e1e00000, 0x00000000e1e00000|100%|HC|  |TAMS 0x00000000e1e00000, 0x00000000e1d00000| Complete 
|  30|0x00000000e1e00000, 0x00000000e1f00000, 0x00000000e1f00000|100%|HC|  |TAMS 0x00000000e1f00000, 0x00000000e1e00000| Complete 
|  31|0x00000000e1f00000, 0x00000000e2000000, 0x00000000e2000000|100%|HC|  |TAMS 0x00000000e2000000, 0x00000000e1f00000| Complete 
|  32|0x00000000e2000000, 0x00000000e2100000, 0x00000000e2100000|100%|HC|  |TAMS 0x00000000e2100000, 0x00000000e2000000| Complete 
|  33|0x00000000e2100000, 0x00000000e2200000, 0x00000000e2200000|100%|HC|  |TAMS 0x00000000e2200000, 0x00000000e2100000| Complete 
|  34|0x00000000e2200000, 0x00000000e2300000, 0x00000000e2300000|100%|HC|  |TAMS 0x00000000e2300000, 0x00000000e2200000| Complete 
|  35|0x00000000e2300000, 0x00000000e2400000, 0x00000000e2400000|100%|HC|  |TAMS 0x00000000e2400000, 0x00000000e2300000| Complete 
|  36|0x00000000e2400000, 0x00000000e2500000, 0x00000000e2500000|100%|HC|  |TAMS 0x00000000e2500000, 0x00000000e2400000| Complete 
|  37|0x00000000e2500000, 0x00000000e2600000, 0x00000000e2600000|100%|HC|  |TAMS 0x00000000e2600000, 0x00000000e2500000| Complete 
|  38|0x00000000e2600000, 0x00000000e2700000, 0x00000000e2700000|100%|HS|  |TAMS 0x00000000e2700000, 0x00000000e2600000| Complete 
|  39|0x00000000e2700000, 0x00000000e2800000, 0x00000000e2800000|100%|HC|  |TAMS 0x00000000e2800000, 0x00000000e2700000| Complete 
|  40|0x00000000e2800000, 0x00000000e2900000, 0x00000000e2900000|100%|HS|  |TAMS 0x00000000e2900000, 0x00000000e2800000| Complete 
|  41|0x00000000e2900000, 0x00000000e2a00000, 0x00000000e2a00000|100%|HC|  |TAMS 0x00000000e2a00000, 0x00000000e2900000| Complete 
|  42|0x00000000e2a00000, 0x00000000e2b00000, 0x00000000e2b00000|100%|HC|  |TAMS 0x00000000e2b00000, 0x00000000e2a00000| Complete 
|  43|0x00000000e2b00000, 0x00000000e2c00000, 0x00000000e2c00000|100%|HC|  |TAMS 0x00000000e2c00000, 0x00000000e2b00000| Complete 
|  44|0x00000000e2c00000, 0x00000000e2d00000, 0x00000000e2d00000|100%|HC|  |TAMS 0x00000000e2d00000, 0x00000000e2c00000| Complete 
|  45|0x00000000e2d00000, 0x00000000e2e00000, 0x00000000e2e00000|100%| O|  |TAMS 0x00000000e2d00000, 0x00000000e2d00000| Untracked 
|  46|0x00000000e2e00000, 0x00000000e2f00000, 0x00000000e2f00000|100%|HS|  |TAMS 0x00000000e2f00000, 0x00000000e2e00000| Complete 
|  47|0x00000000e2f00000, 0x00000000e3000000, 0x00000000e3000000|100%| O|  |TAMS 0x00000000e3000000, 0x00000000e2f00000| Untracked 
|  48|0x00000000e3000000, 0x00000000e3100000, 0x00000000e3100000|100%|HS|  |TAMS 0x00000000e3100000, 0x00000000e3000000| Complete 
|  49|0x00000000e3100000, 0x00000000e3200000, 0x00000000e3200000|100%|HC|  |TAMS 0x00000000e3200000, 0x00000000e3100000| Complete 
|  50|0x00000000e3200000, 0x00000000e3300000, 0x00000000e3300000|100%|HC|  |TAMS 0x00000000e3300000, 0x00000000e3200000| Complete 
|  51|0x00000000e3300000, 0x00000000e3400000, 0x00000000e3400000|100%|HC|  |TAMS 0x00000000e3400000, 0x00000000e3300000| Complete 
|  52|0x00000000e3400000, 0x00000000e3500000, 0x00000000e3500000|100%|HC|  |TAMS 0x00000000e3500000, 0x00000000e3400000| Complete 
|  53|0x00000000e3500000, 0x00000000e3600000, 0x00000000e3600000|100%|HC|  |TAMS 0x00000000e3600000, 0x00000000e3500000| Complete 
|  54|0x00000000e3600000, 0x00000000e3700000, 0x00000000e3700000|100%|HC|  |TAMS 0x00000000e3700000, 0x00000000e3600000| Complete 
|  55|0x00000000e3700000, 0x00000000e3800000, 0x00000000e3800000|100%|HC|  |TAMS 0x00000000e3800000, 0x00000000e3700000| Complete 
|  56|0x00000000e3800000, 0x00000000e3900000, 0x00000000e3900000|100%|HC|  |TAMS 0x00000000e3900000, 0x00000000e3800000| Complete 
|  57|0x00000000e3900000, 0x00000000e3a00000, 0x00000000e3a00000|100%|HC|  |TAMS 0x00000000e3a00000, 0x00000000e3900000| Complete 
|  58|0x00000000e3a00000, 0x00000000e3b00000, 0x00000000e3b00000|100%|HC|  |TAMS 0x00000000e3b00000, 0x00000000e3a00000| Complete 
|  59|0x00000000e3b00000, 0x00000000e3c00000, 0x00000000e3c00000|100%|HC|  |TAMS 0x00000000e3c00000, 0x00000000e3b00000| Complete 
|  60|0x00000000e3c00000, 0x00000000e3d00000, 0x00000000e3d00000|100%|HS|  |TAMS 0x00000000e3d00000, 0x00000000e3c00000| Complete 
|  61|0x00000000e3d00000, 0x00000000e3e00000, 0x00000000e3e00000|100%|HC|  |TAMS 0x00000000e3e00000, 0x00000000e3d00000| Complete 
|  62|0x00000000e3e00000, 0x00000000e3f00000, 0x00000000e3f00000|100%|HS|  |TAMS 0x00000000e3f00000, 0x00000000e3e00000| Complete 
|  63|0x00000000e3f00000, 0x00000000e4000000, 0x00000000e4000000|100%|HC|  |TAMS 0x00000000e4000000, 0x00000000e3f00000| Complete 
|  64|0x00000000e4000000, 0x00000000e4100000, 0x00000000e4100000|100%|HS|  |TAMS 0x00000000e4100000, 0x00000000e4000000| Complete 
|  65|0x00000000e4100000, 0x00000000e4200000, 0x00000000e4200000|100%|HC|  |TAMS 0x00000000e4200000, 0x00000000e4100000| Complete 
|  66|0x00000000e4200000, 0x00000000e4300000, 0x00000000e4300000|100%|HC|  |TAMS 0x00000000e4300000, 0x00000000e4200000| Complete 
|  67|0x00000000e4300000, 0x00000000e4400000, 0x00000000e4400000|100%|HS|  |TAMS 0x00000000e4400000, 0x00000000e4300000| Complete 
|  68|0x00000000e4400000, 0x00000000e4500000, 0x00000000e4500000|100%|HC|  |TAMS 0x00000000e4500000, 0x00000000e4400000| Complete 
|  69|0x00000000e4500000, 0x00000000e4600000, 0x00000000e4600000|100%|HC|  |TAMS 0x00000000e4600000, 0x00000000e4500000| Complete 
|  70|0x00000000e4600000, 0x00000000e4700000, 0x00000000e4700000|100%| O|  |TAMS 0x00000000e4700000, 0x00000000e4600000| Untracked 
|  71|0x00000000e4700000, 0x00000000e4800000, 0x00000000e4800000|100%| O|  |TAMS 0x00000000e4800000, 0x00000000e4700000| Untracked 
|  72|0x00000000e4800000, 0x00000000e4900000, 0x00000000e4900000|100%| O|  |TAMS 0x00000000e4900000, 0x00000000e4800000| Untracked 
|  73|0x00000000e4900000, 0x00000000e4a00000, 0x00000000e4a00000|100%|HS|  |TAMS 0x00000000e4a00000, 0x00000000e4900000| Complete 
|  74|0x00000000e4a00000, 0x00000000e4b00000, 0x00000000e4b00000|100%|HC|  |TAMS 0x00000000e4b00000, 0x00000000e4a00000| Complete 
|  75|0x00000000e4b00000, 0x00000000e4c00000, 0x00000000e4c00000|100%|HC|  |TAMS 0x00000000e4c00000, 0x00000000e4b00000| Complete 
|  76|0x00000000e4c00000, 0x00000000e4d00000, 0x00000000e4d00000|100%|HC|  |TAMS 0x00000000e4d00000, 0x00000000e4c00000| Complete 
|  77|0x00000000e4d00000, 0x00000000e4e00000, 0x00000000e4e00000|100%|HC|  |TAMS 0x00000000e4e00000, 0x00000000e4d00000| Complete 
|  78|0x00000000e4e00000, 0x00000000e4f00000, 0x00000000e4f00000|100%|HC|  |TAMS 0x00000000e4f00000, 0x00000000e4e00000| Complete 
|  79|0x00000000e4f00000, 0x00000000e5000000, 0x00000000e5000000|100%| O|  |TAMS 0x00000000e5000000, 0x00000000e4f00000| Untracked 
|  80|0x00000000e5000000, 0x00000000e5100000, 0x00000000e5100000|100%| O|  |TAMS 0x00000000e5100000, 0x00000000e5000000| Untracked 
|  81|0x00000000e5100000, 0x00000000e5200000, 0x00000000e5200000|100%| O|  |TAMS 0x00000000e5200000, 0x00000000e5100000| Untracked 
|  82|0x00000000e5200000, 0x00000000e5300000, 0x00000000e5300000|100%| O|  |TAMS 0x00000000e5300000, 0x00000000e5200000| Untracked 
|  83|0x00000000e5300000, 0x00000000e5400000, 0x00000000e5400000|100%| O|  |TAMS 0x00000000e5400000, 0x00000000e5300000| Untracked 
|  84|0x00000000e5400000, 0x00000000e5500000, 0x00000000e5500000|100%| O|  |TAMS 0x00000000e5500000, 0x00000000e5400000| Untracked 
|  85|0x00000000e5500000, 0x00000000e5600000, 0x00000000e5600000|100%| O|  |TAMS 0x00000000e5600000, 0x00000000e5500000| Untracked 
|  86|0x00000000e5600000, 0x00000000e5700000, 0x00000000e5700000|100%| O|  |TAMS 0x00000000e5700000, 0x00000000e5600000| Untracked 
|  87|0x00000000e5700000, 0x00000000e5800000, 0x00000000e5800000|100%| O|  |TAMS 0x00000000e5800000, 0x00000000e5700000| Untracked 
|  88|0x00000000e5800000, 0x00000000e5900000, 0x00000000e5900000|100%| O|  |TAMS 0x00000000e5900000, 0x00000000e5800000| Untracked 
|  89|0x00000000e5900000, 0x00000000e5a00000, 0x00000000e5a00000|100%| O|  |TAMS 0x00000000e5a00000, 0x00000000e5900000| Untracked 
|  90|0x00000000e5a00000, 0x00000000e5b00000, 0x00000000e5b00000|100%| O|  |TAMS 0x00000000e5b00000, 0x00000000e5a00000| Untracked 
|  91|0x00000000e5b00000, 0x00000000e5c00000, 0x00000000e5c00000|100%| O|  |TAMS 0x00000000e5c00000, 0x00000000e5b00000| Untracked 
|  92|0x00000000e5c00000, 0x00000000e5d00000, 0x00000000e5d00000|100%| O|  |TAMS 0x00000000e5d00000, 0x00000000e5c00000| Untracked 
|  93|0x00000000e5d00000, 0x00000000e5e00000, 0x00000000e5e00000|100%| O|  |TAMS 0x00000000e5de2000, 0x00000000e5d00000| Untracked 
|  94|0x00000000e5e00000, 0x00000000e5f00000, 0x00000000e5f00000|100%|HS|  |TAMS 0x00000000e5f00000, 0x00000000e5e00000| Complete 
|  95|0x00000000e5f00000, 0x00000000e6000000, 0x00000000e6000000|100%|HC|  |TAMS 0x00000000e6000000, 0x00000000e5f00000| Complete 
|  96|0x00000000e6000000, 0x00000000e6100000, 0x00000000e6100000|100%|HS|  |TAMS 0x00000000e6100000, 0x00000000e6000000| Complete 
|  97|0x00000000e6100000, 0x00000000e6200000, 0x00000000e6200000|100%|HC|  |TAMS 0x00000000e6200000, 0x00000000e6100000| Complete 
|  98|0x00000000e6200000, 0x00000000e6300000, 0x00000000e6300000|100%|HC|  |TAMS 0x00000000e6300000, 0x00000000e6200000| Complete 
|  99|0x00000000e6300000, 0x00000000e6400000, 0x00000000e6400000|100%|HS|  |TAMS 0x00000000e6400000, 0x00000000e6300000| Complete 
| 100|0x00000000e6400000, 0x00000000e6500000, 0x00000000e6500000|100%|HC|  |TAMS 0x00000000e6500000, 0x00000000e6400000| Complete 
| 101|0x00000000e6500000, 0x00000000e6600000, 0x00000000e6600000|100%|HC|  |TAMS 0x00000000e6600000, 0x00000000e6500000| Complete 
| 102|0x00000000e6600000, 0x00000000e6700000, 0x00000000e6700000|100%|HS|  |TAMS 0x00000000e6700000, 0x00000000e6600000| Complete 
| 103|0x00000000e6700000, 0x00000000e6800000, 0x00000000e6800000|100%|HC|  |TAMS 0x00000000e6800000, 0x00000000e6700000| Complete 
| 104|0x00000000e6800000, 0x00000000e6900000, 0x00000000e6900000|100%|HS|  |TAMS 0x00000000e6900000, 0x00000000e6800000| Complete 
| 105|0x00000000e6900000, 0x00000000e6a00000, 0x00000000e6a00000|100%|HC|  |TAMS 0x00000000e6a00000, 0x00000000e6900000| Complete 
| 106|0x00000000e6a00000, 0x00000000e6b00000, 0x00000000e6b00000|100%|HC|  |TAMS 0x00000000e6b00000, 0x00000000e6a00000| Complete 
| 107|0x00000000e6b00000, 0x00000000e6c00000, 0x00000000e6c00000|100%|HC|  |TAMS 0x00000000e6c00000, 0x00000000e6b00000| Complete 
| 108|0x00000000e6c00000, 0x00000000e6d00000, 0x00000000e6d00000|100%|HC|  |TAMS 0x00000000e6d00000, 0x00000000e6c00000| Complete 
| 109|0x00000000e6d00000, 0x00000000e6e00000, 0x00000000e6e00000|100%|HC|  |TAMS 0x00000000e6e00000, 0x00000000e6d00000| Complete 
| 110|0x00000000e6e00000, 0x00000000e6f00000, 0x00000000e6f00000|100%|HC|  |TAMS 0x00000000e6f00000, 0x00000000e6e00000| Complete 
| 111|0x00000000e6f00000, 0x00000000e7000000, 0x00000000e7000000|100%|HC|  |TAMS 0x00000000e7000000, 0x00000000e6f00000| Complete 
| 112|0x00000000e7000000, 0x00000000e7100000, 0x00000000e7100000|100%|HC|  |TAMS 0x00000000e7100000, 0x00000000e7000000| Complete 
| 113|0x00000000e7100000, 0x00000000e7200000, 0x00000000e7200000|100%|HC|  |TAMS 0x00000000e7200000, 0x00000000e7100000| Complete 
| 114|0x00000000e7200000, 0x00000000e7300000, 0x00000000e7300000|100%|HC|  |TAMS 0x00000000e7300000, 0x00000000e7200000| Complete 
| 115|0x00000000e7300000, 0x00000000e7400000, 0x00000000e7400000|100%|HS|  |TAMS 0x00000000e7300000, 0x00000000e7300000| Complete 
| 116|0x00000000e7400000, 0x00000000e7500000, 0x00000000e7500000|100%|HC|  |TAMS 0x00000000e7400000, 0x00000000e7400000| Complete 
| 117|0x00000000e7500000, 0x00000000e7600000, 0x00000000e7600000|100%|HS|  |TAMS 0x00000000e7500000, 0x00000000e7500000| Complete 
| 118|0x00000000e7600000, 0x00000000e7700000, 0x00000000e7700000|100%|HC|  |TAMS 0x00000000e7600000, 0x00000000e7600000| Complete 
| 119|0x00000000e7700000, 0x00000000e7800000, 0x00000000e7800000|100%|HC|  |TAMS 0x00000000e7700000, 0x00000000e7700000| Complete 
| 120|0x00000000e7800000, 0x00000000e7900000, 0x00000000e7900000|100%|HC|  |TAMS 0x00000000e7800000, 0x00000000e7800000| Complete 
| 121|0x00000000e7900000, 0x00000000e7a00000, 0x00000000e7a00000|100%|HC|  |TAMS 0x00000000e7900000, 0x00000000e7900000| Complete 
| 122|0x00000000e7a00000, 0x00000000e7b00000, 0x00000000e7b00000|100%| O|  |TAMS 0x00000000e7a00000, 0x00000000e7a00000| Untracked 
| 123|0x00000000e7b00000, 0x00000000e7c00000, 0x00000000e7c00000|100%| O|  |TAMS 0x00000000e7b00000, 0x00000000e7b00000| Untracked 
| 124|0x00000000e7c00000, 0x00000000e7d00000, 0x00000000e7d00000|100%| O|  |TAMS 0x00000000e7c00000, 0x00000000e7c00000| Untracked 
| 125|0x00000000e7d00000, 0x00000000e7e00000, 0x00000000e7e00000|100%| O|  |TAMS 0x00000000e7d00000, 0x00000000e7d00000| Untracked 
| 126|0x00000000e7e00000, 0x00000000e7e9de00, 0x00000000e7f00000| 61%| O|  |TAMS 0x00000000e7e00000, 0x00000000e7e00000| Untracked 
| 127|0x00000000e7f00000, 0x00000000e7f00000, 0x00000000e8000000|  0%| F|  |TAMS 0x00000000e7f00000, 0x00000000e7f00000| Untracked 
| 128|0x00000000e8000000, 0x00000000e8000000, 0x00000000e8100000|  0%| F|  |TAMS 0x00000000e8000000, 0x00000000e8000000| Untracked 
| 129|0x00000000e8100000, 0x00000000e8100000, 0x00000000e8200000|  0%| F|  |TAMS 0x00000000e8100000, 0x00000000e8100000| Untracked 
| 130|0x00000000e8200000, 0x00000000e8200000, 0x00000000e8300000|  0%| F|  |TAMS 0x00000000e8200000, 0x00000000e8200000| Untracked 
| 131|0x00000000e8300000, 0x00000000e8300000, 0x00000000e8400000|  0%| F|  |TAMS 0x00000000e8300000, 0x00000000e8300000| Untracked 
| 132|0x00000000e8400000, 0x00000000e8400000, 0x00000000e8500000|  0%| F|  |TAMS 0x00000000e8400000, 0x00000000e8400000| Untracked 
| 133|0x00000000e8500000, 0x00000000e8500000, 0x00000000e8600000|  0%| F|  |TAMS 0x00000000e8500000, 0x00000000e8500000| Untracked 
| 134|0x00000000e8600000, 0x00000000e8600000, 0x00000000e8700000|  0%| F|  |TAMS 0x00000000e8600000, 0x00000000e8600000| Untracked 
| 135|0x00000000e8700000, 0x00000000e8700000, 0x00000000e8800000|  0%| F|  |TAMS 0x00000000e8700000, 0x00000000e8700000| Untracked 
| 136|0x00000000e8800000, 0x00000000e8800000, 0x00000000e8900000|  0%| F|  |TAMS 0x00000000e8800000, 0x00000000e8800000| Untracked 
| 137|0x00000000e8900000, 0x00000000e8900000, 0x00000000e8a00000|  0%| F|  |TAMS 0x00000000e8900000, 0x00000000e8900000| Untracked 
| 138|0x00000000e8a00000, 0x00000000e8a00000, 0x00000000e8b00000|  0%| F|  |TAMS 0x00000000e8a00000, 0x00000000e8a00000| Untracked 
| 139|0x00000000e8b00000, 0x00000000e8b00000, 0x00000000e8c00000|  0%| F|  |TAMS 0x00000000e8b00000, 0x00000000e8b00000| Untracked 
| 140|0x00000000e8c00000, 0x00000000e8c00000, 0x00000000e8d00000|  0%| F|  |TAMS 0x00000000e8c00000, 0x00000000e8c00000| Untracked 
| 141|0x00000000e8d00000, 0x00000000e8d00000, 0x00000000e8e00000|  0%| F|  |TAMS 0x00000000e8d00000, 0x00000000e8d00000| Untracked 
| 142|0x00000000e8e00000, 0x00000000e8e00000, 0x00000000e8f00000|  0%| F|  |TAMS 0x00000000e8e00000, 0x00000000e8e00000| Untracked 
| 143|0x00000000e8f00000, 0x00000000e8f00000, 0x00000000e9000000|  0%| F|  |TAMS 0x00000000e8f00000, 0x00000000e8f00000| Untracked 
| 144|0x00000000e9000000, 0x00000000e9000000, 0x00000000e9100000|  0%| F|  |TAMS 0x00000000e9000000, 0x00000000e9000000| Untracked 
| 145|0x00000000e9100000, 0x00000000e9100000, 0x00000000e9200000|  0%| F|  |TAMS 0x00000000e9100000, 0x00000000e9100000| Untracked 
| 146|0x00000000e9200000, 0x00000000e9200000, 0x00000000e9300000|  0%| F|  |TAMS 0x00000000e9200000, 0x00000000e9200000| Untracked 
| 147|0x00000000e9300000, 0x00000000e9300000, 0x00000000e9400000|  0%| F|  |TAMS 0x00000000e9300000, 0x00000000e9300000| Untracked 
| 148|0x00000000e9400000, 0x00000000e9400000, 0x00000000e9500000|  0%| F|  |TAMS 0x00000000e9400000, 0x00000000e9400000| Untracked 
| 149|0x00000000e9500000, 0x00000000e9500000, 0x00000000e9600000|  0%| F|  |TAMS 0x00000000e9500000, 0x00000000e9500000| Untracked 
| 150|0x00000000e9600000, 0x00000000e9600000, 0x00000000e9700000|  0%| F|  |TAMS 0x00000000e9600000, 0x00000000e9600000| Untracked 
| 151|0x00000000e9700000, 0x00000000e9700000, 0x00000000e9800000|  0%| F|  |TAMS 0x00000000e9700000, 0x00000000e9700000| Untracked 
| 152|0x00000000e9800000, 0x00000000e9800000, 0x00000000e9900000|  0%| F|  |TAMS 0x00000000e9800000, 0x00000000e9800000| Untracked 
| 153|0x00000000e9900000, 0x00000000e9900000, 0x00000000e9a00000|  0%| F|  |TAMS 0x00000000e9900000, 0x00000000e9900000| Untracked 
| 154|0x00000000e9a00000, 0x00000000e9a00000, 0x00000000e9b00000|  0%| F|  |TAMS 0x00000000e9a00000, 0x00000000e9a00000| Untracked 
| 155|0x00000000e9b00000, 0x00000000e9bbab20, 0x00000000e9c00000| 72%| S|CS|TAMS 0x00000000e9b00000, 0x00000000e9b00000| Complete 
| 156|0x00000000e9c00000, 0x00000000e9d00000, 0x00000000e9d00000|100%| S|CS|TAMS 0x00000000e9c00000, 0x00000000e9c00000| Complete 
| 157|0x00000000e9d00000, 0x00000000e9e00000, 0x00000000e9e00000|100%| S|CS|TAMS 0x00000000e9d00000, 0x00000000e9d00000| Complete 
| 158|0x00000000e9e00000, 0x00000000e9f00000, 0x00000000e9f00000|100%| S|CS|TAMS 0x00000000e9e00000, 0x00000000e9e00000| Complete 
| 159|0x00000000e9f00000, 0x00000000ea000000, 0x00000000ea000000|100%| S|CS|TAMS 0x00000000e9f00000, 0x00000000e9f00000| Complete 
| 160|0x00000000ea000000, 0x00000000ea100000, 0x00000000ea100000|100%| S|CS|TAMS 0x00000000ea000000, 0x00000000ea000000| Complete 
| 161|0x00000000ea100000, 0x00000000ea200000, 0x00000000ea200000|100%| S|CS|TAMS 0x00000000ea100000, 0x00000000ea100000| Complete 
| 162|0x00000000ea200000, 0x00000000ea300000, 0x00000000ea300000|100%| S|CS|TAMS 0x00000000ea200000, 0x00000000ea200000| Complete 
| 163|0x00000000ea300000, 0x00000000ea400000, 0x00000000ea400000|100%| S|CS|TAMS 0x00000000ea300000, 0x00000000ea300000| Complete 
| 164|0x00000000ea400000, 0x00000000ea500000, 0x00000000ea500000|100%| S|CS|TAMS 0x00000000ea400000, 0x00000000ea400000| Complete 
| 165|0x00000000ea500000, 0x00000000ea500000, 0x00000000ea600000|  0%| F|  |TAMS 0x00000000ea500000, 0x00000000ea500000| Untracked 
| 166|0x00000000ea600000, 0x00000000ea600000, 0x00000000ea700000|  0%| F|  |TAMS 0x00000000ea600000, 0x00000000ea600000| Untracked 
| 167|0x00000000ea700000, 0x00000000ea700000, 0x00000000ea800000|  0%| F|  |TAMS 0x00000000ea700000, 0x00000000ea700000| Untracked 
| 168|0x00000000ea800000, 0x00000000ea800000, 0x00000000ea900000|  0%| F|  |TAMS 0x00000000ea800000, 0x00000000ea800000| Untracked 
| 169|0x00000000ea900000, 0x00000000ea900000, 0x00000000eaa00000|  0%| F|  |TAMS 0x00000000ea900000, 0x00000000ea900000| Untracked 
| 170|0x00000000eaa00000, 0x00000000eaa00000, 0x00000000eab00000|  0%| F|  |TAMS 0x00000000eaa00000, 0x00000000eaa00000| Untracked 
| 171|0x00000000eab00000, 0x00000000eab00000, 0x00000000eac00000|  0%| F|  |TAMS 0x00000000eab00000, 0x00000000eab00000| Untracked 
| 172|0x00000000eac00000, 0x00000000eac00000, 0x00000000ead00000|  0%| F|  |TAMS 0x00000000eac00000, 0x00000000eac00000| Untracked 
| 173|0x00000000ead00000, 0x00000000ead00000, 0x00000000eae00000|  0%| F|  |TAMS 0x00000000ead00000, 0x00000000ead00000| Untracked 
| 174|0x00000000eae00000, 0x00000000eae00000, 0x00000000eaf00000|  0%| F|  |TAMS 0x00000000eae00000, 0x00000000eae00000| Untracked 
| 175|0x00000000eaf00000, 0x00000000eaf00000, 0x00000000eb000000|  0%| F|  |TAMS 0x00000000eaf00000, 0x00000000eaf00000| Untracked 
| 176|0x00000000eb000000, 0x00000000eb000000, 0x00000000eb100000|  0%| F|  |TAMS 0x00000000eb000000, 0x00000000eb000000| Untracked 
| 177|0x00000000eb100000, 0x00000000eb100000, 0x00000000eb200000|  0%| F|  |TAMS 0x00000000eb100000, 0x00000000eb100000| Untracked 
| 178|0x00000000eb200000, 0x00000000eb200000, 0x00000000eb300000|  0%| F|  |TAMS 0x00000000eb200000, 0x00000000eb200000| Untracked 
| 179|0x00000000eb300000, 0x00000000eb300000, 0x00000000eb400000|  0%| F|  |TAMS 0x00000000eb300000, 0x00000000eb300000| Untracked 
| 180|0x00000000eb400000, 0x00000000eb400000, 0x00000000eb500000|  0%| F|  |TAMS 0x00000000eb400000, 0x00000000eb400000| Untracked 
| 181|0x00000000eb500000, 0x00000000eb500000, 0x00000000eb600000|  0%| F|  |TAMS 0x00000000eb500000, 0x00000000eb500000| Untracked 
| 182|0x00000000eb600000, 0x00000000eb600000, 0x00000000eb700000|  0%| F|  |TAMS 0x00000000eb600000, 0x00000000eb600000| Untracked 
| 183|0x00000000eb700000, 0x00000000eb700000, 0x00000000eb800000|  0%| F|  |TAMS 0x00000000eb700000, 0x00000000eb700000| Untracked 
| 184|0x00000000eb800000, 0x00000000eb800000, 0x00000000eb900000|  0%| F|  |TAMS 0x00000000eb800000, 0x00000000eb800000| Untracked 
| 185|0x00000000eb900000, 0x00000000eb900000, 0x00000000eba00000|  0%| F|  |TAMS 0x00000000eb900000, 0x00000000eb900000| Untracked 
| 186|0x00000000eba00000, 0x00000000eba00000, 0x00000000ebb00000|  0%| F|  |TAMS 0x00000000eba00000, 0x00000000eba00000| Untracked 
| 187|0x00000000ebb00000, 0x00000000ebb00000, 0x00000000ebc00000|  0%| F|  |TAMS 0x00000000ebb00000, 0x00000000ebb00000| Untracked 
| 188|0x00000000ebc00000, 0x00000000ebc00000, 0x00000000ebd00000|  0%| F|  |TAMS 0x00000000ebc00000, 0x00000000ebc00000| Untracked 
| 189|0x00000000ebd00000, 0x00000000ebd00000, 0x00000000ebe00000|  0%| F|  |TAMS 0x00000000ebd00000, 0x00000000ebd00000| Untracked 
| 190|0x00000000ebe00000, 0x00000000ebe00000, 0x00000000ebf00000|  0%| F|  |TAMS 0x00000000ebe00000, 0x00000000ebe00000| Untracked 
| 191|0x00000000ebf00000, 0x00000000ebf00000, 0x00000000ec000000|  0%| F|  |TAMS 0x00000000ebf00000, 0x00000000ebf00000| Untracked 
| 192|0x00000000ec000000, 0x00000000ec000000, 0x00000000ec100000|  0%| F|  |TAMS 0x00000000ec000000, 0x00000000ec000000| Untracked 
| 193|0x00000000ec100000, 0x00000000ec100000, 0x00000000ec200000|  0%| F|  |TAMS 0x00000000ec100000, 0x00000000ec100000| Untracked 
| 194|0x00000000ec200000, 0x00000000ec200000, 0x00000000ec300000|  0%| F|  |TAMS 0x00000000ec200000, 0x00000000ec200000| Untracked 
| 195|0x00000000ec300000, 0x00000000ec300000, 0x00000000ec400000|  0%| F|  |TAMS 0x00000000ec300000, 0x00000000ec300000| Untracked 
| 196|0x00000000ec400000, 0x00000000ec400000, 0x00000000ec500000|  0%| F|  |TAMS 0x00000000ec400000, 0x00000000ec400000| Untracked 
| 197|0x00000000ec500000, 0x00000000ec500000, 0x00000000ec600000|  0%| F|  |TAMS 0x00000000ec500000, 0x00000000ec500000| Untracked 
| 198|0x00000000ec600000, 0x00000000ec600000, 0x00000000ec700000|  0%| F|  |TAMS 0x00000000ec600000, 0x00000000ec600000| Untracked 
| 199|0x00000000ec700000, 0x00000000ec700000, 0x00000000ec800000|  0%| F|  |TAMS 0x00000000ec700000, 0x00000000ec700000| Untracked 
| 200|0x00000000ec800000, 0x00000000ec800000, 0x00000000ec900000|  0%| F|  |TAMS 0x00000000ec800000, 0x00000000ec800000| Untracked 
| 201|0x00000000ec900000, 0x00000000ec900000, 0x00000000eca00000|  0%| F|  |TAMS 0x00000000ec900000, 0x00000000ec900000| Untracked 
| 202|0x00000000eca00000, 0x00000000eca00000, 0x00000000ecb00000|  0%| F|  |TAMS 0x00000000eca00000, 0x00000000eca00000| Untracked 
| 203|0x00000000ecb00000, 0x00000000ecb00000, 0x00000000ecc00000|  0%| F|  |TAMS 0x00000000ecb00000, 0x00000000ecb00000| Untracked 
| 204|0x00000000ecc00000, 0x00000000ecc00000, 0x00000000ecd00000|  0%| F|  |TAMS 0x00000000ecc00000, 0x00000000ecc00000| Untracked 
| 205|0x00000000ecd00000, 0x00000000ecd00000, 0x00000000ece00000|  0%| F|  |TAMS 0x00000000ecd00000, 0x00000000ecd00000| Untracked 
| 206|0x00000000ece00000, 0x00000000ece00000, 0x00000000ecf00000|  0%| F|  |TAMS 0x00000000ece00000, 0x00000000ece00000| Untracked 
| 207|0x00000000ecf00000, 0x00000000ecf00000, 0x00000000ed000000|  0%| F|  |TAMS 0x00000000ecf00000, 0x00000000ecf00000| Untracked 
| 208|0x00000000ed000000, 0x00000000ed000000, 0x00000000ed100000|  0%| F|  |TAMS 0x00000000ed000000, 0x00000000ed000000| Untracked 
| 209|0x00000000ed100000, 0x00000000ed100000, 0x00000000ed200000|  0%| F|  |TAMS 0x00000000ed100000, 0x00000000ed100000| Untracked 
| 210|0x00000000ed200000, 0x00000000ed200000, 0x00000000ed300000|  0%| F|  |TAMS 0x00000000ed200000, 0x00000000ed200000| Untracked 
| 211|0x00000000ed300000, 0x00000000ed300000, 0x00000000ed400000|  0%| F|  |TAMS 0x00000000ed300000, 0x00000000ed300000| Untracked 
| 212|0x00000000ed400000, 0x00000000ed400000, 0x00000000ed500000|  0%| F|  |TAMS 0x00000000ed400000, 0x00000000ed400000| Untracked 
| 213|0x00000000ed500000, 0x00000000ed500000, 0x00000000ed600000|  0%| F|  |TAMS 0x00000000ed500000, 0x00000000ed500000| Untracked 
| 214|0x00000000ed600000, 0x00000000ed600000, 0x00000000ed700000|  0%| F|  |TAMS 0x00000000ed600000, 0x00000000ed600000| Untracked 
| 215|0x00000000ed700000, 0x00000000ed700000, 0x00000000ed800000|  0%| F|  |TAMS 0x00000000ed700000, 0x00000000ed700000| Untracked 
| 216|0x00000000ed800000, 0x00000000ed900000, 0x00000000ed900000|100%| E|  |TAMS 0x00000000ed800000, 0x00000000ed800000| Complete 
| 217|0x00000000ed900000, 0x00000000eda00000, 0x00000000eda00000|100%| E|CS|TAMS 0x00000000ed900000, 0x00000000ed900000| Complete 
| 218|0x00000000eda00000, 0x00000000edb00000, 0x00000000edb00000|100%| E|CS|TAMS 0x00000000eda00000, 0x00000000eda00000| Complete 
| 219|0x00000000edb00000, 0x00000000edc00000, 0x00000000edc00000|100%| E|CS|TAMS 0x00000000edb00000, 0x00000000edb00000| Complete 
| 220|0x00000000edc00000, 0x00000000edd00000, 0x00000000edd00000|100%| E|CS|TAMS 0x00000000edc00000, 0x00000000edc00000| Complete 
| 221|0x00000000edd00000, 0x00000000ede00000, 0x00000000ede00000|100%| E|CS|TAMS 0x00000000edd00000, 0x00000000edd00000| Complete 
| 222|0x00000000ede00000, 0x00000000edf00000, 0x00000000edf00000|100%| E|CS|TAMS 0x00000000ede00000, 0x00000000ede00000| Complete 
| 223|0x00000000edf00000, 0x00000000ee000000, 0x00000000ee000000|100%| E|CS|TAMS 0x00000000edf00000, 0x00000000edf00000| Complete 
| 224|0x00000000ee000000, 0x00000000ee100000, 0x00000000ee100000|100%| E|CS|TAMS 0x00000000ee000000, 0x00000000ee000000| Complete 
| 225|0x00000000ee100000, 0x00000000ee200000, 0x00000000ee200000|100%| E|CS|TAMS 0x00000000ee100000, 0x00000000ee100000| Complete 
| 226|0x00000000ee200000, 0x00000000ee300000, 0x00000000ee300000|100%| E|CS|TAMS 0x00000000ee200000, 0x00000000ee200000| Complete 
| 227|0x00000000ee300000, 0x00000000ee400000, 0x00000000ee400000|100%| E|CS|TAMS 0x00000000ee300000, 0x00000000ee300000| Complete 
| 228|0x00000000ee400000, 0x00000000ee500000, 0x00000000ee500000|100%| E|CS|TAMS 0x00000000ee400000, 0x00000000ee400000| Complete 
| 229|0x00000000ee500000, 0x00000000ee600000, 0x00000000ee600000|100%| E|CS|TAMS 0x00000000ee500000, 0x00000000ee500000| Complete 
| 230|0x00000000ee600000, 0x00000000ee700000, 0x00000000ee700000|100%| E|CS|TAMS 0x00000000ee600000, 0x00000000ee600000| Complete 
| 231|0x00000000ee700000, 0x00000000ee800000, 0x00000000ee800000|100%| E|CS|TAMS 0x00000000ee700000, 0x00000000ee700000| Complete 
| 232|0x00000000ee800000, 0x00000000ee900000, 0x00000000ee900000|100%| E|CS|TAMS 0x00000000ee800000, 0x00000000ee800000| Complete 
| 233|0x00000000ee900000, 0x00000000eea00000, 0x00000000eea00000|100%| E|CS|TAMS 0x00000000ee900000, 0x00000000ee900000| Complete 
| 234|0x00000000eea00000, 0x00000000eeb00000, 0x00000000eeb00000|100%| E|CS|TAMS 0x00000000eea00000, 0x00000000eea00000| Complete 
| 235|0x00000000eeb00000, 0x00000000eec00000, 0x00000000eec00000|100%| E|CS|TAMS 0x00000000eeb00000, 0x00000000eeb00000| Complete 
| 236|0x00000000eec00000, 0x00000000eed00000, 0x00000000eed00000|100%| E|CS|TAMS 0x00000000eec00000, 0x00000000eec00000| Complete 
| 237|0x00000000eed00000, 0x00000000eee00000, 0x00000000eee00000|100%| E|CS|TAMS 0x00000000eed00000, 0x00000000eed00000| Complete 
| 238|0x00000000eee00000, 0x00000000eef00000, 0x00000000eef00000|100%| E|CS|TAMS 0x00000000eee00000, 0x00000000eee00000| Complete 
| 239|0x00000000eef00000, 0x00000000ef000000, 0x00000000ef000000|100%| E|CS|TAMS 0x00000000eef00000, 0x00000000eef00000| Complete 
| 240|0x00000000ef000000, 0x00000000ef100000, 0x00000000ef100000|100%| E|CS|TAMS 0x00000000ef000000, 0x00000000ef000000| Complete 
| 241|0x00000000ef100000, 0x00000000ef200000, 0x00000000ef200000|100%| E|CS|TAMS 0x00000000ef100000, 0x00000000ef100000| Complete 
| 242|0x00000000ef200000, 0x00000000ef300000, 0x00000000ef300000|100%| E|CS|TAMS 0x00000000ef200000, 0x00000000ef200000| Complete 
| 243|0x00000000ef300000, 0x00000000ef400000, 0x00000000ef400000|100%| E|CS|TAMS 0x00000000ef300000, 0x00000000ef300000| Complete 
| 244|0x00000000ef400000, 0x00000000ef500000, 0x00000000ef500000|100%| E|CS|TAMS 0x00000000ef400000, 0x00000000ef400000| Complete 
| 245|0x00000000ef500000, 0x00000000ef600000, 0x00000000ef600000|100%| E|CS|TAMS 0x00000000ef500000, 0x00000000ef500000| Complete 
| 246|0x00000000ef600000, 0x00000000ef700000, 0x00000000ef700000|100%| E|CS|TAMS 0x00000000ef600000, 0x00000000ef600000| Complete 
| 247|0x00000000ef700000, 0x00000000ef800000, 0x00000000ef800000|100%| E|CS|TAMS 0x00000000ef700000, 0x00000000ef700000| Complete 
| 248|0x00000000ef800000, 0x00000000ef900000, 0x00000000ef900000|100%| E|CS|TAMS 0x00000000ef800000, 0x00000000ef800000| Complete 
| 249|0x00000000ef900000, 0x00000000efa00000, 0x00000000efa00000|100%| E|CS|TAMS 0x00000000ef900000, 0x00000000ef900000| Complete 
| 250|0x00000000efa00000, 0x00000000efb00000, 0x00000000efb00000|100%| E|CS|TAMS 0x00000000efa00000, 0x00000000efa00000| Complete 
| 251|0x00000000efb00000, 0x00000000efc00000, 0x00000000efc00000|100%| E|CS|TAMS 0x00000000efb00000, 0x00000000efb00000| Complete 
| 252|0x00000000efc00000, 0x00000000efd00000, 0x00000000efd00000|100%| E|CS|TAMS 0x00000000efc00000, 0x00000000efc00000| Complete 
| 253|0x00000000efd00000, 0x00000000efe00000, 0x00000000efe00000|100%| E|CS|TAMS 0x00000000efd00000, 0x00000000efd00000| Complete 
| 254|0x00000000efe00000, 0x00000000eff00000, 0x00000000eff00000|100%| E|CS|TAMS 0x00000000efe00000, 0x00000000efe00000| Complete 
| 255|0x00000000eff00000, 0x00000000f0000000, 0x00000000f0000000|100%| E|CS|TAMS 0x00000000eff00000, 0x00000000eff00000| Complete 

Card table byte_map: [0x00000158f90b0000,0x00000158f91b0000] _byte_map_base: 0x00000158f89b0000

Marking Bits (Prev, Next): (CMBitMap*) 0x00000158e154b340, (CMBitMap*) 0x00000158e154b308
 Prev Bits: [0x00000158f9ab0000, 0x00000158fa2b0000)
 Next Bits: [0x00000158f92b0000, 0x00000158f9ab0000)

Polling page: 0x00000158e0d00000

Metaspace:

Usage:
  Non-class:     55.25 MB capacity,    53.82 MB ( 97%) used,     1.23 MB (  2%) free+waste,   207.56 KB ( <1%) overhead. 
      Class:      8.93 MB capacity,     8.15 MB ( 91%) used,   702.52 KB (  8%) free+waste,   100.94 KB (  1%) overhead. 
       Both:     64.18 MB capacity,    61.97 MB ( 97%) used,     1.91 MB (  3%) free+waste,   308.50 KB ( <1%) overhead. 

Virtual space:
  Non-class space:       56.00 MB reserved,      55.33 MB ( 99%) committed 
      Class space:      248.00 MB reserved,       9.00 MB (  4%) committed 
             Both:      304.00 MB reserved,      64.33 MB ( 21%) committed 

Chunk freelists:
   Non-Class:  15.00 KB
       Class:  8.00 KB
        Both:  23.00 KB

MaxMetaspaceSize: 256.00 MB
CompressedClassSpaceSize: 248.00 MB
Initial GC threshold: 20.80 MB
Current GC threshold: 95.34 MB
CDS: off

CodeHeap 'non-profiled nmethods': size=120000Kb used=2761Kb max_used=2761Kb free=117238Kb
 bounds [0x00000158f1750000, 0x00000158f1a10000, 0x00000158f8c80000]
CodeHeap 'profiled nmethods': size=120000Kb used=12757Kb max_used=12757Kb free=107242Kb
 bounds [0x00000158ea220000, 0x00000158eaea0000, 0x00000158f1750000]
CodeHeap 'non-nmethods': size=5760Kb used=2335Kb max_used=2380Kb free=3424Kb
 bounds [0x00000158e9c80000, 0x00000158e9ef0000, 0x00000158ea220000]
 total_blobs=6559 nmethods=5719 adapters=752
 compilation: enabled
              stopped_count=0, restarted_count=0
 full_count=0

Compilation events (20 events):
Event: 17.977 Thread 0x00000158fd63e800 5782       2       io.spring.gradle.dependencymanagement.org.codehaus.plexus.util.xml.pull.MXParser::getAttributeCount (15 bytes)
Event: 17.977 Thread 0x00000158fd63e800 nmethod 5782 0x00000158eae75d90 code [0x00000158eae75f40, 0x00000158eae76058]
Event: 17.977 Thread 0x00000158fd63e800 5779       2       java.nio.HeapByteBuffer::compact (85 bytes)
Event: 17.978 Thread 0x00000158fd63e800 nmethod 5779 0x00000158eae76110 code [0x00000158eae762e0, 0x00000158eae76528]
Event: 17.978 Thread 0x00000158fd63e800 5785       2       io.spring.gradle.dependencymanagement.org.apache.maven.model.Dependency::getManagementKey (79 bytes)
Event: 17.979 Thread 0x00000158fd63e800 nmethod 5785 0x00000158eae76610 code [0x00000158eae76880, 0x00000158eae76ef8]
Event: 18.008 Thread 0x00000158fd63e800 5786       2       io.spring.gradle.dependencymanagement.org.codehaus.plexus.util.xml.pull.MXParser::defineEntityReplacementText (200 bytes)
Event: 18.010 Thread 0x00000158fd63e800 nmethod 5786 0x00000158eae77210 code [0x00000158eae774e0, 0x00000158eae784e8]
Event: 18.010 Thread 0x00000158fd63e800 5787       2       io.spring.gradle.dependencymanagement.org.codehaus.plexus.util.xml.pull.MXParser::ensureEntityCapacity (199 bytes)
Event: 18.011 Thread 0x00000158fd63e800 nmethod 5787 0x00000158eae78e10 code [0x00000158eae79040, 0x00000158eae79a88]
Event: 18.011 Thread 0x00000158fd63e800 5788       2       io.spring.gradle.dependencymanagement.org.codehaus.plexus.util.xml.pull.MXParser::fastHash (63 bytes)
Event: 18.012 Thread 0x00000158fd63e800 nmethod 5788 0x00000158eae79d10 code [0x00000158eae79ec0, 0x00000158eae7a0d8]
Event: 18.060 Thread 0x00000158fd63d800 nmethod 5585% 0x00000158f19f5610 code [0x00000158f19f5c80, 0x00000158f19fcc70]
Event: 18.061 Thread 0x00000158fd63d800 5589       4       org.objectweb.asm.Frame::execute (2318 bytes)
Event: 18.108 Thread 0x00000158fd63e800 5789   !   2       io.spring.gradle.dependencymanagement.org.apache.maven.model.Dependency::clone (137 bytes)
Event: 18.110 Thread 0x00000158fd63e800 nmethod 5789 0x00000158eae7a290 code [0x00000158eae7a540, 0x00000158eae7ae68]
Event: 18.204 Thread 0x00000158fd63e800 5790       2       java.lang.reflect.Field::getFieldAccessor (35 bytes)
Event: 18.205 Thread 0x00000158fd63e800 nmethod 5790 0x00000158eae7b490 code [0x00000158eae7b640, 0x00000158eae7b788]
Event: 18.205 Thread 0x00000158fd63e800 5791       2       java.lang.reflect.Field::get (29 bytes)
Event: 18.205 Thread 0x00000158fd63e800 nmethod 5791 0x00000158eae7b810 code [0x00000158eae7b9e0, 0x00000158eae7bc18]

GC Heap History (16 events):
Event: 1.465 GC heap before
{Heap before GC invocations=0 (full 0):
 garbage-first heap   total 262144K, used 29696K [0x00000000e0000000, 0x0000000100000000)
  region size 1024K, 24 young (24576K), 0 survivors (0K)
 Metaspace       used 10030K, capacity 10267K, committed 10368K, reserved 264192K
  class space    used 1012K, capacity 1103K, committed 1152K, reserved 253952K
}
Event: 1.475 GC heap after
{Heap after GC invocations=1 (full 0):
 garbage-first heap   total 262144K, used 9601K [0x00000000e0000000, 0x0000000100000000)
  region size 1024K, 3 young (3072K), 3 survivors (3072K)
 Metaspace       used 10030K, capacity 10267K, committed 10368K, reserved 264192K
  class space    used 1012K, capacity 1103K, committed 1152K, reserved 253952K
}
Event: 5.677 GC heap before
{Heap before GC invocations=1 (full 0):
 garbage-first heap   total 262144K, used 103809K [0x00000000e0000000, 0x0000000100000000)
  region size 1024K, 95 young (97280K), 3 survivors (3072K)
 Metaspace       used 20693K, capacity 21131K, committed 21296K, reserved 274432K
  class space    used 2485K, capacity 2633K, committed 2688K, reserved 253952K
}
Event: 5.689 GC heap after
{Heap after GC invocations=2 (full 0):
 garbage-first heap   total 262144K, used 16872K [0x00000000e0000000, 0x0000000100000000)
  region size 1024K, 11 young (11264K), 11 survivors (11264K)
 Metaspace       used 20693K, capacity 21131K, committed 21296K, reserved 274432K
  class space    used 2485K, capacity 2633K, committed 2688K, reserved 253952K
}
Event: 6.660 GC heap before
{Heap before GC invocations=3 (full 0):
 garbage-first heap   total 262144K, used 80360K [0x00000000e0000000, 0x0000000100000000)
  region size 1024K, 73 young (74752K), 11 survivors (11264K)
 Metaspace       used 27330K, capacity 28058K, committed 28208K, reserved 278528K
  class space    used 3570K, capacity 3850K, committed 3968K, reserved 253952K
}
Event: 6.674 GC heap after
{Heap after GC invocations=4 (full 0):
 garbage-first heap   total 262144K, used 20008K [0x00000000e0000000, 0x0000000100000000)
  region size 1024K, 3 young (3072K), 3 survivors (3072K)
 Metaspace       used 27330K, capacity 28058K, committed 28208K, reserved 278528K
  class space    used 3570K, capacity 3850K, committed 3968K, reserved 253952K
}
Event: 8.516 GC heap before
{Heap before GC invocations=4 (full 0):
 garbage-first heap   total 262144K, used 127528K [0x00000000e0000000, 0x0000000100000000)
  region size 1024K, 82 young (83968K), 3 survivors (3072K)
 Metaspace       used 34705K, capacity 35774K, committed 35920K, reserved 286720K
  class space    used 4654K, capacity 5032K, committed 5120K, reserved 253952K
}
Event: 8.527 GC heap after
{Heap after GC invocations=5 (full 0):
 garbage-first heap   total 262144K, used 55938K [0x00000000e0000000, 0x0000000100000000)
  region size 1024K, 10 young (10240K), 10 survivors (10240K)
 Metaspace       used 34705K, capacity 35774K, committed 35920K, reserved 286720K
  class space    used 4654K, capacity 5032K, committed 5120K, reserved 253952K
}
Event: 11.722 GC heap before
{Heap before GC invocations=6 (full 0):
 garbage-first heap   total 262144K, used 189058K [0x00000000e0000000, 0x0000000100000000)
  region size 1024K, 116 young (118784K), 10 survivors (10240K)
 Metaspace       used 45247K, capacity 46615K, committed 46928K, reserved 294912K
  class space    used 5788K, capacity 6309K, committed 6400K, reserved 253952K
}
Event: 11.745 GC heap after
{Heap after GC invocations=7 (full 0):
 garbage-first heap   total 262144K, used 86947K [0x00000000e0000000, 0x0000000100000000)
  region size 1024K, 15 young (15360K), 15 survivors (15360K)
 Metaspace       used 45247K, capacity 46615K, committed 46928K, reserved 294912K
  class space    used 5788K, capacity 6309K, committed 6400K, reserved 253952K
}
Event: 14.148 GC heap before
{Heap before GC invocations=7 (full 0):
 garbage-first heap   total 262144K, used 202659K [0x00000000e0000000, 0x0000000100000000)
  region size 1024K, 120 young (122880K), 15 survivors (15360K)
 Metaspace       used 54600K, capacity 56347K, committed 56528K, reserved 303104K
  class space    used 7095K, capacity 7759K, committed 7808K, reserved 253952K
}
Event: 14.168 GC heap after
{Heap after GC invocations=8 (full 0):
 garbage-first heap   total 262144K, used 101677K [0x00000000e0000000, 0x0000000100000000)
  region size 1024K, 7 young (7168K), 7 survivors (7168K)
 Metaspace       used 54600K, capacity 56347K, committed 56528K, reserved 303104K
  class space    used 7095K, capacity 7759K, committed 7808K, reserved 253952K
}
Event: 15.510 GC heap before
{Heap before GC invocations=8 (full 0):
 garbage-first heap   total 262144K, used 168237K [0x00000000e0000000, 0x0000000100000000)
  region size 1024K, 52 young (53248K), 7 survivors (7168K)
 Metaspace       used 56614K, capacity 58462K, committed 58576K, reserved 305152K
  class space    used 7375K, capacity 8052K, committed 8064K, reserved 253952K
}
Event: 15.519 GC heap after
{Heap after GC invocations=9 (full 0):
 garbage-first heap   total 262144K, used 128187K [0x00000000e0000000, 0x0000000100000000)
  region size 1024K, 12 young (12288K), 12 survivors (12288K)
 Metaspace       used 56614K, capacity 58462K, committed 58576K, reserved 305152K
  class space    used 7375K, capacity 8052K, committed 8064K, reserved 253952K
}
Event: 16.616 GC heap before
{Heap before GC invocations=10 (full 0):
 garbage-first heap   total 262144K, used 215227K [0x00000000e0000000, 0x0000000100000000)
  region size 1024K, 91 young (93184K), 12 survivors (12288K)
 Metaspace       used 60195K, capacity 62300K, committed 62544K, reserved 309248K
  class space    used 7925K, capacity 8678K, committed 8704K, reserved 253952K
}
Event: 16.630 GC heap after
{Heap after GC invocations=11 (full 0):
 garbage-first heap   total 262144K, used 139618K [0x00000000e0000000, 0x0000000100000000)
  region size 1024K, 10 young (10240K), 10 survivors (10240K)
 Metaspace       used 60195K, capacity 62300K, committed 62544K, reserved 309248K
  class space    used 7925K, capacity 8678K, committed 8704K, reserved 253952K
}

Deoptimization events (20 events):
Event: 17.800 Thread 0x000001588f8aa800 DEOPT PACKING pc=0x00000158f19aec20 sp=0x00000001022f8dc0
Event: 17.800 Thread 0x000001588f8aa800 DEOPT UNPACKING pc=0x00000158e9cca1af sp=0x00000001022f8d50 mode 2
Event: 17.800 Thread 0x000001588f8aa800 Uncommon trap: trap_request=0xffffffde fr.pc=0x00000158f19aec20 relative=0x0000000000000160
Event: 17.800 Thread 0x000001588f8aa800 Uncommon trap: reason=class_check action=maybe_recompile pc=0x00000158f19aec20 method=java.util.regex.Pattern$BmpCharProperty.match(Ljava/util/regex/Matcher;ILjava/lang/CharSequence;)Z @ 14 c2
Event: 17.800 Thread 0x000001588f8aa800 DEOPT PACKING pc=0x00000158f19aec20 sp=0x00000001022f8b80
Event: 17.800 Thread 0x000001588f8aa800 DEOPT UNPACKING pc=0x00000158e9cca1af sp=0x00000001022f8b10 mode 2
Event: 17.800 Thread 0x000001588f8aa800 Uncommon trap: trap_request=0xffffffde fr.pc=0x00000158f19aec20 relative=0x0000000000000160
Event: 17.800 Thread 0x000001588f8aa800 Uncommon trap: reason=class_check action=maybe_recompile pc=0x00000158f19aec20 method=java.util.regex.Pattern$BmpCharProperty.match(Ljava/util/regex/Matcher;ILjava/lang/CharSequence;)Z @ 14 c2
Event: 17.801 Thread 0x000001588f8aa800 DEOPT PACKING pc=0x00000158f19aec20 sp=0x00000001022f89d0
Event: 17.801 Thread 0x000001588f8aa800 DEOPT UNPACKING pc=0x00000158e9cca1af sp=0x00000001022f8960 mode 2
Event: 17.957 Thread 0x000001588f8aa800 DEOPT PACKING pc=0x00000158eae3ba6c sp=0x00000001022f8de0
Event: 17.957 Thread 0x000001588f8aa800 DEOPT UNPACKING pc=0x00000158e9cca95e sp=0x00000001022f8398 mode 0
Event: 18.005 Thread 0x000001588f8aa800 Uncommon trap: trap_request=0xffffffde fr.pc=0x00000158f18d71e8 relative=0x0000000000000208
Event: 18.005 Thread 0x000001588f8aa800 Uncommon trap: reason=class_check action=maybe_recompile pc=0x00000158f18d71e8 method=java.util.regex.Matcher.getTextLength()I @ 4 c2
Event: 18.005 Thread 0x000001588f8aa800 DEOPT PACKING pc=0x00000158f18d71e8 sp=0x00000001022f8fc0
Event: 18.005 Thread 0x000001588f8aa800 DEOPT UNPACKING pc=0x00000158e9cca1af sp=0x00000001022f8ee8 mode 2
Event: 18.006 Thread 0x000001588f8aa800 Uncommon trap: trap_request=0xffffffde fr.pc=0x00000158f19aec20 relative=0x0000000000000160
Event: 18.006 Thread 0x000001588f8aa800 Uncommon trap: reason=class_check action=maybe_recompile pc=0x00000158f19aec20 method=java.util.regex.Pattern$BmpCharProperty.match(Ljava/util/regex/Matcher;ILjava/lang/CharSequence;)Z @ 14 c2
Event: 18.007 Thread 0x000001588f8aa800 DEOPT PACKING pc=0x00000158f19aec20 sp=0x00000001022f8d80
Event: 18.007 Thread 0x000001588f8aa800 DEOPT UNPACKING pc=0x00000158e9cca1af sp=0x00000001022f8d10 mode 2

Classes redefined (0 events):
No events

Internal exceptions (20 events):
Event: 16.150 Thread 0x000001588fbf7800 Exception <a 'java/lang/NoSuchMethodError'{0x00000000eec1ca48}: <clinit>> (0x00000000eec1ca48) thrown at [./src/hotspot/share/prims/jni.cpp, line 1367]
Event: 16.153 Thread 0x000001588fbf7800 Exception <a 'java/lang/NoSuchMethodError'{0x00000000eec36a48}: <clinit>> (0x00000000eec36a48) thrown at [./src/hotspot/share/prims/jni.cpp, line 1367]
Event: 16.153 Thread 0x000001588fbf7800 Exception <a 'java/lang/NoSuchMethodError'{0x00000000eec37f60}: <clinit>> (0x00000000eec37f60) thrown at [./src/hotspot/share/prims/jni.cpp, line 1367]
Event: 16.154 Thread 0x000001588fbf7800 Exception <a 'java/lang/NoSuchMethodError'{0x00000000eec39668}: <clinit>> (0x00000000eec39668) thrown at [./src/hotspot/share/prims/jni.cpp, line 1367]
Event: 16.180 Thread 0x0000015893374800 Exception <a 'java/lang/NoSuchMethodError'{0x00000000eece2738}: <clinit>> (0x00000000eece2738) thrown at [./src/hotspot/share/prims/jni.cpp, line 1367]
Event: 16.181 Thread 0x0000015893374800 Implicit null exception at 0x00000158f1931aba to 0x00000158f19321d8
Event: 17.415 Thread 0x000001588f8aa800 Exception <a 'java/lang/ClassNotFoundException'{0x00000000eec08430}: org/gradle/api/tasks/testing/Test_DecoratedBeanInfo> (0x00000000eec08430) thrown at [./src/hotspot/share/classfile/systemDictionary.cpp, line 230]
Event: 17.416 Thread 0x000001588f8aa800 Exception <a 'java/lang/ClassNotFoundException'{0x00000000eec28cb0}: org/gradle/api/tasks/testing/TestBeanInfo> (0x00000000eec28cb0) thrown at [./src/hotspot/share/classfile/systemDictionary.cpp, line 230]
Event: 17.417 Thread 0x000001588f8aa800 Exception <a 'java/lang/ClassNotFoundException'{0x00000000eec4b208}: org/gradle/api/tasks/testing/TestCustomizer> (0x00000000eec4b208) thrown at [./src/hotspot/share/classfile/systemDictionary.cpp, line 230]
Event: 17.425 Thread 0x000001588f8aa800 Exception <a 'java/lang/ClassNotFoundException'{0x00000000eeb01168}: org/gradle/api/tasks/testing/Test_DecoratedCustomizer> (0x00000000eeb01168) thrown at [./src/hotspot/share/classfile/systemDictionary.cpp, line 230]
Event: 17.526 Thread 0x0000015893374800 Exception <a 'java/lang/NoSuchMethodError'{0x00000000ee450178}: <clinit>> (0x00000000ee450178) thrown at [./src/hotspot/share/prims/jni.cpp, line 1367]
Event: 17.527 Thread 0x0000015893374800 Exception <a 'java/lang/NoSuchMethodError'{0x00000000ee4591c0}: <clinit>> (0x00000000ee4591c0) thrown at [./src/hotspot/share/prims/jni.cpp, line 1367]
Event: 17.546 Thread 0x000001588f8aa800 Exception <a 'java/lang/ClassNotFoundException'{0x00000000ee2eca60}: org/gradle/api/internal/tasks/DefaultSourceSetContainer_DecoratedBeanInfo> (0x00000000ee2eca60) thrown at [./src/hotspot/share/classfile/systemDictionary.cpp, line 230]
Event: 17.547 Thread 0x000001588f8aa800 Exception <a 'java/lang/ClassNotFoundException'{0x00000000ee10fc90}: org/gradle/api/internal/tasks/DefaultSourceSetContainerBeanInfo> (0x00000000ee10fc90) thrown at [./src/hotspot/share/classfile/systemDictionary.cpp, line 230]
Event: 17.547 Thread 0x000001588f8aa800 Exception <a 'java/lang/ClassNotFoundException'{0x00000000ee132a78}: org/gradle/api/internal/tasks/DefaultSourceSetContainerCustomizer> (0x00000000ee132a78) thrown at [./src/hotspot/share/classfile/systemDictionary.cpp, line 230]
Event: 17.549 Thread 0x000001588f8aa800 Exception <a 'java/lang/ClassNotFoundException'{0x00000000ee1647b0}: org/gradle/api/internal/tasks/DefaultSourceSetContainer_DecoratedCustomizer> (0x00000000ee1647b0) thrown at [./src/hotspot/share/classfile/systemDictionary.cpp, line 230]
Event: 17.554 Thread 0x000001588f8aa800 Exception <a 'java/lang/ClassNotFoundException'{0x00000000ee1c5ea0}: org/jetbrains/plugins/gradle/tooling/tasks/DependenciesReport$ProjectNameFunctionBeanInfo> (0x00000000ee1c5ea0) thrown at [./src/hotspot/share/classfile/systemDictionary.cpp, line 230]
Event: 17.555 Thread 0x000001588f8aa800 Exception <a 'java/lang/ClassNotFoundException'{0x00000000ee1d8ba8}: org/jetbrains/plugins/gradle/tooling/tasks/DependenciesReport$ProjectNameFunctionCustomizer> (0x00000000ee1d8ba8) thrown at [./src/hotspot/share/classfile/systemDictionary.cpp, line 230]
Event: 17.560 Thread 0x000001588f8aa800 Exception <a 'java/lang/ClassNotFoundException'{0x00000000ee021290}: org/jetbrains/plugins/gradle/tooling/tasks/DependenciesReport$ReportGenerator$IdGeneratorBeanInfo> (0x00000000ee021290) thrown at [./src/hotspot/share/classfile/systemDictionary.cpp, line 230]
Event: 17.560 Thread 0x000001588f8aa800 Exception <a 'java/lang/ClassNotFoundException'{0x00000000ee034a80}: org/jetbrains/plugins/gradle/tooling/tasks/DependenciesReport$ReportGenerator$IdGeneratorCustomizer> (0x00000000ee034a80) thrown at [./src/hotspot/share/classfile/systemDictionary.cpp, line 230]

Events (20 events):
Event: 18.196 loading class io/spring/gradle/dependencymanagement/org/apache/maven/model/IssueManagement
Event: 18.196 loading class io/spring/gradle/dependencymanagement/org/apache/maven/model/IssueManagement done
Event: 18.197 loading class io/spring/gradle/dependencymanagement/org/apache/maven/model/CiManagement
Event: 18.197 loading class io/spring/gradle/dependencymanagement/org/apache/maven/model/CiManagement done
Event: 18.199 loading class io/spring/gradle/dependencymanagement/org/apache/maven/model/DistributionManagement
Event: 18.199 loading class io/spring/gradle/dependencymanagement/org/apache/maven/model/DistributionManagement done
Event: 18.205 loading class io/spring/gradle/dependencymanagement/org/codehaus/plexus/interpolation/util/ValueSourceUtils
Event: 18.205 loading class io/spring/gradle/dependencymanagement/org/codehaus/plexus/interpolation/util/ValueSourceUtils done
Event: 18.207 loading class io/spring/gradle/dependencymanagement/org/codehaus/plexus/interpolation/reflection/ReflectionValueExtractor
Event: 18.207 loading class io/spring/gradle/dependencymanagement/org/codehaus/plexus/interpolation/reflection/ReflectionValueExtractor done
Event: 18.208 loading class io/spring/gradle/dependencymanagement/org/codehaus/plexus/interpolation/reflection/ClassMap
Event: 18.208 loading class io/spring/gradle/dependencymanagement/org/codehaus/plexus/interpolation/reflection/ClassMap done
Event: 18.210 loading class io/spring/gradle/dependencymanagement/org/codehaus/plexus/interpolation/reflection/MethodMap$AmbiguousException
Event: 18.210 loading class io/spring/gradle/dependencymanagement/org/codehaus/plexus/interpolation/reflection/MethodMap$AmbiguousException done
Event: 18.211 loading class io/spring/gradle/dependencymanagement/org/codehaus/plexus/interpolation/reflection/ClassMap$MethodInfo
Event: 18.211 loading class io/spring/gradle/dependencymanagement/org/codehaus/plexus/interpolation/reflection/ClassMap$MethodInfo done
Event: 18.213 loading class io/spring/gradle/dependencymanagement/org/codehaus/plexus/interpolation/reflection/ClassMap$CacheMiss
Event: 18.213 loading class io/spring/gradle/dependencymanagement/org/codehaus/plexus/interpolation/reflection/ClassMap$CacheMiss done
Event: 18.213 loading class io/spring/gradle/dependencymanagement/org/codehaus/plexus/interpolation/reflection/MethodMap
Event: 18.213 loading class io/spring/gradle/dependencymanagement/org/codehaus/plexus/interpolation/reflection/MethodMap done


Dynamic libraries:
0x00007ff627930000 - 0x00007ff62793d000 	C:\Users\kinal\.jdks\corretto-11.0.16\bin\java.exe
0x00007fff55720000 - 0x00007fff55929000 	C:\WINDOWS\SYSTEM32\ntdll.dll
0x00007fff54ad0000 - 0x00007fff54b8d000 	C:\WINDOWS\System32\KERNEL32.DLL
0x00007fff52ec0000 - 0x00007fff5323d000 	C:\WINDOWS\System32\KERNELBASE.dll
0x00007fff53490000 - 0x00007fff535a1000 	C:\WINDOWS\System32\ucrtbase.dll
0x00007fff383d0000 - 0x00007fff383e7000 	C:\Users\kinal\.jdks\corretto-11.0.16\bin\jli.dll
0x00007fff381a0000 - 0x00007fff381b9000 	C:\Users\kinal\.jdks\corretto-11.0.16\bin\VCRUNTIME140.dll
0x00007fff548c0000 - 0x00007fff54a6d000 	C:\WINDOWS\System32\USER32.dll
0x00007fff37e10000 - 0x00007fff380b5000 	C:\WINDOWS\WinSxS\amd64_microsoft.windows.common-controls_6595b64144ccf1df_6.0.22000.120_none_9d947278b86cc467\COMCTL32.dll
0x00007fff52df0000 - 0x00007fff52e16000 	C:\WINDOWS\System32\win32u.dll
0x00007fff54e00000 - 0x00007fff54ea3000 	C:\WINDOWS\System32\msvcrt.dll
0x00007fff54c40000 - 0x00007fff54c69000 	C:\WINDOWS\System32\GDI32.dll
0x00007fff53300000 - 0x00007fff53418000 	C:\WINDOWS\System32\gdi32full.dll
0x00007fff52e20000 - 0x00007fff52ebd000 	C:\WINDOWS\System32\msvcp_win.dll
0x00007fff54a90000 - 0x00007fff54ac1000 	C:\WINDOWS\System32\IMM32.DLL
0x00007fff18280000 - 0x00007fff1831b000 	C:\Users\kinal\.jdks\corretto-11.0.16\bin\msvcp140.dll
0x00007fff01cb0000 - 0x00007fff02834000 	C:\Users\kinal\.jdks\corretto-11.0.16\bin\server\jvm.dll
0x00007fff54b90000 - 0x00007fff54c3e000 	C:\WINDOWS\System32\ADVAPI32.dll
0x00007fff542b0000 - 0x00007fff5434e000 	C:\WINDOWS\System32\sechost.dll
0x00007fff55520000 - 0x00007fff55640000 	C:\WINDOWS\System32\RPCRT4.dll
0x00007fff53830000 - 0x00007fff53838000 	C:\WINDOWS\System32\PSAPI.DLL
0x00007fff3d9a0000 - 0x00007fff3d9a9000 	C:\WINDOWS\SYSTEM32\WSOCK32.dll
0x00007fff47f40000 - 0x00007fff47f4a000 	C:\WINDOWS\SYSTEM32\VERSION.dll
0x00007fff48010000 - 0x00007fff48043000 	C:\WINDOWS\SYSTEM32\WINMM.dll
0x00007fff55310000 - 0x00007fff5537f000 	C:\WINDOWS\System32\WS2_32.dll
0x00007fff51df0000 - 0x00007fff51e08000 	C:\WINDOWS\SYSTEM32\kernel.appcore.dll
0x00007fff386e0000 - 0x00007fff386f0000 	C:\Users\kinal\.jdks\corretto-11.0.16\bin\verify.dll
0x00007fff4d700000 - 0x00007fff4d921000 	C:\WINDOWS\SYSTEM32\DBGHELP.DLL
0x00007fff3b940000 - 0x00007fff3b971000 	C:\WINDOWS\SYSTEM32\dbgcore.DLL
0x00007fff52d70000 - 0x00007fff52def000 	C:\WINDOWS\System32\bcryptPrimitives.dll
0x00007fff33ef0000 - 0x00007fff33f18000 	C:\Users\kinal\.jdks\corretto-11.0.16\bin\java.dll
0x00007fff384f0000 - 0x00007fff384fa000 	C:\Users\kinal\.jdks\corretto-11.0.16\bin\jimage.dll
0x00007fff37d50000 - 0x00007fff37d68000 	C:\Users\kinal\.jdks\corretto-11.0.16\bin\zip.dll
0x00007fff53a00000 - 0x00007fff541b8000 	C:\WINDOWS\System32\SHELL32.dll
0x00007fff50d80000 - 0x00007fff515e8000 	C:\WINDOWS\SYSTEM32\windows.storage.dll
0x00007fff54eb0000 - 0x00007fff55229000 	C:\WINDOWS\System32\combase.dll
0x00007fff50c10000 - 0x00007fff50d76000 	C:\WINDOWS\SYSTEM32\wintypes.dll
0x00007fff541c0000 - 0x00007fff542aa000 	C:\WINDOWS\System32\SHCORE.dll
0x00007fff536b0000 - 0x00007fff5370d000 	C:\WINDOWS\System32\shlwapi.dll
0x00007fff52b30000 - 0x00007fff52b51000 	C:\WINDOWS\SYSTEM32\profapi.dll
0x00007fff32ad0000 - 0x00007fff32ae9000 	C:\Users\kinal\.jdks\corretto-11.0.16\bin\net.dll
0x00007fff4c340000 - 0x00007fff4c44c000 	C:\WINDOWS\SYSTEM32\WINHTTP.dll
0x00007fff52220000 - 0x00007fff52287000 	C:\WINDOWS\system32\mswsock.dll
0x00007fff30170000 - 0x00007fff30183000 	C:\Users\kinal\.jdks\corretto-11.0.16\bin\nio.dll
0x00007fff34590000 - 0x00007fff345b7000 	C:\Users\kinal\.gradle\native\e1d6ef7f7dcc3fd88c89a11ec53ec762bb8ba0a96d01ffa2cd45eb1d1d8dd5c5\windows-amd64\native-platform.dll
0x00007fff10d00000 - 0x00007fff10e44000 	C:\Users\kinal\.gradle\native\0d407fdbe67a94daf76414ababcb853783967236a71b16ec16e742cd7a986fd3\windows-amd64\native-platform-file-events.dll
0x00007fff32fc0000 - 0x00007fff32fc9000 	C:\Users\kinal\.jdks\corretto-11.0.16\bin\management.dll
0x00007fff31eb0000 - 0x00007fff31ebb000 	C:\Users\kinal\.jdks\corretto-11.0.16\bin\management_ext.dll
0x00007fff52460000 - 0x00007fff52478000 	C:\WINDOWS\SYSTEM32\CRYPTSP.dll
0x00007fff51d50000 - 0x00007fff51d85000 	C:\WINDOWS\system32\rsaenh.dll
0x00007fff52310000 - 0x00007fff52339000 	C:\WINDOWS\SYSTEM32\USERENV.dll
0x00007fff525e0000 - 0x00007fff52607000 	C:\WINDOWS\SYSTEM32\bcrypt.dll
0x00007fff52480000 - 0x00007fff5248c000 	C:\WINDOWS\SYSTEM32\CRYPTBASE.dll
0x00007fff51920000 - 0x00007fff5194d000 	C:\WINDOWS\SYSTEM32\IPHLPAPI.DLL
0x00007fff54cd0000 - 0x00007fff54cd9000 	C:\WINDOWS\System32\NSI.dll
0x00007fff47700000 - 0x00007fff47719000 	C:\WINDOWS\SYSTEM32\dhcpcsvc6.DLL
0x00007fff47fc0000 - 0x00007fff47fde000 	C:\WINDOWS\SYSTEM32\dhcpcsvc.DLL
0x00007fff51990000 - 0x00007fff51a78000 	C:\WINDOWS\SYSTEM32\DNSAPI.dll

dbghelp: loaded successfully - version: 4.0.5 - missing functions: none
symbol engine: initialized successfully - sym options: 0x614 - pdb path: .;C:\Users\kinal\.jdks\corretto-11.0.16\bin;C:\WINDOWS\SYSTEM32;C:\WINDOWS\WinSxS\amd64_microsoft.windows.common-controls_6595b64144ccf1df_6.0.22000.120_none_9d947278b86cc467;C:\Users\kinal\.jdks\corretto-11.0.16\bin\server;C:\Users\kinal\.gradle\native\e1d6ef7f7dcc3fd88c89a11ec53ec762bb8ba0a96d01ffa2cd45eb1d1d8dd5c5\windows-amd64;C:\Users\kinal\.gradle\native\0d407fdbe67a94daf76414ababcb853783967236a71b16ec16e742cd7a986fd3\windows-amd64

VM Arguments:
jvm_args: --add-opens=java.base/java.util=ALL-UNNAMED --add-opens=java.base/java.lang=ALL-UNNAMED --add-opens=java.base/java.lang.invoke=ALL-UNNAMED --add-opens=java.base/java.util=ALL-UNNAMED --add-opens=java.prefs/java.util.prefs=ALL-UNNAMED --add-opens=java.prefs/java.util.prefs=ALL-UNNAMED --add-opens=java.base/java.nio.charset=ALL-UNNAMED --add-opens=java.base/java.net=ALL-UNNAMED --add-opens=java.base/java.util.concurrent.atomic=ALL-UNNAMED -XX:MaxMetaspaceSize=256m -XX:+HeapDumpOnOutOfMemoryError -Xms256m -Xmx512m -Dfile.encoding=UTF-8 -Duser.country=KR -Duser.language=ko -Duser.variant 
java_command: org.gradle.launcher.daemon.bootstrap.GradleDaemon 7.5
java_class_path (initial): C:\Users\kinal\.gradle\wrapper\dists\gradle-7.5-bin\f1w0cc9nuo0eivz97x2xlu9sv\gradle-7.5\lib\gradle-launcher-7.5.jar
Launcher Type: SUN_STANDARD

[Global flags]
     intx CICompilerCount                          = 4                                         {product} {ergonomic}
   size_t CompressedClassSpaceSize                 = 260046848                                 {product} {ergonomic}
     uint ConcGCThreads                            = 2                                         {product} {ergonomic}
     uint G1ConcRefinementThreads                  = 8                                         {product} {ergonomic}
   size_t G1HeapRegionSize                         = 1048576                                   {product} {ergonomic}
    uintx GCDrainStackTargetSize                   = 64                                        {product} {ergonomic}
     bool HeapDumpOnOutOfMemoryError               = true                                   {manageable} {command line}
   size_t InitialHeapSize                          = 268435456                                 {product} {command line}
   size_t MarkStackSize                            = 4194304                                   {product} {ergonomic}
   size_t MaxHeapSize                              = 536870912                                 {product} {command line}
   size_t MaxMetaspaceSize                         = 268435456                                 {product} {command line}
   size_t MaxNewSize                               = 321912832                                 {product} {ergonomic}
   size_t MinHeapDeltaBytes                        = 1048576                                   {product} {ergonomic}
    uintx NonNMethodCodeHeapSize                   = 5836300                                {pd product} {ergonomic}
    uintx NonProfiledCodeHeapSize                  = 122910970                              {pd product} {ergonomic}
    uintx ProfiledCodeHeapSize                     = 122910970                              {pd product} {ergonomic}
    uintx ReservedCodeCacheSize                    = 251658240                              {pd product} {ergonomic}
     bool SegmentedCodeCache                       = true                                      {product} {ergonomic}
     bool UseCompressedClassPointers               = true                                 {lp64_product} {ergonomic}
     bool UseCompressedOops                        = true                                 {lp64_product} {ergonomic}
     bool UseG1GC                                  = true                                      {product} {ergonomic}
     bool UseLargePagesIndividualAllocation        = false                                  {pd product} {ergonomic}

Logging:
Log output configuration:
 #0: stdout all=warning uptime,level,tags
 #1: stderr all=off uptime,level,tags

Environment Variables:
JAVA_HOME=C:\Program Files\Zulu\zulu-8
CLASSPATH=.;C:\Program Files\Zulu\zulu-8lib\tools.jar
PATH="C:\Program Files\Zulu\zulu-8\bin;";C:\Program Files (x86)\Rockwell Software\RSCommon;C:\Program Files\Common Files\Oracle\Java\javapath;C:\Program Files (x86)\Python38-32\Scripts\;C:\Program Files (x86)\Python38-32\;C:\Windows\system32;C:\Windows;C:\Windows\System32\Wbem;C:\Windows\System32\WindowsPowerShell\v1.0\;C:\Windows\System32\OpenSSH\;C:\Program Files (x86)\NVIDIA Corporation\PhysX\Common;C:\Program Files\NVIDIA Corporation\NVIDIA NvDLISR;C:\WINDOWS\system32;C:\WINDOWS;C:\WINDOWS\System32\Wbem;C:\WINDOWS\System32\WindowsPowerShell\v1.0\;C:\WINDOWS\System32\OpenSSH\;C:\Program Files\nodejs\;C:\Users\kinal\apache-maven-3.8.1-bin\apache-maven-3.8.1\bin;";C:\Program Files\Zulu\zulu-8\bin\;D:\apache-maven-3.8.2-bin\apache-maven-3.8.2\bin;";C:\Program Files\Zulu\zulu-8\bin;C:\Program Files\Git\cmd;C:\Users\kinal\AppData\Local\Programs\Python\Python38\Scripts\;C:\Users\kinal\AppData\Local\Programs\Python\Python38\;C:\Users\kinal\AppData\Local\Microsoft\WindowsApps;C:\Program Files\JetBrains\PyCharm Community Edition 2020.2\bin;C:\Users\kinal\AppData\Local\Microsoft\WindowsApps;C:\Users\kinal\AppData\Local\Programs\Microsoft VS Code\bin;C:\Users\kinal\AppData\Roaming\npm;C:\Program Files\MySQL\MySQL Server 8.0\bin;C:\Program Files\Zulu\zulu-8;
USERNAME=kinal
OS=Windows_NT
PROCESSOR_IDENTIFIER=Intel64 Family 6 Model 142 Stepping 12, GenuineIntel
TMP=C:\Users\kinal\AppData\Local\Temp
TEMP=C:\Users\kinal\AppData\Local\Temp



---------------  S Y S T E M  ---------------

OS: Windows 11 , 64 bit Build 22000 (10.0.22000.708)
OS uptime: 11 days 8:31 hours

CPU:total 8 (initial active 8) (4 cores per cpu, 2 threads per core) family 6 model 142 stepping 12 microcode 0xde, cmov, cx8, fxsr, mmx, sse, sse2, sse3, ssse3, sse4.1, sse4.2, popcnt, avx, avx2, aes, clmul, erms, 3dnowpref, lzcnt, ht, tsc, tscinvbit, bmi1, bmi2, adx, fma

Memory: 4k page, system-wide physical 8020M (123M free)
TotalPageFile size 32135M (AvailPageFile size 0M)
current process WorkingSet (physical memory assigned to process): 422M, peak: 425M
current process commit charge ("private bytes"): 482M, peak: 486M

vm_info: OpenJDK 64-Bit Server VM (11.0.16+8-LTS) for windows-amd64 JRE (11.0.16+8-LTS), built on Jul 17 2022 01:39:49 by "Administrator" with MS VC++ 15.9 (VS2017)

END.
