#
# There is insufficient memory for the Java Runtime Environment to continue.
# Native memory allocation (malloc) failed to allocate 1070816 bytes for Chunk::new
# Possible reasons:
#   The system is out of physical RAM or swap space
#   The process is running with CompressedOops enabled, and the Java Heap may be blocking the growth of the native heap
# Possible solutions:
#   Reduce memory load on the system
#   Increase physical memory or swap space
#   Check if swap backing store is full
#   Decrease Java heap size (-Xmx/-Xms)
#   Decrease number of Java threads
#   Decrease Java thread stack sizes (-Xss)
#   Set larger code cache with -XX:ReservedCodeCacheSize=
#   JVM is running with Unscaled Compressed Oops mode in which the Java heap is
#     placed in the first 4GB address space. The Java Heap base address is the
#     maximum limit for the native heap growth. Please use -XX:HeapBaseMinAddress
#     to set the Java Heap base and to place the Java Heap above 4GB virtual address.
# This output file may be truncated or incomplete.
#
#  Out of Memory Error (./src/hotspot/share/memory/arena.cpp:197), pid=43836, tid=170376
#
# JRE version: OpenJDK Runtime Environment Corretto-11.0.16.8.1 (11.0.16+8) (build 11.0.16+8-LTS)
# Java VM: OpenJDK 64-Bit Server VM Corretto-11.0.16.8.1 (11.0.16+8-LTS, mixed mode, tiered, compressed oops, g1 gc, windows-amd64)
# No core dump will be written. Minidumps are not enabled by default on client versions of Windows
#

---------------  S U M M A R Y ------------

Command Line: --add-opens=java.base/java.util=ALL-UNNAMED --add-opens=java.base/java.lang=ALL-UNNAMED --add-opens=java.base/java.lang.invoke=ALL-UNNAMED --add-opens=java.base/java.util=ALL-UNNAMED --add-opens=java.prefs/java.util.prefs=ALL-UNNAMED --add-opens=java.prefs/java.util.prefs=ALL-UNNAMED --add-opens=java.base/java.nio.charset=ALL-UNNAMED --add-opens=java.base/java.net=ALL-UNNAMED --add-opens=java.base/java.util.concurrent.atomic=ALL-UNNAMED -XX:MaxMetaspaceSize=256m -XX:+HeapDumpOnOutOfMemoryError -Xms256m -Xmx512m -Dfile.encoding=UTF-8 -Duser.country=KR -Duser.language=ko -Duser.variant org.gradle.launcher.daemon.bootstrap.GradleDaemon 7.5

Host: Intel(R) Core(TM) i5-10210U CPU @ 1.60GHz, 8 cores, 7G,  Windows 11 , 64 bit Build 22000 (10.0.22000.708)
Time: Mon Aug 22 17:24:58 2022  Windows 11 , 64 bit Build 22000 (10.0.22000.708) elapsed time: 50.294010 seconds (0d 0h 0m 50s)

---------------  T H R E A D  ---------------

Current thread (0x0000022aa2c8f000):  JavaThread "C2 CompilerThread0" daemon [_thread_in_native, id=170376, stack(0x0000003652000000,0x0000003652100000)]


Current CompileTask:
C2:  50294 8958   !   4       io.spring.gradle.dependencymanagement.org.apache.maven.model.interpolation.StringSearchModelInterpolator$InterpolateObjectAction::traverseObjectWithParents (118 bytes)

Stack: [0x0000003652000000,0x0000003652100000]
Native frames: (J=compiled Java code, j=interpreted, Vv=VM code, C=native code)
V  [jvm.dll+0x61f28a]
V  [jvm.dll+0x7ac579]
V  [jvm.dll+0x7adc68]
V  [jvm.dll+0x7ae343]
V  [jvm.dll+0x24f968]
V  [jvm.dll+0xc262c]
V  [jvm.dll+0xc2bec]
V  [jvm.dll+0x2c17e4]
V  [jvm.dll+0x52e21c]
V  [jvm.dll+0x210eab]
V  [jvm.dll+0x20abd4]
V  [jvm.dll+0x207e0b]
V  [jvm.dll+0x18a3b1]
V  [jvm.dll+0x217614]
V  [jvm.dll+0x21585b]
V  [jvm.dll+0x76efb0]
V  [jvm.dll+0x767ee4]
V  [jvm.dll+0x61e0f5]
C  [ucrtbase.dll+0x26c0c]
C  [KERNEL32.DLL+0x154e0]
C  [ntdll.dll+0x485b]


---------------  P R O C E S S  ---------------

Threads class SMR info:
_java_thread_list=0x0000022aa9b370d0, length=117, elements={
0x0000022a86b62800, 0x0000022aa2338800, 0x0000022aa2365800, 0x0000022aa2c7c800,
0x0000022aa2c82000, 0x0000022aa2377800, 0x0000022aa2c8f000, 0x0000022aa237b800,
0x0000022aa2ca4000, 0x0000022aa2375800, 0x0000022aa2374000, 0x0000022aa2376800,
0x0000022aa2378000, 0x0000022aa2379000, 0x0000022aa2373000, 0x0000022aa2375000,
0x0000022aa2379800, 0x0000022aa3984800, 0x0000022aa3981000, 0x0000022aa3985000,
0x0000022aa3986000, 0x0000022aa3982000, 0x0000022aa3987000, 0x0000022aa3987800,
0x0000022aa3988800, 0x0000022aa3983000, 0x0000022aa3989800, 0x0000022aa3983800,
0x0000022aa398c000, 0x0000022aa398a000, 0x0000022aa398b000, 0x0000022aa3990000,
0x0000022aa398c800, 0x0000022aa398d800, 0x0000022aa398e000, 0x0000022aa398f000,
0x0000022aa5b9f000, 0x0000022aa5ba0000, 0x0000022aa5b9b800, 0x0000022aa5b9d800,
0x0000022aa5b9e000, 0x0000022aa5ba0800, 0x0000022aa5b9b000, 0x0000022aa5ba3000,
0x0000022aa5ba4000, 0x0000022aa5ba1800, 0x0000022aa5ba2800, 0x0000022aa5ba8000,
0x0000022aa5ba7000, 0x0000022aa5ba6800, 0x0000022aa5ba5800, 0x0000022aa5ba9000,
0x0000022aa5ba9800, 0x0000022aa5ba4800, 0x0000022aa39f0000, 0x0000022aa39eb000,
0x0000022aa39ef000, 0x0000022aa39ee800, 0x0000022aa39ea000, 0x0000022aa39f1000,
0x0000022aa39ed800, 0x0000022aa39f1800, 0x0000022aa39ec000, 0x0000022aa39f2800,
0x0000022aa39ec800, 0x0000022aa39f7800, 0x0000022aa39f6800, 0x0000022aa39f8000,
0x0000022aa39f5000, 0x0000022aa39f5800, 0x0000022aa39f9000, 0x0000022aa39f4000,
0x0000022aa39f3000, 0x0000022aa7526000, 0x0000022aa7524800, 0x0000022aa7527800,
0x0000022aa7528800, 0x0000022aa7529000, 0x0000022aa7523800, 0x0000022aa752a000,
0x0000022aa7527000, 0x0000022aa752b000, 0x0000022aa7525000, 0x0000022aa752f800,
0x0000022aa7530800, 0x0000022aa752f000, 0x0000022aa752c800, 0x0000022aa752b800,
0x0000022aa7532000, 0x0000022aa752e000, 0x0000022aa752d800, 0x0000022aa7531800,
0x0000022aa74e6800, 0x0000022aa74e5000, 0x0000022aa74e5800, 0x0000022aa74e7000,
0x0000022aa74e8000, 0x0000022aa74e2800, 0x0000022aa74e9000, 0x0000022aa74e3000,
0x0000022aa74e9800, 0x0000022aa74e4000, 0x0000022aa74ed000, 0x0000022aa74ec000,
0x0000022aa74ee800, 0x0000022aa74ed800, 0x0000022aa74ea800, 0x0000022aa74eb800,
0x0000022aa74f1000, 0x0000022aa74ef800, 0x0000022aa74f0000, 0x0000022aa6ef0000,
0x0000022aa6ef1000, 0x0000022aa6eee800, 0x0000022aa6eed800, 0x0000022aa6ef4000,
0x0000022aa6ef3000
}

Java Threads: ( => current thread )
  0x0000022a86b62800 JavaThread "main" [_thread_blocked, id=178604, stack(0x0000003651400000,0x0000003651500000)]
  0x0000022aa2338800 JavaThread "Reference Handler" daemon [_thread_blocked, id=156192, stack(0x0000003651b00000,0x0000003651c00000)]
  0x0000022aa2365800 JavaThread "Finalizer" daemon [_thread_blocked, id=154000, stack(0x0000003651c00000,0x0000003651d00000)]
  0x0000022aa2c7c800 JavaThread "Signal Dispatcher" daemon [_thread_blocked, id=130412, stack(0x0000003651d00000,0x0000003651e00000)]
  0x0000022aa2c82000 JavaThread "Attach Listener" daemon [_thread_blocked, id=163272, stack(0x0000003651e00000,0x0000003651f00000)]
  0x0000022aa2377800 JavaThread "Service Thread" daemon [_thread_blocked, id=175652, stack(0x0000003651f00000,0x0000003652000000)]
=>0x0000022aa2c8f000 JavaThread "C2 CompilerThread0" daemon [_thread_in_native, id=170376, stack(0x0000003652000000,0x0000003652100000)]
  0x0000022aa237b800 JavaThread "C1 CompilerThread0" daemon [_thread_in_native, id=174444, stack(0x0000003652100000,0x0000003652200000)]
  0x0000022aa2ca4000 JavaThread "Sweeper thread" daemon [_thread_blocked, id=182868, stack(0x0000003652200000,0x0000003652300000)]
  0x0000022aa2375800 JavaThread "Common-Cleaner" daemon [_thread_blocked, id=128884, stack(0x0000003652300000,0x0000003652400000)]
  0x0000022aa2374000 JavaThread "Daemon health stats" [_thread_blocked, id=184364, stack(0x0000003652a00000,0x0000003652b00000)]
  0x0000022aa2376800 JavaThread "Incoming local TCP Connector on port 8785" [_thread_in_native, id=183096, stack(0x0000003652b00000,0x0000003652c00000)]
  0x0000022aa2378000 JavaThread "Daemon periodic checks" [_thread_blocked, id=180628, stack(0x0000003652c00000,0x0000003652d00000)]
  0x0000022aa2379000 JavaThread "Daemon" [_thread_blocked, id=168532, stack(0x0000003652d00000,0x0000003652e00000)]
  0x0000022aa2373000 JavaThread "Handler for socket connection from /127.0.0.1:8785 to /127.0.0.1:8786" [_thread_in_native, id=179284, stack(0x0000003652e00000,0x0000003652f00000)]
  0x0000022aa2375000 JavaThread "Cancel handler" [_thread_blocked, id=179516, stack(0x0000003652f00000,0x0000003653000000)]
  0x0000022aa2379800 JavaThread "Daemon worker" [_thread_in_native, id=185092, stack(0x0000003653000000,0x0000003653100000)]
  0x0000022aa3984800 JavaThread "Asynchronous log dispatcher for DefaultDaemonConnection: socket connection from /127.0.0.1:8785 to /127.0.0.1:8786" [_thread_blocked, id=99616, stack(0x0000003653100000,0x0000003653200000)]
  0x0000022aa3981000 JavaThread "Stdin handler" [_thread_blocked, id=175448, stack(0x0000003653200000,0x0000003653300000)]
  0x0000022aa3985000 JavaThread "Daemon client event forwarder" [_thread_blocked, id=173228, stack(0x0000003653300000,0x0000003653400000)]
  0x0000022aa3986000 JavaThread "Cache worker for journal cache (C:\Users\kinal\.gradle\caches\journal-1)" [_thread_blocked, id=181972, stack(0x0000003653400000,0x0000003653500000)]
  0x0000022aa3982000 JavaThread "File lock request listener" [_thread_in_native, id=182520, stack(0x0000003653500000,0x0000003653600000)]
  0x0000022aa3987000 JavaThread "Cache worker for file hash cache (C:\Users\kinal\.gradle\caches\7.5\fileHashes)" [_thread_blocked, id=81628, stack(0x0000003653900000,0x0000003653a00000)]
  0x0000022aa3987800 JavaThread "File watcher server" daemon [_thread_in_native, id=165696, stack(0x0000003653a00000,0x0000003653b00000)]
  0x0000022aa3988800 JavaThread "File watcher consumer" daemon [_thread_blocked, id=153528, stack(0x0000003653b00000,0x0000003653c00000)]
  0x0000022aa3983000 JavaThread "jar transforms" [_thread_blocked, id=184076, stack(0x0000003653c00000,0x0000003653d00000)]
  0x0000022aa3989800 JavaThread "jar transforms Thread 2" [_thread_blocked, id=177300, stack(0x0000003653d00000,0x0000003653e00000)]
  0x0000022aa3983800 JavaThread "jar transforms Thread 3" [_thread_blocked, id=180108, stack(0x0000003653e00000,0x0000003653f00000)]
  0x0000022aa398c000 JavaThread "jar transforms Thread 4" [_thread_blocked, id=140408, stack(0x0000003653f00000,0x0000003654000000)]
  0x0000022aa398a000 JavaThread "jar transforms Thread 5" [_thread_blocked, id=136236, stack(0x0000003654000000,0x0000003654100000)]
  0x0000022aa398b000 JavaThread "jar transforms Thread 6" [_thread_blocked, id=137180, stack(0x0000003654100000,0x0000003654200000)]
  0x0000022aa3990000 JavaThread "jar transforms Thread 7" [_thread_blocked, id=155616, stack(0x0000003654200000,0x0000003654300000)]
  0x0000022aa398c800 JavaThread "jar transforms Thread 8" [_thread_blocked, id=159740, stack(0x0000003654300000,0x0000003654400000)]
  0x0000022aa398d800 JavaThread "Cache worker for checksums cache (C:\Users\kinal\OneDrive\바탕 화면\WEEK04\springcore\.gradle\7.5\checksums)" [_thread_blocked, id=154132, stack(0x0000003654400000,0x0000003654500000)]
  0x0000022aa398e000 JavaThread "Cache worker for cache directory md-rule (C:\Users\kinal\.gradle\caches\7.5\md-rule)" [_thread_blocked, id=25052, stack(0x0000003654500000,0x0000003654600000)]
  0x0000022aa398f000 JavaThread "Cache worker for file content cache (C:\Users\kinal\.gradle\caches\7.5\fileContent)" [_thread_blocked, id=164620, stack(0x0000003654600000,0x0000003654700000)]
  0x0000022aa5b9f000 JavaThread "Cache worker for file hash cache (C:\Users\kinal\OneDrive\바탕 화면\WEEK04\springcore\.gradle\7.5\fileHashes)" [_thread_blocked, id=174912, stack(0x0000003654700000,0x0000003654800000)]
  0x0000022aa5ba0000 JavaThread "Cache worker for cache directory md-supplier (C:\Users\kinal\.gradle\caches\7.5\md-supplier)" [_thread_blocked, id=161308, stack(0x0000003654800000,0x0000003654900000)]
  0x0000022aa5b9b800 JavaThread "Cache worker for execution history cache (C:\Users\kinal\.gradle\caches\7.5\executionHistory)" [_thread_blocked, id=159020, stack(0x0000003654900000,0x0000003654a00000)]
  0x0000022aa5b9d800 JavaThread "Cache worker for dependencies-accessors (C:\Users\kinal\OneDrive\바탕 화면\WEEK04\springcore\.gradle\7.5\dependencies-accessors)" [_thread_blocked, id=184920, stack(0x0000003654a00000,0x0000003654b00000)]
  0x0000022aa5b9e000 JavaThread "Cache worker for Build Output Cleanup Cache (C:\Users\kinal\OneDrive\바탕 화면\WEEK04\springcore\.gradle\buildOutputCleanup)" [_thread_blocked, id=170036, stack(0x0000003654b00000,0x0000003654c00000)]
  0x0000022aa5ba0800 JavaThread "Unconstrained build operations" [_thread_blocked, id=40680, stack(0x0000003654d00000,0x0000003654e00000)]
  0x0000022aa5b9b000 JavaThread "Unconstrained build operations Thread 2" [_thread_blocked, id=181656, stack(0x0000003654e00000,0x0000003654f00000)]
  0x0000022aa5ba3000 JavaThread "Unconstrained build operations Thread 3" [_thread_blocked, id=183940, stack(0x0000003654f00000,0x0000003655000000)]
  0x0000022aa5ba4000 JavaThread "Unconstrained build operations Thread 4" [_thread_blocked, id=174696, stack(0x0000003655000000,0x0000003655100000)]
  0x0000022aa5ba1800 JavaThread "Unconstrained build operations Thread 5" [_thread_blocked, id=178044, stack(0x0000003655100000,0x0000003655200000)]
  0x0000022aa5ba2800 JavaThread "Unconstrained build operations Thread 6" [_thread_blocked, id=179100, stack(0x0000003655200000,0x0000003655300000)]
  0x0000022aa5ba8000 JavaThread "Unconstrained build operations Thread 7" [_thread_blocked, id=181784, stack(0x0000003655300000,0x0000003655400000)]
  0x0000022aa5ba7000 JavaThread "Unconstrained build operations Thread 8" [_thread_blocked, id=139184, stack(0x0000003655400000,0x0000003655500000)]
  0x0000022aa5ba6800 JavaThread "Unconstrained build operations Thread 9" [_thread_blocked, id=177988, stack(0x0000003655500000,0x0000003655600000)]
  0x0000022aa5ba5800 JavaThread "Unconstrained build operations Thread 10" [_thread_blocked, id=184840, stack(0x0000003655600000,0x0000003655700000)]
  0x0000022aa5ba9000 JavaThread "Unconstrained build operations Thread 11" [_thread_blocked, id=183004, stack(0x0000003655700000,0x0000003655800000)]
  0x0000022aa5ba9800 JavaThread "Unconstrained build operations Thread 12" [_thread_blocked, id=166372, stack(0x0000003655800000,0x0000003655900000)]
  0x0000022aa5ba4800 JavaThread "Unconstrained build operations Thread 13" [_thread_blocked, id=181608, stack(0x0000003655900000,0x0000003655a00000)]
  0x0000022aa39f0000 JavaThread "Unconstrained build operations Thread 14" [_thread_blocked, id=184756, stack(0x0000003655a00000,0x0000003655b00000)]
  0x0000022aa39eb000 JavaThread "Unconstrained build operations Thread 15" [_thread_blocked, id=166692, stack(0x0000003655b00000,0x0000003655c00000)]
  0x0000022aa39ef000 JavaThread "Unconstrained build operations Thread 16" [_thread_blocked, id=182460, stack(0x0000003655c00000,0x0000003655d00000)]
  0x0000022aa39ee800 JavaThread "Unconstrained build operations Thread 17" [_thread_blocked, id=165364, stack(0x0000003655d00000,0x0000003655e00000)]
  0x0000022aa39ea000 JavaThread "Unconstrained build operations Thread 18" [_thread_blocked, id=185160, stack(0x0000003655e00000,0x0000003655f00000)]
  0x0000022aa39f1000 JavaThread "Unconstrained build operations Thread 19" [_thread_blocked, id=182540, stack(0x0000003655f00000,0x0000003656000000)]
  0x0000022aa39ed800 JavaThread "Memory manager" [_thread_blocked, id=176200, stack(0x0000003656000000,0x0000003656100000)]
  0x0000022aa39f1800 JavaThread "included builds" [_thread_blocked, id=180572, stack(0x0000003656300000,0x0000003656400000)]
  0x0000022aa39ec000 JavaThread "Execution worker" [_thread_blocked, id=184780, stack(0x0000003656400000,0x0000003656500000)]
  0x0000022aa39f2800 JavaThread "Execution worker Thread 2" [_thread_blocked, id=133556, stack(0x0000003656500000,0x0000003656600000)]
  0x0000022aa39ec800 JavaThread "Execution worker Thread 3" [_thread_blocked, id=143728, stack(0x0000003656600000,0x0000003656700000)]
  0x0000022aa39f7800 JavaThread "Execution worker Thread 4" [_thread_blocked, id=140612, stack(0x0000003656700000,0x0000003656800000)]
  0x0000022aa39f6800 JavaThread "Execution worker Thread 5" [_thread_blocked, id=161808, stack(0x0000003656800000,0x0000003656900000)]
  0x0000022aa39f8000 JavaThread "Execution worker Thread 6" [_thread_blocked, id=182548, stack(0x0000003656900000,0x0000003656a00000)]
  0x0000022aa39f5000 JavaThread "Execution worker Thread 7" [_thread_blocked, id=167580, stack(0x0000003656a00000,0x0000003656b00000)]
  0x0000022aa39f5800 JavaThread "Cache worker for execution history cache (C:\Users\kinal\OneDrive\바탕 화면\WEEK04\springcore\.gradle\7.5\executionHistory)" [_thread_blocked, id=169992, stack(0x0000003656b00000,0x0000003656c00000)]
  0x0000022aa39f9000 JavaThread "idea-tooling-model-converter" [_thread_blocked, id=60856, stack(0x0000003656c00000,0x0000003656d00000)]
  0x0000022aa39f4000 JavaThread "Unconstrained build operations Thread 20" [_thread_blocked, id=183008, stack(0x0000003656d00000,0x0000003656e00000)]
  0x0000022aa39f3000 JavaThread "Unconstrained build operations Thread 21" [_thread_blocked, id=181940, stack(0x0000003656e00000,0x0000003656f00000)]
  0x0000022aa7526000 JavaThread "Unconstrained build operations Thread 22" [_thread_blocked, id=123404, stack(0x0000003656f00000,0x0000003657000000)]
  0x0000022aa7524800 JavaThread "Unconstrained build operations Thread 23" [_thread_blocked, id=176132, stack(0x0000003657000000,0x0000003657100000)]
  0x0000022aa7527800 JavaThread "Unconstrained build operations Thread 24" [_thread_blocked, id=184568, stack(0x0000003657100000,0x0000003657200000)]
  0x0000022aa7528800 JavaThread "Unconstrained build operations Thread 25" [_thread_blocked, id=181792, stack(0x0000003657200000,0x0000003657300000)]
  0x0000022aa7529000 JavaThread "Unconstrained build operations Thread 26" [_thread_blocked, id=182656, stack(0x0000003657300000,0x0000003657400000)]
  0x0000022aa7523800 JavaThread "Unconstrained build operations Thread 27" [_thread_blocked, id=182560, stack(0x0000003657400000,0x0000003657500000)]
  0x0000022aa752a000 JavaThread "Unconstrained build operations Thread 28" [_thread_blocked, id=185256, stack(0x0000003657500000,0x0000003657600000)]
  0x0000022aa7527000 JavaThread "Unconstrained build operations Thread 29" [_thread_blocked, id=157196, stack(0x0000003657600000,0x0000003657700000)]
  0x0000022aa752b000 JavaThread "Unconstrained build operations Thread 30" [_thread_blocked, id=184464, stack(0x0000003657700000,0x0000003657800000)]
  0x0000022aa7525000 JavaThread "Unconstrained build operations Thread 31" [_thread_blocked, id=184060, stack(0x0000003657800000,0x0000003657900000)]
  0x0000022aa752f800 JavaThread "Unconstrained build operations Thread 32" [_thread_blocked, id=170508, stack(0x0000003657900000,0x0000003657a00000)]
  0x0000022aa7530800 JavaThread "Unconstrained build operations Thread 33" [_thread_blocked, id=181596, stack(0x0000003657a00000,0x0000003657b00000)]
  0x0000022aa752f000 JavaThread "Unconstrained build operations Thread 34" [_thread_blocked, id=171056, stack(0x0000003657b00000,0x0000003657c00000)]
  0x0000022aa752c800 JavaThread "Unconstrained build operations Thread 35" [_thread_blocked, id=159768, stack(0x0000003657c00000,0x0000003657d00000)]
  0x0000022aa752b800 JavaThread "Unconstrained build operations Thread 36" [_thread_blocked, id=181368, stack(0x0000003657d00000,0x0000003657e00000)]
  0x0000022aa7532000 JavaThread "Unconstrained build operations Thread 37" [_thread_blocked, id=117844, stack(0x0000003657e00000,0x0000003657f00000)]
  0x0000022aa752e000 JavaThread "Unconstrained build operations Thread 38" [_thread_blocked, id=184572, stack(0x0000003657f00000,0x0000003658000000)]
  0x0000022aa752d800 JavaThread "Unconstrained build operations Thread 39" [_thread_blocked, id=178492, stack(0x0000003658000000,0x0000003658100000)]
  0x0000022aa7531800 JavaThread "Unconstrained build operations Thread 40" [_thread_blocked, id=110656, stack(0x0000003658100000,0x0000003658200000)]
  0x0000022aa74e6800 JavaThread "Unconstrained build operations Thread 41" [_thread_blocked, id=174860, stack(0x0000003658200000,0x0000003658300000)]
  0x0000022aa74e5000 JavaThread "Unconstrained build operations Thread 42" [_thread_blocked, id=170548, stack(0x0000003658300000,0x0000003658400000)]
  0x0000022aa74e5800 JavaThread "Unconstrained build operations Thread 43" [_thread_blocked, id=183136, stack(0x0000003658400000,0x0000003658500000)]
  0x0000022aa74e7000 JavaThread "Unconstrained build operations Thread 44" [_thread_blocked, id=181460, stack(0x0000003658500000,0x0000003658600000)]
  0x0000022aa74e8000 JavaThread "Unconstrained build operations Thread 45" [_thread_blocked, id=182636, stack(0x0000003658600000,0x0000003658700000)]
  0x0000022aa74e2800 JavaThread "Unconstrained build operations Thread 46" [_thread_blocked, id=182408, stack(0x0000003658700000,0x0000003658800000)]
  0x0000022aa74e9000 JavaThread "Unconstrained build operations Thread 47" [_thread_blocked, id=136068, stack(0x0000003658800000,0x0000003658900000)]
  0x0000022aa74e3000 JavaThread "Unconstrained build operations Thread 48" [_thread_blocked, id=180728, stack(0x0000003658900000,0x0000003658a00000)]
  0x0000022aa74e9800 JavaThread "Unconstrained build operations Thread 49" [_thread_blocked, id=34528, stack(0x0000003658a00000,0x0000003658b00000)]
  0x0000022aa74e4000 JavaThread "Unconstrained build operations Thread 50" [_thread_blocked, id=182952, stack(0x0000003658b00000,0x0000003658c00000)]
  0x0000022aa74ed000 JavaThread "Unconstrained build operations Thread 51" [_thread_blocked, id=161384, stack(0x0000003658c00000,0x0000003658d00000)]
  0x0000022aa74ec000 JavaThread "Unconstrained build operations Thread 52" [_thread_blocked, id=164952, stack(0x0000003658d00000,0x0000003658e00000)]
  0x0000022aa74ee800 JavaThread "Unconstrained build operations Thread 53" [_thread_blocked, id=180952, stack(0x0000003658e00000,0x0000003658f00000)]
  0x0000022aa74ed800 JavaThread "Unconstrained build operations Thread 54" [_thread_blocked, id=182056, stack(0x0000003658f00000,0x0000003659000000)]
  0x0000022aa74ea800 JavaThread "Unconstrained build operations Thread 55" [_thread_blocked, id=174992, stack(0x0000003659000000,0x0000003659100000)]
  0x0000022aa74eb800 JavaThread "Unconstrained build operations Thread 56" [_thread_blocked, id=183544, stack(0x0000003659100000,0x0000003659200000)]
  0x0000022aa74f1000 JavaThread "Unconstrained build operations Thread 57" [_thread_blocked, id=164324, stack(0x0000003659200000,0x0000003659300000)]
  0x0000022aa74ef800 JavaThread "Unconstrained build operations Thread 58" [_thread_blocked, id=184348, stack(0x0000003659300000,0x0000003659400000)]
  0x0000022aa74f0000 JavaThread "Unconstrained build operations Thread 59" [_thread_blocked, id=169660, stack(0x0000003659400000,0x0000003659500000)]
  0x0000022aa6ef0000 JavaThread "Unconstrained build operations Thread 60" [_thread_blocked, id=179008, stack(0x0000003659500000,0x0000003659600000)]
  0x0000022aa6ef1000 JavaThread "Unconstrained build operations Thread 61" [_thread_blocked, id=152008, stack(0x0000003659600000,0x0000003659700000)]
  0x0000022aa6eee800 JavaThread "Unconstrained build operations Thread 62" [_thread_blocked, id=172448, stack(0x0000003659700000,0x0000003659800000)]
  0x0000022aa6eed800 JavaThread "Unconstrained build operations Thread 63" [_thread_blocked, id=178296, stack(0x0000003659800000,0x0000003659900000)]
  0x0000022aa6ef4000 JavaThread "Unconstrained build operations Thread 64" [_thread_blocked, id=180996, stack(0x0000003659900000,0x0000003659a00000)]
  0x0000022aa6ef3000 JavaThread "Unconstrained build operations Thread 65" [_thread_blocked, id=89292, stack(0x0000003659a00000,0x0000003659b00000)]

Other Threads:
  0x0000022aa2336800 VMThread "VM Thread" [stack: 0x0000003651a00000,0x0000003651b00000] [id=184304]
  0x0000022aa2e13000 WatcherThread [stack: 0x0000003652400000,0x0000003652500000] [id=182472]
  0x0000022a86b7b800 GCTaskThread "GC Thread#0" [stack: 0x0000003651500000,0x0000003651600000] [id=172804]
  0x0000022aa2fa0800 GCTaskThread "GC Thread#1" [stack: 0x0000003652500000,0x0000003652600000] [id=117848]
  0x0000022aa3925800 GCTaskThread "GC Thread#2" [stack: 0x0000003652600000,0x0000003652700000] [id=142136]
  0x0000022aa39b3000 GCTaskThread "GC Thread#3" [stack: 0x0000003652700000,0x0000003652800000] [id=180904]
  0x0000022aa3958000 GCTaskThread "GC Thread#4" [stack: 0x0000003652800000,0x0000003652900000] [id=182348]
  0x0000022aa35b9000 GCTaskThread "GC Thread#5" [stack: 0x0000003652900000,0x0000003652a00000] [id=161732]
  0x0000022aa326f800 GCTaskThread "GC Thread#6" [stack: 0x0000003653600000,0x0000003653700000] [id=163092]
  0x0000022aa3e6d000 GCTaskThread "GC Thread#7" [stack: 0x0000003653700000,0x0000003653800000] [id=160604]
  0x0000022a86b8d800 ConcurrentGCThread "G1 Main Marker" [stack: 0x0000003651600000,0x0000003651700000] [id=163076]
  0x0000022a86b8f800 ConcurrentGCThread "G1 Conc#0" [stack: 0x0000003651700000,0x0000003651800000] [id=171604]
  0x0000022aa328d800 ConcurrentGCThread "G1 Conc#1" [stack: 0x0000003653800000,0x0000003653900000] [id=185216]
  0x0000022a86c3e000 ConcurrentGCThread "G1 Refine#0" [stack: 0x0000003651800000,0x0000003651900000] [id=183060]
  0x0000022aa21d3800 ConcurrentGCThread "G1 Young RemSet Sampling" [stack: 0x0000003651900000,0x0000003651a00000] [id=173400]

Threads with active compile tasks:
C2 CompilerThread0    50381 8958   !   4       io.spring.gradle.dependencymanagement.org.apache.maven.model.interpolation.StringSearchModelInterpolator$InterpolateObjectAction::traverseObjectWithParents (118 bytes)

VM state:not at safepoint (normal execution)

VM Mutex/Monitor currently owned by a thread: None

Heap address: 0x00000000e0000000, size: 512 MB, Compressed Oops mode: 32-bit
Narrow klass base: 0x0000000000000000, Narrow klass shift: 3
Compressed class space size: 260046848 Address: 0x0000000100000000

Heap:
 garbage-first heap   total 262144K, used 202410K [0x00000000e0000000, 0x0000000100000000)
  region size 1024K, 57 young (58368K), 3 survivors (3072K)
 Metaspace       used 78466K, capacity 80839K, committed 81104K, reserved 325632K
  class space    used 10073K, capacity 10984K, committed 11040K, reserved 253952K
Heap Regions: E=young(eden), S=young(survivor), O=old, HS=humongous(starts), HC=humongous(continues), CS=collection set, F=free, A=archive, TAMS=top-at-mark-start (previous, next)
|   0|0x00000000e0000000, 0x00000000e0100000, 0x00000000e0100000|100%| O|  |TAMS 0x00000000e0100000, 0x00000000e0000000| Untracked 
|   1|0x00000000e0100000, 0x00000000e0200000, 0x00000000e0200000|100%| O|  |TAMS 0x00000000e0200000, 0x00000000e0100000| Untracked 
|   2|0x00000000e0200000, 0x00000000e0300000, 0x00000000e0300000|100%| O|  |TAMS 0x00000000e0300000, 0x00000000e0200000| Untracked 
|   3|0x00000000e0300000, 0x00000000e0400000, 0x00000000e0400000|100%|HS|  |TAMS 0x00000000e0400000, 0x00000000e0300000| Complete 
|   4|0x00000000e0400000, 0x00000000e0500000, 0x00000000e0500000|100%|HC|  |TAMS 0x00000000e0500000, 0x00000000e0400000| Complete 
|   5|0x00000000e0500000, 0x00000000e0600000, 0x00000000e0600000|100%|HC|  |TAMS 0x00000000e0600000, 0x00000000e0500000| Complete 
|   6|0x00000000e0600000, 0x00000000e0700000, 0x00000000e0700000|100%| O|  |TAMS 0x00000000e0700000, 0x00000000e0600000| Untracked 
|   7|0x00000000e0700000, 0x00000000e0800000, 0x00000000e0800000|100%| O|  |TAMS 0x00000000e0800000, 0x00000000e0700000| Untracked 
|   8|0x00000000e0800000, 0x00000000e0900000, 0x00000000e0900000|100%| O|  |TAMS 0x00000000e0900000, 0x00000000e0800000| Untracked 
|   9|0x00000000e0900000, 0x00000000e0a00000, 0x00000000e0a00000|100%| O|  |TAMS 0x00000000e0a00000, 0x00000000e0900000| Untracked 
|  10|0x00000000e0a00000, 0x00000000e0b00000, 0x00000000e0b00000|100%| O|  |TAMS 0x00000000e0b00000, 0x00000000e0a00000| Untracked 
|  11|0x00000000e0b00000, 0x00000000e0c00000, 0x00000000e0c00000|100%| O|  |TAMS 0x00000000e0c00000, 0x00000000e0b00000| Untracked 
|  12|0x00000000e0c00000, 0x00000000e0d00000, 0x00000000e0d00000|100%| O|  |TAMS 0x00000000e0d00000, 0x00000000e0c00000| Untracked 
|  13|0x00000000e0d00000, 0x00000000e0e00000, 0x00000000e0e00000|100%| O|  |TAMS 0x00000000e0e00000, 0x00000000e0d00000| Untracked 
|  14|0x00000000e0e00000, 0x00000000e0f00000, 0x00000000e0f00000|100%| O|  |TAMS 0x00000000e0f00000, 0x00000000e0e00000| Untracked 
|  15|0x00000000e0f00000, 0x00000000e1000000, 0x00000000e1000000|100%| O|  |TAMS 0x00000000e1000000, 0x00000000e0f00000| Untracked 
|  16|0x00000000e1000000, 0x00000000e1100000, 0x00000000e1100000|100%| O|  |TAMS 0x00000000e1100000, 0x00000000e1000000| Untracked 
|  17|0x00000000e1100000, 0x00000000e1200000, 0x00000000e1200000|100%| O|  |TAMS 0x00000000e1200000, 0x00000000e1100000| Untracked 
|  18|0x00000000e1200000, 0x00000000e1300000, 0x00000000e1300000|100%|HS|  |TAMS 0x00000000e1300000, 0x00000000e1200000| Complete 
|  19|0x00000000e1300000, 0x00000000e1400000, 0x00000000e1400000|100%|HC|  |TAMS 0x00000000e1400000, 0x00000000e1300000| Complete 
|  20|0x00000000e1400000, 0x00000000e1500000, 0x00000000e1500000|100%|HS|  |TAMS 0x00000000e1500000, 0x00000000e1400000| Complete 
|  21|0x00000000e1500000, 0x00000000e1600000, 0x00000000e1600000|100%|HC|  |TAMS 0x00000000e1600000, 0x00000000e1500000| Complete 
|  22|0x00000000e1600000, 0x00000000e1700000, 0x00000000e1700000|100%|HC|  |TAMS 0x00000000e1700000, 0x00000000e1600000| Complete 
|  23|0x00000000e1700000, 0x00000000e1800000, 0x00000000e1800000|100%|HS|  |TAMS 0x00000000e1800000, 0x00000000e1700000| Complete 
|  24|0x00000000e1800000, 0x00000000e1900000, 0x00000000e1900000|100%|HC|  |TAMS 0x00000000e1900000, 0x00000000e1800000| Complete 
|  25|0x00000000e1900000, 0x00000000e1a00000, 0x00000000e1a00000|100%|HC|  |TAMS 0x00000000e1a00000, 0x00000000e1900000| Complete 
|  26|0x00000000e1a00000, 0x00000000e1b00000, 0x00000000e1b00000|100%|HS|  |TAMS 0x00000000e1b00000, 0x00000000e1a00000| Complete 
|  27|0x00000000e1b00000, 0x00000000e1c00000, 0x00000000e1c00000|100%|HC|  |TAMS 0x00000000e1c00000, 0x00000000e1b00000| Complete 
|  28|0x00000000e1c00000, 0x00000000e1d00000, 0x00000000e1d00000|100%|HS|  |TAMS 0x00000000e1d00000, 0x00000000e1c00000| Complete 
|  29|0x00000000e1d00000, 0x00000000e1e00000, 0x00000000e1e00000|100%|HC|  |TAMS 0x00000000e1e00000, 0x00000000e1d00000| Complete 
|  30|0x00000000e1e00000, 0x00000000e1f00000, 0x00000000e1f00000|100%|HC|  |TAMS 0x00000000e1f00000, 0x00000000e1e00000| Complete 
|  31|0x00000000e1f00000, 0x00000000e2000000, 0x00000000e2000000|100%|HC|  |TAMS 0x00000000e2000000, 0x00000000e1f00000| Complete 
|  32|0x00000000e2000000, 0x00000000e2100000, 0x00000000e2100000|100%|HC|  |TAMS 0x00000000e2100000, 0x00000000e2000000| Complete 
|  33|0x00000000e2100000, 0x00000000e2200000, 0x00000000e2200000|100%|HC|  |TAMS 0x00000000e2200000, 0x00000000e2100000| Complete 
|  34|0x00000000e2200000, 0x00000000e2300000, 0x00000000e2300000|100%|HC|  |TAMS 0x00000000e2300000, 0x00000000e2200000| Complete 
|  35|0x00000000e2300000, 0x00000000e2400000, 0x00000000e2400000|100%|HC|  |TAMS 0x00000000e2400000, 0x00000000e2300000| Complete 
|  36|0x00000000e2400000, 0x00000000e2500000, 0x00000000e2500000|100%|HC|  |TAMS 0x00000000e2500000, 0x00000000e2400000| Complete 
|  37|0x00000000e2500000, 0x00000000e2600000, 0x00000000e2600000|100%|HC|  |TAMS 0x00000000e2600000, 0x00000000e2500000| Complete 
|  38|0x00000000e2600000, 0x00000000e2700000, 0x00000000e2700000|100%|HC|  |TAMS 0x00000000e2700000, 0x00000000e2600000| Complete 
|  39|0x00000000e2700000, 0x00000000e2800000, 0x00000000e2800000|100%|HS|  |TAMS 0x00000000e2800000, 0x00000000e2700000| Complete 
|  40|0x00000000e2800000, 0x00000000e2900000, 0x00000000e2900000|100%|HC|  |TAMS 0x00000000e2900000, 0x00000000e2800000| Complete 
|  41|0x00000000e2900000, 0x00000000e2a00000, 0x00000000e2a00000|100%|HS|  |TAMS 0x00000000e2a00000, 0x00000000e2900000| Complete 
|  42|0x00000000e2a00000, 0x00000000e2b00000, 0x00000000e2b00000|100%|HC|  |TAMS 0x00000000e2b00000, 0x00000000e2a00000| Complete 
|  43|0x00000000e2b00000, 0x00000000e2c00000, 0x00000000e2c00000|100%|HC|  |TAMS 0x00000000e2c00000, 0x00000000e2b00000| Complete 
|  44|0x00000000e2c00000, 0x00000000e2d00000, 0x00000000e2d00000|100%|HC|  |TAMS 0x00000000e2d00000, 0x00000000e2c00000| Complete 
|  45|0x00000000e2d00000, 0x00000000e2e00000, 0x00000000e2e00000|100%|HC|  |TAMS 0x00000000e2e00000, 0x00000000e2d00000| Complete 
|  46|0x00000000e2e00000, 0x00000000e2f00000, 0x00000000e2f00000|100%| O|  |TAMS 0x00000000e2f00000, 0x00000000e2e00000| Untracked 
|  47|0x00000000e2f00000, 0x00000000e3000000, 0x00000000e3000000|100%|HS|  |TAMS 0x00000000e3000000, 0x00000000e2f00000| Complete 
|  48|0x00000000e3000000, 0x00000000e3100000, 0x00000000e3100000|100%| O|  |TAMS 0x00000000e3100000, 0x00000000e3000000| Untracked 
|  49|0x00000000e3100000, 0x00000000e3200000, 0x00000000e3200000|100%|HS|  |TAMS 0x00000000e3200000, 0x00000000e3100000| Complete 
|  50|0x00000000e3200000, 0x00000000e3300000, 0x00000000e3300000|100%|HC|  |TAMS 0x00000000e3300000, 0x00000000e3200000| Complete 
|  51|0x00000000e3300000, 0x00000000e3400000, 0x00000000e3400000|100%|HC|  |TAMS 0x00000000e3400000, 0x00000000e3300000| Complete 
|  52|0x00000000e3400000, 0x00000000e3500000, 0x00000000e3500000|100%|HC|  |TAMS 0x00000000e3500000, 0x00000000e3400000| Complete 
|  53|0x00000000e3500000, 0x00000000e3600000, 0x00000000e3600000|100%|HC|  |TAMS 0x00000000e3600000, 0x00000000e3500000| Complete 
|  54|0x00000000e3600000, 0x00000000e3700000, 0x00000000e3700000|100%|HC|  |TAMS 0x00000000e3700000, 0x00000000e3600000| Complete 
|  55|0x00000000e3700000, 0x00000000e3800000, 0x00000000e3800000|100%|HC|  |TAMS 0x00000000e3800000, 0x00000000e3700000| Complete 
|  56|0x00000000e3800000, 0x00000000e3900000, 0x00000000e3900000|100%|HC|  |TAMS 0x00000000e3900000, 0x00000000e3800000| Complete 
|  57|0x00000000e3900000, 0x00000000e3a00000, 0x00000000e3a00000|100%|HC|  |TAMS 0x00000000e3a00000, 0x00000000e3900000| Complete 
|  58|0x00000000e3a00000, 0x00000000e3b00000, 0x00000000e3b00000|100%|HC|  |TAMS 0x00000000e3b00000, 0x00000000e3a00000| Complete 
|  59|0x00000000e3b00000, 0x00000000e3c00000, 0x00000000e3c00000|100%|HC|  |TAMS 0x00000000e3c00000, 0x00000000e3b00000| Complete 
|  60|0x00000000e3c00000, 0x00000000e3d00000, 0x00000000e3d00000|100%|HC|  |TAMS 0x00000000e3d00000, 0x00000000e3c00000| Complete 
|  61|0x00000000e3d00000, 0x00000000e3e00000, 0x00000000e3e00000|100%|HS|  |TAMS 0x00000000e3e00000, 0x00000000e3d00000| Complete 
|  62|0x00000000e3e00000, 0x00000000e3f00000, 0x00000000e3f00000|100%|HC|  |TAMS 0x00000000e3f00000, 0x00000000e3e00000| Complete 
|  63|0x00000000e3f00000, 0x00000000e4000000, 0x00000000e4000000|100%|HS|  |TAMS 0x00000000e4000000, 0x00000000e3f00000| Complete 
|  64|0x00000000e4000000, 0x00000000e4100000, 0x00000000e4100000|100%|HC|  |TAMS 0x00000000e4100000, 0x00000000e4000000| Complete 
|  65|0x00000000e4100000, 0x00000000e4200000, 0x00000000e4200000|100%|HS|  |TAMS 0x00000000e4200000, 0x00000000e4100000| Complete 
|  66|0x00000000e4200000, 0x00000000e4300000, 0x00000000e4300000|100%|HC|  |TAMS 0x00000000e4300000, 0x00000000e4200000| Complete 
|  67|0x00000000e4300000, 0x00000000e4400000, 0x00000000e4400000|100%|HC|  |TAMS 0x00000000e4400000, 0x00000000e4300000| Complete 
|  68|0x00000000e4400000, 0x00000000e4500000, 0x00000000e4500000|100%|HS|  |TAMS 0x00000000e4500000, 0x00000000e4400000| Complete 
|  69|0x00000000e4500000, 0x00000000e4600000, 0x00000000e4600000|100%|HC|  |TAMS 0x00000000e4600000, 0x00000000e4500000| Complete 
|  70|0x00000000e4600000, 0x00000000e4700000, 0x00000000e4700000|100%|HC|  |TAMS 0x00000000e4700000, 0x00000000e4600000| Complete 
|  71|0x00000000e4700000, 0x00000000e4800000, 0x00000000e4800000|100%| O|  |TAMS 0x00000000e4800000, 0x00000000e4700000| Untracked 
|  72|0x00000000e4800000, 0x00000000e4900000, 0x00000000e4900000|100%| O|  |TAMS 0x00000000e4900000, 0x00000000e4800000| Untracked 
|  73|0x00000000e4900000, 0x00000000e4a00000, 0x00000000e4a00000|100%| O|  |TAMS 0x00000000e4a00000, 0x00000000e4900000| Untracked 
|  74|0x00000000e4a00000, 0x00000000e4b00000, 0x00000000e4b00000|100%| O|  |TAMS 0x00000000e4b00000, 0x00000000e4a00000| Untracked 
|  75|0x00000000e4b00000, 0x00000000e4c00000, 0x00000000e4c00000|100%| O|  |TAMS 0x00000000e4c00000, 0x00000000e4b00000| Untracked 
|  76|0x00000000e4c00000, 0x00000000e4d00000, 0x00000000e4d00000|100%| O|  |TAMS 0x00000000e4d00000, 0x00000000e4c00000| Untracked 
|  77|0x00000000e4d00000, 0x00000000e4e00000, 0x00000000e4e00000|100%| O|  |TAMS 0x00000000e4e00000, 0x00000000e4d00000| Untracked 
|  78|0x00000000e4e00000, 0x00000000e4f00000, 0x00000000e4f00000|100%|HS|  |TAMS 0x00000000e4f00000, 0x00000000e4e00000| Complete 
|  79|0x00000000e4f00000, 0x00000000e5000000, 0x00000000e5000000|100%|HC|  |TAMS 0x00000000e5000000, 0x00000000e4f00000| Complete 
|  80|0x00000000e5000000, 0x00000000e5100000, 0x00000000e5100000|100%|HC|  |TAMS 0x00000000e5100000, 0x00000000e5000000| Complete 
|  81|0x00000000e5100000, 0x00000000e5200000, 0x00000000e5200000|100%|HC|  |TAMS 0x00000000e5200000, 0x00000000e5100000| Complete 
|  82|0x00000000e5200000, 0x00000000e5300000, 0x00000000e5300000|100%|HC|  |TAMS 0x00000000e5300000, 0x00000000e5200000| Complete 
|  83|0x00000000e5300000, 0x00000000e5400000, 0x00000000e5400000|100%|HC|  |TAMS 0x00000000e5400000, 0x00000000e5300000| Complete 
|  84|0x00000000e5400000, 0x00000000e5500000, 0x00000000e5500000|100%| O|  |TAMS 0x00000000e5500000, 0x00000000e5400000| Untracked 
|  85|0x00000000e5500000, 0x00000000e5600000, 0x00000000e5600000|100%| O|  |TAMS 0x00000000e5600000, 0x00000000e5500000| Untracked 
|  86|0x00000000e5600000, 0x00000000e5700000, 0x00000000e5700000|100%| O|  |TAMS 0x00000000e5700000, 0x00000000e5600000| Untracked 
|  87|0x00000000e5700000, 0x00000000e5800000, 0x00000000e5800000|100%| O|  |TAMS 0x00000000e5800000, 0x00000000e5700000| Untracked 
|  88|0x00000000e5800000, 0x00000000e5900000, 0x00000000e5900000|100%| O|  |TAMS 0x00000000e5900000, 0x00000000e5800000| Untracked 
|  89|0x00000000e5900000, 0x00000000e5a00000, 0x00000000e5a00000|100%| O|  |TAMS 0x00000000e5a00000, 0x00000000e5900000| Untracked 
|  90|0x00000000e5a00000, 0x00000000e5b00000, 0x00000000e5b00000|100%| O|  |TAMS 0x00000000e5b00000, 0x00000000e5a00000| Untracked 
|  91|0x00000000e5b00000, 0x00000000e5c00000, 0x00000000e5c00000|100%| O|  |TAMS 0x00000000e5c00000, 0x00000000e5b00000| Untracked 
|  92|0x00000000e5c00000, 0x00000000e5d00000, 0x00000000e5d00000|100%| O|  |TAMS 0x00000000e5d00000, 0x00000000e5c00000| Untracked 
|  93|0x00000000e5d00000, 0x00000000e5e00000, 0x00000000e5e00000|100%|HS|  |TAMS 0x00000000e5e00000, 0x00000000e5d00000| Complete 
|  94|0x00000000e5e00000, 0x00000000e5f00000, 0x00000000e5f00000|100%|HC|  |TAMS 0x00000000e5f00000, 0x00000000e5e00000| Complete 
|  95|0x00000000e5f00000, 0x00000000e6000000, 0x00000000e6000000|100%|HS|  |TAMS 0x00000000e6000000, 0x00000000e5f00000| Complete 
|  96|0x00000000e6000000, 0x00000000e6100000, 0x00000000e6100000|100%|HC|  |TAMS 0x00000000e6100000, 0x00000000e6000000| Complete 
|  97|0x00000000e6100000, 0x00000000e6200000, 0x00000000e6200000|100%|HC|  |TAMS 0x00000000e6200000, 0x00000000e6100000| Complete 
|  98|0x00000000e6200000, 0x00000000e6300000, 0x00000000e6300000|100%|HS|  |TAMS 0x00000000e6300000, 0x00000000e6200000| Complete 
|  99|0x00000000e6300000, 0x00000000e6400000, 0x00000000e6400000|100%|HC|  |TAMS 0x00000000e6400000, 0x00000000e6300000| Complete 
| 100|0x00000000e6400000, 0x00000000e6500000, 0x00000000e6500000|100%|HC|  |TAMS 0x00000000e6500000, 0x00000000e6400000| Complete 
| 101|0x00000000e6500000, 0x00000000e6600000, 0x00000000e6600000|100%|HS|  |TAMS 0x00000000e6600000, 0x00000000e6500000| Complete 
| 102|0x00000000e6600000, 0x00000000e6700000, 0x00000000e6700000|100%|HC|  |TAMS 0x00000000e6700000, 0x00000000e6600000| Complete 
| 103|0x00000000e6700000, 0x00000000e6800000, 0x00000000e6800000|100%|HS|  |TAMS 0x00000000e6800000, 0x00000000e6700000| Complete 
| 104|0x00000000e6800000, 0x00000000e6900000, 0x00000000e6900000|100%|HC|  |TAMS 0x00000000e6900000, 0x00000000e6800000| Complete 
| 105|0x00000000e6900000, 0x00000000e6a00000, 0x00000000e6a00000|100%|HC|  |TAMS 0x00000000e6a00000, 0x00000000e6900000| Complete 
| 106|0x00000000e6a00000, 0x00000000e6b00000, 0x00000000e6b00000|100%|HC|  |TAMS 0x00000000e6b00000, 0x00000000e6a00000| Complete 
| 107|0x00000000e6b00000, 0x00000000e6c00000, 0x00000000e6c00000|100%|HC|  |TAMS 0x00000000e6c00000, 0x00000000e6b00000| Complete 
| 108|0x00000000e6c00000, 0x00000000e6d00000, 0x00000000e6d00000|100%|HC|  |TAMS 0x00000000e6d00000, 0x00000000e6c00000| Complete 
| 109|0x00000000e6d00000, 0x00000000e6e00000, 0x00000000e6e00000|100%|HC|  |TAMS 0x00000000e6e00000, 0x00000000e6d00000| Complete 
| 110|0x00000000e6e00000, 0x00000000e6f00000, 0x00000000e6f00000|100%|HC|  |TAMS 0x00000000e6f00000, 0x00000000e6e00000| Complete 
| 111|0x00000000e6f00000, 0x00000000e7000000, 0x00000000e7000000|100%|HC|  |TAMS 0x00000000e7000000, 0x00000000e6f00000| Complete 
| 112|0x00000000e7000000, 0x00000000e7100000, 0x00000000e7100000|100%|HC|  |TAMS 0x00000000e7100000, 0x00000000e7000000| Complete 
| 113|0x00000000e7100000, 0x00000000e7200000, 0x00000000e7200000|100%|HC|  |TAMS 0x00000000e7200000, 0x00000000e7100000| Complete 
| 114|0x00000000e7200000, 0x00000000e7300000, 0x00000000e7300000|100%|HS|  |TAMS 0x00000000e7300000, 0x00000000e7200000| Complete 
| 115|0x00000000e7300000, 0x00000000e7400000, 0x00000000e7400000|100%|HC|  |TAMS 0x00000000e7400000, 0x00000000e7300000| Complete 
| 116|0x00000000e7400000, 0x00000000e7500000, 0x00000000e7500000|100%| O|  |TAMS 0x00000000e7500000, 0x00000000e7400000| Untracked 
| 117|0x00000000e7500000, 0x00000000e7600000, 0x00000000e7600000|100%| O|  |TAMS 0x00000000e7600000, 0x00000000e7500000| Untracked 
| 118|0x00000000e7600000, 0x00000000e7700000, 0x00000000e7700000|100%| O|  |TAMS 0x00000000e7700000, 0x00000000e7600000| Untracked 
| 119|0x00000000e7700000, 0x00000000e7800000, 0x00000000e7800000|100%| O|  |TAMS 0x00000000e7800000, 0x00000000e7700000| Untracked 
| 120|0x00000000e7800000, 0x00000000e7900000, 0x00000000e7900000|100%|HS|  |TAMS 0x00000000e7900000, 0x00000000e7800000| Complete 
| 121|0x00000000e7900000, 0x00000000e7a00000, 0x00000000e7a00000|100%|HC|  |TAMS 0x00000000e7a00000, 0x00000000e7900000| Complete 
| 122|0x00000000e7a00000, 0x00000000e7b00000, 0x00000000e7b00000|100%|HC|  |TAMS 0x00000000e7b00000, 0x00000000e7a00000| Complete 
| 123|0x00000000e7b00000, 0x00000000e7c00000, 0x00000000e7c00000|100%|HC|  |TAMS 0x00000000e7c00000, 0x00000000e7b00000| Complete 
| 124|0x00000000e7c00000, 0x00000000e7d00000, 0x00000000e7d00000|100%|HC|  |TAMS 0x00000000e7d00000, 0x00000000e7c00000| Complete 
| 125|0x00000000e7d00000, 0x00000000e7e00000, 0x00000000e7e00000|100%| O|  |TAMS 0x00000000e7e00000, 0x00000000e7d00000| Untracked 
| 126|0x00000000e7e00000, 0x00000000e7f00000, 0x00000000e7f00000|100%| O|  |TAMS 0x00000000e7f00000, 0x00000000e7e00000| Untracked 
| 127|0x00000000e7f00000, 0x00000000e8000000, 0x00000000e8000000|100%| O|  |TAMS 0x00000000e8000000, 0x00000000e7f00000| Untracked 
| 128|0x00000000e8000000, 0x00000000e8100000, 0x00000000e8100000|100%| O|  |TAMS 0x00000000e8100000, 0x00000000e8000000| Untracked 
| 129|0x00000000e8100000, 0x00000000e8200000, 0x00000000e8200000|100%| O|  |TAMS 0x00000000e8200000, 0x00000000e8100000| Untracked 
| 130|0x00000000e8200000, 0x00000000e8300000, 0x00000000e8300000|100%| O|  |TAMS 0x00000000e8300000, 0x00000000e8200000| Untracked 
| 131|0x00000000e8300000, 0x00000000e8400000, 0x00000000e8400000|100%| O|  |TAMS 0x00000000e8400000, 0x00000000e8300000| Untracked 
| 132|0x00000000e8400000, 0x00000000e8500000, 0x00000000e8500000|100%| O|  |TAMS 0x00000000e8500000, 0x00000000e8400000| Untracked 
| 133|0x00000000e8500000, 0x00000000e8600000, 0x00000000e8600000|100%| O|  |TAMS 0x00000000e8600000, 0x00000000e8500000| Untracked 
| 134|0x00000000e8600000, 0x00000000e8700000, 0x00000000e8700000|100%| O|  |TAMS 0x00000000e8700000, 0x00000000e8600000| Untracked 
| 135|0x00000000e8700000, 0x00000000e8800000, 0x00000000e8800000|100%| O|  |TAMS 0x00000000e8800000, 0x00000000e8700000| Untracked 
| 136|0x00000000e8800000, 0x00000000e8900000, 0x00000000e8900000|100%| O|  |TAMS 0x00000000e8900000, 0x00000000e8800000| Untracked 
| 137|0x00000000e8900000, 0x00000000e8a00000, 0x00000000e8a00000|100%| O|  |TAMS 0x00000000e8a00000, 0x00000000e8900000| Untracked 
| 138|0x00000000e8a00000, 0x00000000e8b00000, 0x00000000e8b00000|100%| O|  |TAMS 0x00000000e8b00000, 0x00000000e8a00000| Untracked 
| 139|0x00000000e8b00000, 0x00000000e8c00000, 0x00000000e8c00000|100%| O|  |TAMS 0x00000000e8c00000, 0x00000000e8b00000| Untracked 
| 140|0x00000000e8c00000, 0x00000000e8d00000, 0x00000000e8d00000|100%| O|  |TAMS 0x00000000e8d00000, 0x00000000e8c00000| Untracked 
| 141|0x00000000e8d00000, 0x00000000e8e00000, 0x00000000e8e00000|100%| O|  |TAMS 0x00000000e8e00000, 0x00000000e8d00000| Untracked 
| 142|0x00000000e8e00000, 0x00000000e8e33000, 0x00000000e8f00000| 19%| O|  |TAMS 0x00000000e8e33000, 0x00000000e8e00000| Untracked 
| 143|0x00000000e8f00000, 0x00000000e8f00000, 0x00000000e9000000|  0%| F|  |TAMS 0x00000000e8f00000, 0x00000000e8f00000| Untracked 
| 144|0x00000000e9000000, 0x00000000e9000000, 0x00000000e9100000|  0%| F|  |TAMS 0x00000000e9000000, 0x00000000e9000000| Untracked 
| 145|0x00000000e9100000, 0x00000000e9100000, 0x00000000e9200000|  0%| F|  |TAMS 0x00000000e9100000, 0x00000000e9100000| Untracked 
| 146|0x00000000e9200000, 0x00000000e9200000, 0x00000000e9300000|  0%| F|  |TAMS 0x00000000e9200000, 0x00000000e9200000| Untracked 
| 147|0x00000000e9300000, 0x00000000e9300000, 0x00000000e9400000|  0%| F|  |TAMS 0x00000000e9300000, 0x00000000e9300000| Untracked 
| 148|0x00000000e9400000, 0x00000000e9400000, 0x00000000e9500000|  0%| F|  |TAMS 0x00000000e9400000, 0x00000000e9400000| Untracked 
| 149|0x00000000e9500000, 0x00000000e9500000, 0x00000000e9600000|  0%| F|  |TAMS 0x00000000e9500000, 0x00000000e9500000| Untracked 
| 150|0x00000000e9600000, 0x00000000e9600000, 0x00000000e9700000|  0%| F|  |TAMS 0x00000000e9600000, 0x00000000e9600000| Untracked 
| 151|0x00000000e9700000, 0x00000000e9700000, 0x00000000e9800000|  0%| F|  |TAMS 0x00000000e9700000, 0x00000000e9700000| Untracked 
| 152|0x00000000e9800000, 0x00000000e9800000, 0x00000000e9900000|  0%| F|  |TAMS 0x00000000e9800000, 0x00000000e9800000| Untracked 
| 153|0x00000000e9900000, 0x00000000e9900000, 0x00000000e9a00000|  0%| F|  |TAMS 0x00000000e9900000, 0x00000000e9900000| Untracked 
| 154|0x00000000e9a00000, 0x00000000e9a00000, 0x00000000e9b00000|  0%| F|  |TAMS 0x00000000e9a00000, 0x00000000e9a00000| Untracked 
| 155|0x00000000e9b00000, 0x00000000e9b00000, 0x00000000e9c00000|  0%| F|  |TAMS 0x00000000e9b00000, 0x00000000e9b00000| Untracked 
| 156|0x00000000e9c00000, 0x00000000e9c00000, 0x00000000e9d00000|  0%| F|  |TAMS 0x00000000e9c00000, 0x00000000e9c00000| Untracked 
| 157|0x00000000e9d00000, 0x00000000e9d00000, 0x00000000e9e00000|  0%| F|  |TAMS 0x00000000e9d00000, 0x00000000e9d00000| Untracked 
| 158|0x00000000e9e00000, 0x00000000e9e00000, 0x00000000e9f00000|  0%| F|  |TAMS 0x00000000e9e00000, 0x00000000e9e00000| Untracked 
| 159|0x00000000e9f00000, 0x00000000e9f00000, 0x00000000ea000000|  0%| F|  |TAMS 0x00000000e9f00000, 0x00000000e9f00000| Untracked 
| 160|0x00000000ea000000, 0x00000000ea000000, 0x00000000ea100000|  0%| F|  |TAMS 0x00000000ea000000, 0x00000000ea000000| Untracked 
| 161|0x00000000ea100000, 0x00000000ea100000, 0x00000000ea200000|  0%| F|  |TAMS 0x00000000ea100000, 0x00000000ea100000| Untracked 
| 162|0x00000000ea200000, 0x00000000ea200000, 0x00000000ea300000|  0%| F|  |TAMS 0x00000000ea200000, 0x00000000ea200000| Untracked 
| 163|0x00000000ea300000, 0x00000000ea300000, 0x00000000ea400000|  0%| F|  |TAMS 0x00000000ea300000, 0x00000000ea300000| Untracked 
| 164|0x00000000ea400000, 0x00000000ea400000, 0x00000000ea500000|  0%| F|  |TAMS 0x00000000ea400000, 0x00000000ea400000| Untracked 
| 165|0x00000000ea500000, 0x00000000ea500000, 0x00000000ea600000|  0%| F|  |TAMS 0x00000000ea500000, 0x00000000ea500000| Untracked 
| 166|0x00000000ea600000, 0x00000000ea600000, 0x00000000ea700000|  0%| F|  |TAMS 0x00000000ea600000, 0x00000000ea600000| Untracked 
| 167|0x00000000ea700000, 0x00000000ea700000, 0x00000000ea800000|  0%| F|  |TAMS 0x00000000ea700000, 0x00000000ea700000| Untracked 
| 168|0x00000000ea800000, 0x00000000ea800000, 0x00000000ea900000|  0%| F|  |TAMS 0x00000000ea800000, 0x00000000ea800000| Untracked 
| 169|0x00000000ea900000, 0x00000000ea900000, 0x00000000eaa00000|  0%| F|  |TAMS 0x00000000ea900000, 0x00000000ea900000| Untracked 
| 170|0x00000000eaa00000, 0x00000000eaa00000, 0x00000000eab00000|  0%| F|  |TAMS 0x00000000eaa00000, 0x00000000eaa00000| Untracked 
| 171|0x00000000eab00000, 0x00000000eab00000, 0x00000000eac00000|  0%| F|  |TAMS 0x00000000eab00000, 0x00000000eab00000| Untracked 
| 172|0x00000000eac00000, 0x00000000eac00000, 0x00000000ead00000|  0%| F|  |TAMS 0x00000000eac00000, 0x00000000eac00000| Untracked 
| 173|0x00000000ead00000, 0x00000000ead00000, 0x00000000eae00000|  0%| F|  |TAMS 0x00000000ead00000, 0x00000000ead00000| Untracked 
| 174|0x00000000eae00000, 0x00000000eae00000, 0x00000000eaf00000|  0%| F|  |TAMS 0x00000000eae00000, 0x00000000eae00000| Untracked 
| 175|0x00000000eaf00000, 0x00000000eaf00000, 0x00000000eb000000|  0%| F|  |TAMS 0x00000000eaf00000, 0x00000000eaf00000| Untracked 
| 176|0x00000000eb000000, 0x00000000eb000000, 0x00000000eb100000|  0%| F|  |TAMS 0x00000000eb000000, 0x00000000eb000000| Untracked 
| 177|0x00000000eb100000, 0x00000000eb100000, 0x00000000eb200000|  0%| F|  |TAMS 0x00000000eb100000, 0x00000000eb100000| Untracked 
| 178|0x00000000eb200000, 0x00000000eb200000, 0x00000000eb300000|  0%| F|  |TAMS 0x00000000eb200000, 0x00000000eb200000| Untracked 
| 179|0x00000000eb300000, 0x00000000eb300000, 0x00000000eb400000|  0%| F|  |TAMS 0x00000000eb300000, 0x00000000eb300000| Untracked 
| 180|0x00000000eb400000, 0x00000000eb400000, 0x00000000eb500000|  0%| F|  |TAMS 0x00000000eb400000, 0x00000000eb400000| Untracked 
| 181|0x00000000eb500000, 0x00000000eb500000, 0x00000000eb600000|  0%| F|  |TAMS 0x00000000eb500000, 0x00000000eb500000| Untracked 
| 182|0x00000000eb600000, 0x00000000eb600000, 0x00000000eb700000|  0%| F|  |TAMS 0x00000000eb600000, 0x00000000eb600000| Untracked 
| 183|0x00000000eb700000, 0x00000000eb700000, 0x00000000eb800000|  0%| F|  |TAMS 0x00000000eb700000, 0x00000000eb700000| Untracked 
| 184|0x00000000eb800000, 0x00000000eb800000, 0x00000000eb900000|  0%| F|  |TAMS 0x00000000eb800000, 0x00000000eb800000| Untracked 
| 185|0x00000000eb900000, 0x00000000eb900000, 0x00000000eba00000|  0%| F|  |TAMS 0x00000000eb900000, 0x00000000eb900000| Untracked 
| 186|0x00000000eba00000, 0x00000000eba00000, 0x00000000ebb00000|  0%| F|  |TAMS 0x00000000eba00000, 0x00000000eba00000| Untracked 
| 187|0x00000000ebb00000, 0x00000000ebb00000, 0x00000000ebc00000|  0%| F|  |TAMS 0x00000000ebb00000, 0x00000000ebb00000| Untracked 
| 188|0x00000000ebc00000, 0x00000000ebc00000, 0x00000000ebd00000|  0%| F|  |TAMS 0x00000000ebc00000, 0x00000000ebc00000| Untracked 
| 189|0x00000000ebd00000, 0x00000000ebd77be0, 0x00000000ebe00000| 46%| S|CS|TAMS 0x00000000ebd00000, 0x00000000ebd00000| Complete 
| 190|0x00000000ebe00000, 0x00000000ebf00000, 0x00000000ebf00000|100%| S|CS|TAMS 0x00000000ebe00000, 0x00000000ebe00000| Complete 
| 191|0x00000000ebf00000, 0x00000000ec000000, 0x00000000ec000000|100%| S|CS|TAMS 0x00000000ebf00000, 0x00000000ebf00000| Complete 
| 192|0x00000000ec000000, 0x00000000ec000000, 0x00000000ec100000|  0%| F|  |TAMS 0x00000000ec000000, 0x00000000ec000000| Untracked 
| 193|0x00000000ec100000, 0x00000000ec100000, 0x00000000ec200000|  0%| F|  |TAMS 0x00000000ec100000, 0x00000000ec100000| Untracked 
| 194|0x00000000ec200000, 0x00000000ec200000, 0x00000000ec300000|  0%| F|  |TAMS 0x00000000ec200000, 0x00000000ec200000| Untracked 
| 195|0x00000000ec300000, 0x00000000ec300000, 0x00000000ec400000|  0%| F|  |TAMS 0x00000000ec300000, 0x00000000ec300000| Untracked 
| 196|0x00000000ec400000, 0x00000000ec400000, 0x00000000ec500000|  0%| F|  |TAMS 0x00000000ec400000, 0x00000000ec400000| Untracked 
| 197|0x00000000ec500000, 0x00000000ec500000, 0x00000000ec600000|  0%| F|  |TAMS 0x00000000ec500000, 0x00000000ec500000| Untracked 
| 198|0x00000000ec600000, 0x00000000ec600000, 0x00000000ec700000|  0%| F|  |TAMS 0x00000000ec600000, 0x00000000ec600000| Untracked 
| 199|0x00000000ec700000, 0x00000000ec700000, 0x00000000ec800000|  0%| F|  |TAMS 0x00000000ec700000, 0x00000000ec700000| Untracked 
| 200|0x00000000ec800000, 0x00000000ec800000, 0x00000000ec900000|  0%| F|  |TAMS 0x00000000ec800000, 0x00000000ec800000| Untracked 
| 201|0x00000000ec900000, 0x00000000ec900000, 0x00000000eca00000|  0%| F|  |TAMS 0x00000000ec900000, 0x00000000ec900000| Untracked 
| 202|0x00000000eca00000, 0x00000000ecb00000, 0x00000000ecb00000|100%| E|  |TAMS 0x00000000eca00000, 0x00000000eca00000| Complete 
| 203|0x00000000ecb00000, 0x00000000ecc00000, 0x00000000ecc00000|100%| E|CS|TAMS 0x00000000ecb00000, 0x00000000ecb00000| Complete 
| 204|0x00000000ecc00000, 0x00000000ecd00000, 0x00000000ecd00000|100%| E|CS|TAMS 0x00000000ecc00000, 0x00000000ecc00000| Complete 
| 205|0x00000000ecd00000, 0x00000000ece00000, 0x00000000ece00000|100%| E|CS|TAMS 0x00000000ecd00000, 0x00000000ecd00000| Complete 
| 206|0x00000000ece00000, 0x00000000ecf00000, 0x00000000ecf00000|100%| E|CS|TAMS 0x00000000ece00000, 0x00000000ece00000| Complete 
| 207|0x00000000ecf00000, 0x00000000ed000000, 0x00000000ed000000|100%| E|CS|TAMS 0x00000000ecf00000, 0x00000000ecf00000| Complete 
| 208|0x00000000ed000000, 0x00000000ed100000, 0x00000000ed100000|100%| E|CS|TAMS 0x00000000ed000000, 0x00000000ed000000| Complete 
| 209|0x00000000ed100000, 0x00000000ed200000, 0x00000000ed200000|100%| E|CS|TAMS 0x00000000ed100000, 0x00000000ed100000| Complete 
| 210|0x00000000ed200000, 0x00000000ed300000, 0x00000000ed300000|100%| E|CS|TAMS 0x00000000ed200000, 0x00000000ed200000| Complete 
| 211|0x00000000ed300000, 0x00000000ed400000, 0x00000000ed400000|100%| E|CS|TAMS 0x00000000ed300000, 0x00000000ed300000| Complete 
| 212|0x00000000ed400000, 0x00000000ed500000, 0x00000000ed500000|100%| E|CS|TAMS 0x00000000ed400000, 0x00000000ed400000| Complete 
| 213|0x00000000ed500000, 0x00000000ed600000, 0x00000000ed600000|100%| E|CS|TAMS 0x00000000ed500000, 0x00000000ed500000| Complete 
| 214|0x00000000ed600000, 0x00000000ed700000, 0x00000000ed700000|100%| E|CS|TAMS 0x00000000ed600000, 0x00000000ed600000| Complete 
| 215|0x00000000ed700000, 0x00000000ed800000, 0x00000000ed800000|100%| E|CS|TAMS 0x00000000ed700000, 0x00000000ed700000| Complete 
| 216|0x00000000ed800000, 0x00000000ed900000, 0x00000000ed900000|100%| E|CS|TAMS 0x00000000ed800000, 0x00000000ed800000| Complete 
| 217|0x00000000ed900000, 0x00000000eda00000, 0x00000000eda00000|100%| E|CS|TAMS 0x00000000ed900000, 0x00000000ed900000| Complete 
| 218|0x00000000eda00000, 0x00000000edb00000, 0x00000000edb00000|100%| E|CS|TAMS 0x00000000eda00000, 0x00000000eda00000| Complete 
| 219|0x00000000edb00000, 0x00000000edc00000, 0x00000000edc00000|100%| E|CS|TAMS 0x00000000edb00000, 0x00000000edb00000| Complete 
| 220|0x00000000edc00000, 0x00000000edd00000, 0x00000000edd00000|100%| E|CS|TAMS 0x00000000edc00000, 0x00000000edc00000| Complete 
| 221|0x00000000edd00000, 0x00000000ede00000, 0x00000000ede00000|100%| E|CS|TAMS 0x00000000edd00000, 0x00000000edd00000| Complete 
| 222|0x00000000ede00000, 0x00000000edf00000, 0x00000000edf00000|100%| E|CS|TAMS 0x00000000ede00000, 0x00000000ede00000| Complete 
| 223|0x00000000edf00000, 0x00000000ee000000, 0x00000000ee000000|100%| E|CS|TAMS 0x00000000edf00000, 0x00000000edf00000| Complete 
| 224|0x00000000ee000000, 0x00000000ee100000, 0x00000000ee100000|100%| E|CS|TAMS 0x00000000ee000000, 0x00000000ee000000| Complete 
| 225|0x00000000ee100000, 0x00000000ee200000, 0x00000000ee200000|100%| E|CS|TAMS 0x00000000ee100000, 0x00000000ee100000| Complete 
| 226|0x00000000ee200000, 0x00000000ee300000, 0x00000000ee300000|100%| E|CS|TAMS 0x00000000ee200000, 0x00000000ee200000| Complete 
| 227|0x00000000ee300000, 0x00000000ee400000, 0x00000000ee400000|100%| E|CS|TAMS 0x00000000ee300000, 0x00000000ee300000| Complete 
| 228|0x00000000ee400000, 0x00000000ee500000, 0x00000000ee500000|100%| E|CS|TAMS 0x00000000ee400000, 0x00000000ee400000| Complete 
| 229|0x00000000ee500000, 0x00000000ee600000, 0x00000000ee600000|100%| E|CS|TAMS 0x00000000ee500000, 0x00000000ee500000| Complete 
| 230|0x00000000ee600000, 0x00000000ee700000, 0x00000000ee700000|100%| E|CS|TAMS 0x00000000ee600000, 0x00000000ee600000| Complete 
| 231|0x00000000ee700000, 0x00000000ee800000, 0x00000000ee800000|100%| E|CS|TAMS 0x00000000ee700000, 0x00000000ee700000| Complete 
| 232|0x00000000ee800000, 0x00000000ee900000, 0x00000000ee900000|100%| E|CS|TAMS 0x00000000ee800000, 0x00000000ee800000| Complete 
| 233|0x00000000ee900000, 0x00000000eea00000, 0x00000000eea00000|100%| E|CS|TAMS 0x00000000ee900000, 0x00000000ee900000| Complete 
| 234|0x00000000eea00000, 0x00000000eeb00000, 0x00000000eeb00000|100%| E|CS|TAMS 0x00000000eea00000, 0x00000000eea00000| Complete 
| 235|0x00000000eeb00000, 0x00000000eec00000, 0x00000000eec00000|100%| E|CS|TAMS 0x00000000eeb00000, 0x00000000eeb00000| Complete 
| 236|0x00000000eec00000, 0x00000000eed00000, 0x00000000eed00000|100%| E|CS|TAMS 0x00000000eec00000, 0x00000000eec00000| Complete 
| 237|0x00000000eed00000, 0x00000000eee00000, 0x00000000eee00000|100%| E|CS|TAMS 0x00000000eed00000, 0x00000000eed00000| Complete 
| 238|0x00000000eee00000, 0x00000000eef00000, 0x00000000eef00000|100%| E|CS|TAMS 0x00000000eee00000, 0x00000000eee00000| Complete 
| 239|0x00000000eef00000, 0x00000000ef000000, 0x00000000ef000000|100%| E|CS|TAMS 0x00000000eef00000, 0x00000000eef00000| Complete 
| 240|0x00000000ef000000, 0x00000000ef100000, 0x00000000ef100000|100%| E|CS|TAMS 0x00000000ef000000, 0x00000000ef000000| Complete 
| 241|0x00000000ef100000, 0x00000000ef200000, 0x00000000ef200000|100%| E|CS|TAMS 0x00000000ef100000, 0x00000000ef100000| Complete 
| 242|0x00000000ef200000, 0x00000000ef300000, 0x00000000ef300000|100%| E|CS|TAMS 0x00000000ef200000, 0x00000000ef200000| Complete 
| 243|0x00000000ef300000, 0x00000000ef400000, 0x00000000ef400000|100%| E|CS|TAMS 0x00000000ef300000, 0x00000000ef300000| Complete 
| 244|0x00000000ef400000, 0x00000000ef500000, 0x00000000ef500000|100%| E|CS|TAMS 0x00000000ef400000, 0x00000000ef400000| Complete 
| 245|0x00000000ef500000, 0x00000000ef600000, 0x00000000ef600000|100%| E|CS|TAMS 0x00000000ef500000, 0x00000000ef500000| Complete 
| 246|0x00000000ef600000, 0x00000000ef700000, 0x00000000ef700000|100%| E|CS|TAMS 0x00000000ef600000, 0x00000000ef600000| Complete 
| 247|0x00000000ef700000, 0x00000000ef800000, 0x00000000ef800000|100%| E|CS|TAMS 0x00000000ef700000, 0x00000000ef700000| Complete 
| 248|0x00000000ef800000, 0x00000000ef900000, 0x00000000ef900000|100%| E|CS|TAMS 0x00000000ef800000, 0x00000000ef800000| Complete 
| 249|0x00000000ef900000, 0x00000000efa00000, 0x00000000efa00000|100%| E|CS|TAMS 0x00000000ef900000, 0x00000000ef900000| Complete 
| 250|0x00000000efa00000, 0x00000000efb00000, 0x00000000efb00000|100%| E|CS|TAMS 0x00000000efa00000, 0x00000000efa00000| Complete 
| 251|0x00000000efb00000, 0x00000000efc00000, 0x00000000efc00000|100%| E|CS|TAMS 0x00000000efb00000, 0x00000000efb00000| Complete 
| 252|0x00000000efc00000, 0x00000000efd00000, 0x00000000efd00000|100%| E|CS|TAMS 0x00000000efc00000, 0x00000000efc00000| Complete 
| 253|0x00000000efd00000, 0x00000000efe00000, 0x00000000efe00000|100%| E|CS|TAMS 0x00000000efd00000, 0x00000000efd00000| Complete 
| 254|0x00000000efe00000, 0x00000000eff00000, 0x00000000eff00000|100%| E|CS|TAMS 0x00000000efe00000, 0x00000000efe00000| Complete 
| 255|0x00000000eff00000, 0x00000000f0000000, 0x00000000f0000000|100%| E|CS|TAMS 0x00000000eff00000, 0x00000000eff00000| Complete 

Card table byte_map: [0x0000022a9e6f0000,0x0000022a9e7f0000] _byte_map_base: 0x0000022a9dff0000

Marking Bits (Prev, Next): (CMBitMap*) 0x0000022a86b8aa00, (CMBitMap*) 0x0000022a86b8a9c8
 Prev Bits: [0x0000022a9f0f0000, 0x0000022a9f8f0000)
 Next Bits: [0x0000022a9e8f0000, 0x0000022a9f0f0000)

Polling page: 0x0000022a86340000

Metaspace:

Usage:
  Non-class:     68.22 MB capacity,    66.79 MB ( 98%) used,     1.18 MB (  2%) free+waste,   249.56 KB ( <1%) overhead. 
      Class:     10.73 MB capacity,     9.84 MB ( 92%) used,   791.38 KB (  7%) free+waste,   118.88 KB (  1%) overhead. 
       Both:     78.94 MB capacity,    76.63 MB ( 97%) used,     1.95 MB (  2%) free+waste,   368.44 KB ( <1%) overhead. 

Virtual space:
  Non-class space:       70.00 MB reserved,      68.42 MB ( 98%) committed 
      Class space:      248.00 MB reserved,      10.78 MB (  4%) committed 
             Both:      318.00 MB reserved,      79.20 MB ( 25%) committed 

Chunk freelists:
   Non-Class:  17.00 KB
       Class:  0 bytes
        Both:  17.00 KB

MaxMetaspaceSize: 256.00 MB
CompressedClassSpaceSize: 248.00 MB
Initial GC threshold: 20.80 MB
Current GC threshold: 126.38 MB
CDS: off

CodeHeap 'non-profiled nmethods': size=120000Kb used=5039Kb max_used=5039Kb free=114960Kb
 bounds [0x0000022a96d90000, 0x0000022a97280000, 0x0000022a9e2c0000]
CodeHeap 'profiled nmethods': size=120000Kb used=18791Kb max_used=18791Kb free=101208Kb
 bounds [0x0000022a8f860000, 0x0000022a90ac0000, 0x0000022a96d90000]
CodeHeap 'non-nmethods': size=5760Kb used=2381Kb max_used=2420Kb free=3378Kb
 bounds [0x0000022a8f2c0000, 0x0000022a8f530000, 0x0000022a8f860000]
 total_blobs=9713 nmethods=8805 adapters=820
 compilation: enabled
              stopped_count=0, restarted_count=0
 full_count=0

Compilation events (20 events):
Event: 50.260 Thread 0x0000022aa237b800 8993       1       io.spring.gradle.dependencymanagement.org.apache.maven.model.Scm::setConnection (6 bytes)
Event: 50.260 Thread 0x0000022aa237b800 nmethod 8993 0x0000022a97279f10 code [0x0000022a9727a0c0, 0x0000022a9727a1b8]
Event: 50.261 Thread 0x0000022aa237b800 8994       3       org.gradle.api.specs.Specs::satisfyAll (10 bytes)
Event: 50.261 Thread 0x0000022aa237b800 nmethod 8994 0x0000022a90a95390 code [0x0000022a90a95540, 0x0000022a90a95678]
Event: 50.261 Thread 0x0000022aa237b800 8995       3       org.gradle.api.internal.DefaultDomainObjectSet::<init> (21 bytes)
Event: 50.263 Thread 0x0000022aa237b800 nmethod 8995 0x0000022a90a95710 code [0x0000022a90a95a40, 0x0000022a90a96fe8]
Event: 50.263 Thread 0x0000022aa237b800 8997       3       org.gradle.api.internal.collections.AbstractIterationOrderRetainingElementSource::size (43 bytes)
Event: 50.263 Thread 0x0000022aa237b800 nmethod 8997 0x0000022a90a97690 code [0x0000022a90a978a0, 0x0000022a90a97f18]
Event: 50.263 Thread 0x0000022aa237b800 8996       3       org.gradle.api.internal.collections.IterationOrderRetainingSetElementSource::<init> (28 bytes)
Event: 50.264 Thread 0x0000022aa237b800 nmethod 8996 0x0000022a90a98110 code [0x0000022a90a983c0, 0x0000022a90a992b8]
Event: 50.264 Thread 0x0000022aa237b800 8998       3       org.gradle.api.internal.artifacts.ivyservice.resolveengine.graph.builder.NodeState::visitOwners (123 bytes)
Event: 50.266 Thread 0x0000022aa237b800 nmethod 8998 0x0000022a90a99790 code [0x0000022a90a99b40, 0x0000022a90a9b3c8]
Event: 50.269 Thread 0x0000022aa237b800 8999       3       org.gradle.api.internal.artifacts.ivyservice.resolveengine.graph.builder.NodeState::shouldIncludedInGraphResult (26 bytes)
Event: 50.269 Thread 0x0000022aa237b800 nmethod 8999 0x0000022a90a9bc90 code [0x0000022a90a9be80, 0x0000022a90a9c308]
Event: 50.269 Thread 0x0000022aa237b800 9000       3       org.gradle.api.internal.artifacts.ivyservice.resolveengine.graph.builder.ComponentState::getSelectionReason (122 bytes)
Event: 50.271 Thread 0x0000022aa237b800 nmethod 9000 0x0000022a90a9c490 code [0x0000022a90a9c7c0, 0x0000022a90a9db18]
Event: 50.271 Thread 0x0000022aa237b800 9002       3       com.esotericsoftware.kryo.io.Input::readLong (181 bytes)
Event: 50.271 Thread 0x0000022aa237b800 nmethod 9002 0x0000022a90a9e110 code [0x0000022a90a9e2e0, 0x0000022a90a9e608]
Event: 50.271 Thread 0x0000022aa237b800 9001       3       org.gradle.api.internal.artifacts.ivyservice.resolveengine.graph.builder.ComponentState::getResolvedVariants (24 bytes)
Event: 50.272 Thread 0x0000022aa237b800 nmethod 9001 0x0000022a90a9e790 code [0x0000022a90a9e9e0, 0x0000022a90a9f338]

GC Heap History (20 events):
Event: 6.029 GC heap before
{Heap before GC invocations=1 (full 0):
 garbage-first heap   total 262144K, used 106016K [0x00000000e0000000, 0x0000000100000000)
  region size 1024K, 97 young (99328K), 3 survivors (3072K)
 Metaspace       used 20769K, capacity 21219K, committed 21296K, reserved 274432K
  class space    used 2507K, capacity 2665K, committed 2688K, reserved 253952K
}
Event: 6.042 GC heap after
{Heap after GC invocations=2 (full 0):
 garbage-first heap   total 262144K, used 17594K [0x00000000e0000000, 0x0000000100000000)
  region size 1024K, 11 young (11264K), 11 survivors (11264K)
 Metaspace       used 20769K, capacity 21219K, committed 21296K, reserved 274432K
  class space    used 2507K, capacity 2665K, committed 2688K, reserved 253952K
}
Event: 6.331 GC heap before
{Heap before GC invocations=3 (full 0):
 garbage-first heap   total 262144K, used 41146K [0x00000000e0000000, 0x0000000100000000)
  region size 1024K, 34 young (34816K), 11 survivors (11264K)
 Metaspace       used 22902K, capacity 23438K, committed 23804K, reserved 276480K
  class space    used 2882K, capacity 3048K, committed 3148K, reserved 253952K
}
Event: 6.338 GC heap after
{Heap after GC invocations=4 (full 0):
 garbage-first heap   total 262144K, used 18920K [0x00000000e0000000, 0x0000000100000000)
  region size 1024K, 2 young (2048K), 2 survivors (2048K)
 Metaspace       used 22902K, capacity 23438K, committed 23804K, reserved 276480K
  class space    used 2882K, capacity 3048K, committed 3148K, reserved 253952K
}
Event: 13.454 GC heap before
{Heap before GC invocations=4 (full 0):
 garbage-first heap   total 262144K, used 137704K [0x00000000e0000000, 0x0000000100000000)
  region size 1024K, 91 young (93184K), 2 survivors (2048K)
 Metaspace       used 31259K, capacity 32277K, committed 32380K, reserved 282624K
  class space    used 4165K, capacity 4530K, committed 4556K, reserved 253952K
}
Event: 13.463 GC heap after
{Heap after GC invocations=5 (full 0):
 garbage-first heap   total 262144K, used 54273K [0x00000000e0000000, 0x0000000100000000)
  region size 1024K, 8 young (8192K), 8 survivors (8192K)
 Metaspace       used 31259K, capacity 32277K, committed 32380K, reserved 282624K
  class space    used 4165K, capacity 4530K, committed 4556K, reserved 253952K
}
Event: 15.173 GC heap before
{Heap before GC invocations=5 (full 0):
 garbage-first heap   total 262144K, used 81921K [0x00000000e0000000, 0x0000000100000000)
  region size 1024K, 36 young (36864K), 8 survivors (8192K)
 Metaspace       used 34878K, capacity 35950K, committed 36048K, reserved 286720K
  class space    used 4667K, capacity 5072K, committed 5152K, reserved 253952K
}
Event: 15.184 GC heap after
{Heap after GC invocations=6 (full 0):
 garbage-first heap   total 262144K, used 56290K [0x00000000e0000000, 0x0000000100000000)
  region size 1024K, 9 young (9216K), 9 survivors (9216K)
 Metaspace       used 34878K, capacity 35950K, committed 36048K, reserved 286720K
  class space    used 4667K, capacity 5072K, committed 5152K, reserved 253952K
}
Event: 25.440 GC heap before
{Heap before GC invocations=7 (full 0):
 garbage-first heap   total 262144K, used 177122K [0x00000000e0000000, 0x0000000100000000)
  region size 1024K, 103 young (105472K), 9 survivors (9216K)
 Metaspace       used 44958K, capacity 46218K, committed 46416K, reserved 294912K
  class space    used 5746K, capacity 6201K, committed 6304K, reserved 253952K
}
Event: 25.470 GC heap after
{Heap after GC invocations=8 (full 0):
 garbage-first heap   total 262144K, used 87429K [0x00000000e0000000, 0x0000000100000000)
  region size 1024K, 11 young (11264K), 11 survivors (11264K)
 Metaspace       used 44958K, capacity 46218K, committed 46416K, reserved 294912K
  class space    used 5746K, capacity 6201K, committed 6304K, reserved 253952K
}
Event: 28.180 GC heap before
{Heap before GC invocations=9 (full 0):
 garbage-first heap   total 262144K, used 182661K [0x00000000e0000000, 0x0000000100000000)
  region size 1024K, 96 young (98304K), 11 survivors (11264K)
 Metaspace       used 52405K, capacity 53828K, committed 53840K, reserved 301056K
  class space    used 6781K, capacity 7326K, committed 7328K, reserved 253952K
}
Event: 28.200 GC heap after
{Heap after GC invocations=10 (full 0):
 garbage-first heap   total 262144K, used 99482K [0x00000000e0000000, 0x0000000100000000)
  region size 1024K, 6 young (6144K), 6 survivors (6144K)
 Metaspace       used 52405K, capacity 53828K, committed 53840K, reserved 301056K
  class space    used 6781K, capacity 7326K, committed 7328K, reserved 253952K
}
Event: 31.017 GC heap before
{Heap before GC invocations=10 (full 0):
 garbage-first heap   total 262144K, used 184474K [0x00000000e0000000, 0x0000000100000000)
  region size 1024K, 90 young (92160K), 6 survivors (6144K)
 Metaspace       used 63126K, capacity 64757K, committed 64976K, reserved 311296K
  class space    used 8117K, capacity 8717K, committed 8736K, reserved 253952K
}
Event: 31.029 GC heap after
{Heap after GC invocations=11 (full 0):
 garbage-first heap   total 262144K, used 104972K [0x00000000e0000000, 0x0000000100000000)
  region size 1024K, 11 young (11264K), 11 survivors (11264K)
 Metaspace       used 63126K, capacity 64757K, committed 64976K, reserved 311296K
  class space    used 8117K, capacity 8717K, committed 8736K, reserved 253952K
}
Event: 34.614 GC heap before
{Heap before GC invocations=11 (full 0):
 garbage-first heap   total 262144K, used 203276K [0x00000000e0000000, 0x0000000100000000)
  region size 1024K, 86 young (88064K), 11 survivors (11264K)
 Metaspace       used 68572K, capacity 70585K, committed 70864K, reserved 315392K
  class space    used 8900K, capacity 9675K, committed 9760K, reserved 253952K
}
Event: 34.654 GC heap after
{Heap after GC invocations=12 (full 0):
 garbage-first heap   total 262144K, used 135571K [0x00000000e0000000, 0x0000000100000000)
  region size 1024K, 13 young (13312K), 13 survivors (13312K)
 Metaspace       used 68572K, capacity 70585K, committed 70864K, reserved 315392K
  class space    used 8900K, capacity 9675K, committed 9760K, reserved 253952K
}
Event: 38.370 GC heap before
{Heap before GC invocations=13 (full 0):
 garbage-first heap   total 262144K, used 210323K [0x00000000e0000000, 0x0000000100000000)
  region size 1024K, 81 young (82944K), 13 survivors (13312K)
 Metaspace       used 72259K, capacity 74637K, committed 74832K, reserved 319488K
  class space    used 9465K, capacity 10312K, committed 10400K, reserved 253952K
}
Event: 38.392 GC heap after
{Heap after GC invocations=14 (full 0):
 garbage-first heap   total 262144K, used 146625K [0x00000000e0000000, 0x0000000100000000)
  region size 1024K, 6 young (6144K), 6 survivors (6144K)
 Metaspace       used 72259K, capacity 74637K, committed 74832K, reserved 319488K
  class space    used 9465K, capacity 10312K, committed 10400K, reserved 253952K
}
Event: 43.937 GC heap before
{Heap before GC invocations=14 (full 0):
 garbage-first heap   total 262144K, used 211137K [0x00000000e0000000, 0x0000000100000000)
  region size 1024K, 70 young (71680K), 6 survivors (6144K)
 Metaspace       used 75138K, capacity 77560K, committed 77648K, reserved 321536K
  class space    used 9749K, capacity 10633K, committed 10656K, reserved 253952K
}
Event: 43.951 GC heap after
{Heap after GC invocations=15 (full 0):
 garbage-first heap   total 262144K, used 148138K [0x00000000e0000000, 0x0000000100000000)
  region size 1024K, 3 young (3072K), 3 survivors (3072K)
 Metaspace       used 75138K, capacity 77560K, committed 77648K, reserved 321536K
  class space    used 9749K, capacity 10633K, committed 10656K, reserved 253952K
}

Deoptimization events (20 events):
Event: 49.756 Thread 0x0000022aa2379800 DEOPT PACKING pc=0x0000022a9719fd8c sp=0x00000036530f7a60
Event: 49.756 Thread 0x0000022aa2379800 DEOPT UNPACKING pc=0x0000022a8f30a1af sp=0x00000036530f7998 mode 2
Event: 49.756 Thread 0x0000022aa2379800 Uncommon trap: trap_request=0xffffffde fr.pc=0x0000022a9719fd8c relative=0x0000000000006f2c
Event: 49.756 Thread 0x0000022aa2379800 Uncommon trap: reason=class_check action=maybe_recompile pc=0x0000022a9719fd8c method=io.spring.gradle.dependencymanagement.org.apache.maven.model.interpolation.StringSearchModelInterpolator$InterpolateObjectAction.interpolateMapField(Ljava/lang/Object;Lj
Event: 49.756 Thread 0x0000022aa2379800 DEOPT PACKING pc=0x0000022a9719fd8c sp=0x00000036530f7a60
Event: 49.756 Thread 0x0000022aa2379800 DEOPT UNPACKING pc=0x0000022a8f30a1af sp=0x00000036530f7998 mode 2
Event: 49.757 Thread 0x0000022aa2379800 Uncommon trap: trap_request=0xffffffde fr.pc=0x0000022a9719fd8c relative=0x0000000000006f2c
Event: 49.757 Thread 0x0000022aa2379800 Uncommon trap: reason=class_check action=maybe_recompile pc=0x0000022a9719fd8c method=io.spring.gradle.dependencymanagement.org.apache.maven.model.interpolation.StringSearchModelInterpolator$InterpolateObjectAction.interpolateMapField(Ljava/lang/Object;Lj
Event: 49.757 Thread 0x0000022aa2379800 DEOPT PACKING pc=0x0000022a9719fd8c sp=0x00000036530f7a60
Event: 49.757 Thread 0x0000022aa2379800 DEOPT UNPACKING pc=0x0000022a8f30a1af sp=0x00000036530f7998 mode 2
Event: 50.086 Thread 0x0000022aa2379800 DEOPT PACKING pc=0x0000022a902f2703 sp=0x00000036530f80b0
Event: 50.086 Thread 0x0000022aa2379800 DEOPT UNPACKING pc=0x0000022a8f30a95e sp=0x00000036530f7558 mode 0
Event: 50.115 Thread 0x0000022aa2379800 Uncommon trap: trap_request=0xffffffde fr.pc=0x0000022a9719fd8c relative=0x0000000000006f2c
Event: 50.115 Thread 0x0000022aa2379800 Uncommon trap: reason=class_check action=maybe_recompile pc=0x0000022a9719fd8c method=io.spring.gradle.dependencymanagement.org.apache.maven.model.interpolation.StringSearchModelInterpolator$InterpolateObjectAction.interpolateMapField(Ljava/lang/Object;Lj
Event: 50.115 Thread 0x0000022aa2379800 DEOPT PACKING pc=0x0000022a9719fd8c sp=0x00000036530f7a60
Event: 50.115 Thread 0x0000022aa2379800 DEOPT UNPACKING pc=0x0000022a8f30a1af sp=0x00000036530f7998 mode 2
Event: 50.116 Thread 0x0000022aa2379800 Uncommon trap: trap_request=0xffffffde fr.pc=0x0000022a971b2544 relative=0x0000000000003ac4
Event: 50.116 Thread 0x0000022aa2379800 Uncommon trap: reason=class_check action=maybe_recompile pc=0x0000022a971b2544 method=io.spring.gradle.dependencymanagement.org.apache.maven.model.interpolation.StringSearchModelInterpolator$InterpolateObjectAction.interpolateMapField(Ljava/lang/Object;Lj
Event: 50.116 Thread 0x0000022aa2379800 DEOPT PACKING pc=0x0000022a971b2544 sp=0x00000036530f7a00
Event: 50.116 Thread 0x0000022aa2379800 DEOPT UNPACKING pc=0x0000022a8f30a1af sp=0x00000036530f7990 mode 2

Classes redefined (0 events):
No events

Internal exceptions (20 events):
Event: 38.332 Thread 0x0000022aa2379800 Exception <a 'java/lang/ClassNotFoundException'{0x00000000ebea9d38}: java/util/LinkedHashSetCustomizer> (0x00000000ebea9d38) thrown at [./src/hotspot/share/classfile/systemDictionary.cpp, line 230]
Event: 38.474 Thread 0x0000022aa2379800 Exception <a 'java/lang/ClassNotFoundException'{0x00000000ef8c32e8}: org/codehaus/groovy/runtime/NullObjectBeanInfo> (0x00000000ef8c32e8) thrown at [./src/hotspot/share/classfile/systemDictionary.cpp, line 230]
Event: 38.484 Thread 0x0000022aa2379800 Exception <a 'java/lang/ClassNotFoundException'{0x00000000ef6d6c18}: org/codehaus/groovy/runtime/NullObjectCustomizer> (0x00000000ef6d6c18) thrown at [./src/hotspot/share/classfile/systemDictionary.cpp, line 230]
Event: 38.658 Thread 0x0000022aa39f9000 Exception <a 'java/lang/NoSuchMethodError'{0x00000000ee338f10}: <clinit>> (0x00000000ee338f10) thrown at [./src/hotspot/share/prims/jni.cpp, line 1367]
Event: 38.660 Thread 0x0000022aa39f9000 Exception <a 'java/lang/NoSuchMethodError'{0x00000000ee3479f0}: <clinit>> (0x00000000ee3479f0) thrown at [./src/hotspot/share/prims/jni.cpp, line 1367]
Event: 38.663 Thread 0x0000022aa39f9000 Exception <a 'java/lang/NoSuchMethodError'{0x00000000ee204048}: <clinit>> (0x00000000ee204048) thrown at [./src/hotspot/share/prims/jni.cpp, line 1367]
Event: 38.664 Thread 0x0000022aa39f9000 Exception <a 'java/lang/NoSuchMethodError'{0x00000000ee20c9b0}: <clinit>> (0x00000000ee20c9b0) thrown at [./src/hotspot/share/prims/jni.cpp, line 1367]
Event: 39.770 Thread 0x0000022aa2379800 Implicit null exception at 0x0000022a9716dc6f to 0x0000022a9716eee4
Event: 44.535 Thread 0x0000022aa2379800 Exception <a 'java/lang/ClassNotFoundException'{0x00000000ef2113d0}: org/jetbrains/plugins/gradle/tooling/tasks/DependenciesReport$ProjectNameFunctionBeanInfo> (0x00000000ef2113d0) thrown at [./src/hotspot/share/classfile/systemDictionary.cpp, line 230]
Event: 44.536 Thread 0x0000022aa2379800 Exception <a 'java/lang/ClassNotFoundException'{0x00000000ef2240d8}: org/jetbrains/plugins/gradle/tooling/tasks/DependenciesReport$ProjectNameFunctionCustomizer> (0x00000000ef2240d8) thrown at [./src/hotspot/share/classfile/systemDictionary.cpp, line 230]
Event: 44.544 Thread 0x0000022aa2379800 Exception <a 'java/lang/ClassNotFoundException'{0x00000000ef26cc20}: org/jetbrains/plugins/gradle/tooling/tasks/DependenciesReport$ReportGenerator$IdGeneratorBeanInfo> (0x00000000ef26cc20) thrown at [./src/hotspot/share/classfile/systemDictionary.cpp, line 230]
Event: 44.545 Thread 0x0000022aa2379800 Exception <a 'java/lang/ClassNotFoundException'{0x00000000ef280410}: org/jetbrains/plugins/gradle/tooling/tasks/DependenciesReport$ReportGenerator$IdGeneratorCustomizer> (0x00000000ef280410) thrown at [./src/hotspot/share/classfile/systemDictionary.cpp, line 230]
Event: 45.428 Thread 0x0000022aa3985000 Exception <a 'java/lang/NoSuchMethodError'{0x00000000ef009850}: <clinit>> (0x00000000ef009850) thrown at [./src/hotspot/share/prims/jni.cpp, line 1367]
Event: 45.430 Thread 0x0000022aa3985000 Exception <a 'java/lang/NoSuchMethodError'{0x00000000ef01b658}: <clinit>> (0x00000000ef01b658) thrown at [./src/hotspot/share/prims/jni.cpp, line 1367]
Event: 45.430 Thread 0x0000022aa3985000 Exception <a 'java/lang/NoSuchMethodError'{0x00000000ef01dca0}: <clinit>> (0x00000000ef01dca0) thrown at [./src/hotspot/share/prims/jni.cpp, line 1367]
Event: 46.095 Thread 0x0000022aa3985000 Exception <a 'java/lang/NoSuchMethodError'{0x00000000eee899e0}: <clinit>> (0x00000000eee899e0) thrown at [./src/hotspot/share/prims/jni.cpp, line 1367]
Event: 46.128 Thread 0x0000022aa3985000 Exception <a 'java/lang/NoSuchMethodError'{0x00000000eed07aa0}: <clinit>> (0x00000000eed07aa0) thrown at [./src/hotspot/share/prims/jni.cpp, line 1367]
Event: 46.130 Thread 0x0000022aa3985000 Exception <a 'java/lang/NoSuchMethodError'{0x00000000eed25a80}: <clinit>> (0x00000000eed25a80) thrown at [./src/hotspot/share/prims/jni.cpp, line 1367]
Event: 46.130 Thread 0x0000022aa3985000 Exception <a 'java/lang/NoSuchMethodError'{0x00000000eed268d8}: <clinit>> (0x00000000eed268d8) thrown at [./src/hotspot/share/prims/jni.cpp, line 1367]
Event: 46.131 Thread 0x0000022aa3985000 Exception <a 'java/lang/NoSuchMethodError'{0x00000000eed275a8}: <clinit>> (0x00000000eed275a8) thrown at [./src/hotspot/share/prims/jni.cpp, line 1367]

Events (20 events):
Event: 49.716 Executing VM operation: RevokeBias done
Event: 49.739 Thread 0x0000022aa74f0000 Thread added: 0x0000022aa74f0000
Event: 49.742 loading class io/spring/gradle/dependencymanagement/org/apache/maven/model/building/DefaultModelBuilder$1
Event: 49.742 loading class io/spring/gradle/dependencymanagement/org/apache/maven/model/building/DefaultModelBuilder$1 done
Event: 49.743 loading class io/spring/gradle/dependencymanagement/org/apache/maven/model/building/FilterModelBuildingRequest
Event: 49.743 loading class io/spring/gradle/dependencymanagement/org/apache/maven/model/building/FilterModelBuildingRequest done
Event: 49.744 Executing VM operation: Deoptimize
Event: 49.745 Executing VM operation: Deoptimize done
Event: 49.756 Executing VM operation: RevokeBias
Event: 49.756 Executing VM operation: RevokeBias done
Event: 49.791 Thread 0x0000022aa6ef0000 Thread added: 0x0000022aa6ef0000
Event: 49.932 Thread 0x0000022aa6ef1000 Thread added: 0x0000022aa6ef1000
Event: 50.067 Thread 0x0000022aa6eee800 Thread added: 0x0000022aa6eee800
Event: 50.087 Thread 0x0000022aa6eed800 Thread added: 0x0000022aa6eed800
Event: 50.110 loading class io/spring/gradle/dependencymanagement/org/codehaus/plexus/interpolation/SimpleRecursionInterceptor
Event: 50.110 loading class io/spring/gradle/dependencymanagement/org/codehaus/plexus/interpolation/SimpleRecursionInterceptor done
Event: 50.111 Executing VM operation: Deoptimize
Event: 50.111 Executing VM operation: Deoptimize done
Event: 50.150 Thread 0x0000022aa6ef4000 Thread added: 0x0000022aa6ef4000
Event: 50.270 Thread 0x0000022aa6ef3000 Thread added: 0x0000022aa6ef3000


Dynamic libraries:
0x00007ff6a5270000 - 0x00007ff6a527d000 	C:\Users\kinal\.jdks\corretto-11.0.16\bin\java.exe
0x00007fff55720000 - 0x00007fff55929000 	C:\WINDOWS\SYSTEM32\ntdll.dll
0x00007fff54ad0000 - 0x00007fff54b8d000 	C:\WINDOWS\System32\KERNEL32.DLL
0x00007fff52ec0000 - 0x00007fff5323d000 	C:\WINDOWS\System32\KERNELBASE.dll
0x00007fff53490000 - 0x00007fff535a1000 	C:\WINDOWS\System32\ucrtbase.dll
0x00007fff3f3b0000 - 0x00007fff3f3c9000 	C:\Users\kinal\.jdks\corretto-11.0.16\bin\VCRUNTIME140.dll
0x00007fff383d0000 - 0x00007fff383e7000 	C:\Users\kinal\.jdks\corretto-11.0.16\bin\jli.dll
0x00007fff548c0000 - 0x00007fff54a6d000 	C:\WINDOWS\System32\USER32.dll
0x00007fff52df0000 - 0x00007fff52e16000 	C:\WINDOWS\System32\win32u.dll
0x00007fff37e10000 - 0x00007fff380b5000 	C:\WINDOWS\WinSxS\amd64_microsoft.windows.common-controls_6595b64144ccf1df_6.0.22000.120_none_9d947278b86cc467\COMCTL32.dll
0x00007fff54c40000 - 0x00007fff54c69000 	C:\WINDOWS\System32\GDI32.dll
0x00007fff54e00000 - 0x00007fff54ea3000 	C:\WINDOWS\System32\msvcrt.dll
0x00007fff53300000 - 0x00007fff53418000 	C:\WINDOWS\System32\gdi32full.dll
0x00007fff52e20000 - 0x00007fff52ebd000 	C:\WINDOWS\System32\msvcp_win.dll
0x00007fff54a90000 - 0x00007fff54ac1000 	C:\WINDOWS\System32\IMM32.DLL
0x00007fff18280000 - 0x00007fff1831b000 	C:\Users\kinal\.jdks\corretto-11.0.16\bin\msvcp140.dll
0x00007fff01cb0000 - 0x00007fff02834000 	C:\Users\kinal\.jdks\corretto-11.0.16\bin\server\jvm.dll
0x00007fff54b90000 - 0x00007fff54c3e000 	C:\WINDOWS\System32\ADVAPI32.dll
0x00007fff542b0000 - 0x00007fff5434e000 	C:\WINDOWS\System32\sechost.dll
0x00007fff55520000 - 0x00007fff55640000 	C:\WINDOWS\System32\RPCRT4.dll
0x00007fff53830000 - 0x00007fff53838000 	C:\WINDOWS\System32\PSAPI.DLL
0x00007fff48010000 - 0x00007fff48043000 	C:\WINDOWS\SYSTEM32\WINMM.dll
0x00007fff3d9a0000 - 0x00007fff3d9a9000 	C:\WINDOWS\SYSTEM32\WSOCK32.dll
0x00007fff47f40000 - 0x00007fff47f4a000 	C:\WINDOWS\SYSTEM32\VERSION.dll
0x00007fff55310000 - 0x00007fff5537f000 	C:\WINDOWS\System32\WS2_32.dll
0x00007fff51df0000 - 0x00007fff51e08000 	C:\WINDOWS\SYSTEM32\kernel.appcore.dll
0x00007fff3b100000 - 0x00007fff3b110000 	C:\Users\kinal\.jdks\corretto-11.0.16\bin\verify.dll
0x00007fff4d700000 - 0x00007fff4d921000 	C:\WINDOWS\SYSTEM32\DBGHELP.DLL
0x00007fff3b940000 - 0x00007fff3b971000 	C:\WINDOWS\SYSTEM32\dbgcore.DLL
0x00007fff52d70000 - 0x00007fff52def000 	C:\WINDOWS\System32\bcryptPrimitives.dll
0x00007fff33ef0000 - 0x00007fff33f18000 	C:\Users\kinal\.jdks\corretto-11.0.16\bin\java.dll
0x00007fff38ca0000 - 0x00007fff38caa000 	C:\Users\kinal\.jdks\corretto-11.0.16\bin\jimage.dll
0x00007fff381a0000 - 0x00007fff381b8000 	C:\Users\kinal\.jdks\corretto-11.0.16\bin\zip.dll
0x00007fff53a00000 - 0x00007fff541b8000 	C:\WINDOWS\System32\SHELL32.dll
0x00007fff50d80000 - 0x00007fff515e8000 	C:\WINDOWS\SYSTEM32\windows.storage.dll
0x00007fff54eb0000 - 0x00007fff55229000 	C:\WINDOWS\System32\combase.dll
0x00007fff50c10000 - 0x00007fff50d76000 	C:\WINDOWS\SYSTEM32\wintypes.dll
0x00007fff541c0000 - 0x00007fff542aa000 	C:\WINDOWS\System32\SHCORE.dll
0x00007fff536b0000 - 0x00007fff5370d000 	C:\WINDOWS\System32\shlwapi.dll
0x00007fff52b30000 - 0x00007fff52b51000 	C:\WINDOWS\SYSTEM32\profapi.dll
0x00007fff37d50000 - 0x00007fff37d69000 	C:\Users\kinal\.jdks\corretto-11.0.16\bin\net.dll
0x00007fff4c340000 - 0x00007fff4c44c000 	C:\WINDOWS\SYSTEM32\WINHTTP.dll
0x00007fff52220000 - 0x00007fff52287000 	C:\WINDOWS\system32\mswsock.dll
0x00007fff32ad0000 - 0x00007fff32ae3000 	C:\Users\kinal\.jdks\corretto-11.0.16\bin\nio.dll
0x00007fff34590000 - 0x00007fff345b7000 	C:\Users\kinal\.gradle\native\e1d6ef7f7dcc3fd88c89a11ec53ec762bb8ba0a96d01ffa2cd45eb1d1d8dd5c5\windows-amd64\native-platform.dll
0x00007fff10d00000 - 0x00007fff10e44000 	C:\Users\kinal\.gradle\native\0d407fdbe67a94daf76414ababcb853783967236a71b16ec16e742cd7a986fd3\windows-amd64\native-platform-file-events.dll
0x00007fff386e0000 - 0x00007fff386e9000 	C:\Users\kinal\.jdks\corretto-11.0.16\bin\management.dll
0x00007fff384f0000 - 0x00007fff384fb000 	C:\Users\kinal\.jdks\corretto-11.0.16\bin\management_ext.dll
0x00007fff52460000 - 0x00007fff52478000 	C:\WINDOWS\SYSTEM32\CRYPTSP.dll
0x00007fff51d50000 - 0x00007fff51d85000 	C:\WINDOWS\system32\rsaenh.dll
0x00007fff52310000 - 0x00007fff52339000 	C:\WINDOWS\SYSTEM32\USERENV.dll
0x00007fff525e0000 - 0x00007fff52607000 	C:\WINDOWS\SYSTEM32\bcrypt.dll
0x00007fff52480000 - 0x00007fff5248c000 	C:\WINDOWS\SYSTEM32\CRYPTBASE.dll
0x00007fff51920000 - 0x00007fff5194d000 	C:\WINDOWS\SYSTEM32\IPHLPAPI.DLL
0x00007fff54cd0000 - 0x00007fff54cd9000 	C:\WINDOWS\System32\NSI.dll
0x00007fff47700000 - 0x00007fff47719000 	C:\WINDOWS\SYSTEM32\dhcpcsvc6.DLL
0x00007fff47fc0000 - 0x00007fff47fde000 	C:\WINDOWS\SYSTEM32\dhcpcsvc.DLL
0x00007fff51990000 - 0x00007fff51a78000 	C:\WINDOWS\SYSTEM32\DNSAPI.dll
0x00007fff32fc0000 - 0x00007fff32fce000 	C:\Users\kinal\.jdks\corretto-11.0.16\bin\sunmscapi.dll
0x00007fff52c00000 - 0x00007fff52d62000 	C:\WINDOWS\System32\CRYPT32.dll
0x00007fff525b0000 - 0x00007fff525d8000 	C:\WINDOWS\SYSTEM32\ncrypt.dll
0x00007fff52570000 - 0x00007fff525a7000 	C:\WINDOWS\SYSTEM32\NTASN1.dll
0x00007fff2ff70000 - 0x00007fff2ff95000 	C:\Users\kinal\.jdks\corretto-11.0.16\bin\sunec.dll
0x00007fff476f0000 - 0x00007fff476fa000 	C:\Windows\System32\rasadhlp.dll
0x00007fff44d40000 - 0x00007fff44dc1000 	C:\WINDOWS\System32\fwpuclnt.dll

dbghelp: loaded successfully - version: 4.0.5 - missing functions: none
symbol engine: initialized successfully - sym options: 0x614 - pdb path: .;C:\Users\kinal\.jdks\corretto-11.0.16\bin;C:\WINDOWS\SYSTEM32;C:\WINDOWS\WinSxS\amd64_microsoft.windows.common-controls_6595b64144ccf1df_6.0.22000.120_none_9d947278b86cc467;C:\Users\kinal\.jdks\corretto-11.0.16\bin\server;C:\Users\kinal\.gradle\native\e1d6ef7f7dcc3fd88c89a11ec53ec762bb8ba0a96d01ffa2cd45eb1d1d8dd5c5\windows-amd64;C:\Users\kinal\.gradle\native\0d407fdbe67a94daf76414ababcb853783967236a71b16ec16e742cd7a986fd3\windows-amd64

VM Arguments:
jvm_args: --add-opens=java.base/java.util=ALL-UNNAMED --add-opens=java.base/java.lang=ALL-UNNAMED --add-opens=java.base/java.lang.invoke=ALL-UNNAMED --add-opens=java.base/java.util=ALL-UNNAMED --add-opens=java.prefs/java.util.prefs=ALL-UNNAMED --add-opens=java.prefs/java.util.prefs=ALL-UNNAMED --add-opens=java.base/java.nio.charset=ALL-UNNAMED --add-opens=java.base/java.net=ALL-UNNAMED --add-opens=java.base/java.util.concurrent.atomic=ALL-UNNAMED -XX:MaxMetaspaceSize=256m -XX:+HeapDumpOnOutOfMemoryError -Xms256m -Xmx512m -Dfile.encoding=UTF-8 -Duser.country=KR -Duser.language=ko -Duser.variant 
java_command: org.gradle.launcher.daemon.bootstrap.GradleDaemon 7.5
java_class_path (initial): C:\Users\kinal\.gradle\wrapper\dists\gradle-7.5-bin\f1w0cc9nuo0eivz97x2xlu9sv\gradle-7.5\lib\gradle-launcher-7.5.jar
Launcher Type: SUN_STANDARD

[Global flags]
     intx CICompilerCount                          = 4                                         {product} {ergonomic}
   size_t CompressedClassSpaceSize                 = 260046848                                 {product} {ergonomic}
     uint ConcGCThreads                            = 2                                         {product} {ergonomic}
     uint G1ConcRefinementThreads                  = 8                                         {product} {ergonomic}
   size_t G1HeapRegionSize                         = 1048576                                   {product} {ergonomic}
    uintx GCDrainStackTargetSize                   = 64                                        {product} {ergonomic}
     bool HeapDumpOnOutOfMemoryError               = true                                   {manageable} {command line}
   size_t InitialHeapSize                          = 268435456                                 {product} {command line}
   size_t MarkStackSize                            = 4194304                                   {product} {ergonomic}
   size_t MaxHeapSize                              = 536870912                                 {product} {command line}
   size_t MaxMetaspaceSize                         = 268435456                                 {product} {command line}
   size_t MaxNewSize                               = 321912832                                 {product} {ergonomic}
   size_t MinHeapDeltaBytes                        = 1048576                                   {product} {ergonomic}
    uintx NonNMethodCodeHeapSize                   = 5836300                                {pd product} {ergonomic}
    uintx NonProfiledCodeHeapSize                  = 122910970                              {pd product} {ergonomic}
    uintx ProfiledCodeHeapSize                     = 122910970                              {pd product} {ergonomic}
    uintx ReservedCodeCacheSize                    = 251658240                              {pd product} {ergonomic}
     bool SegmentedCodeCache                       = true                                      {product} {ergonomic}
     bool UseCompressedClassPointers               = true                                 {lp64_product} {ergonomic}
     bool UseCompressedOops                        = true                                 {lp64_product} {ergonomic}
     bool UseG1GC                                  = true                                      {product} {ergonomic}
     bool UseLargePagesIndividualAllocation        = false                                  {pd product} {ergonomic}

Logging:
Log output configuration:
 #0: stdout all=warning uptime,level,tags
 #1: stderr all=off uptime,level,tags

Environment Variables:
JAVA_HOME=C:\Program Files\Zulu\zulu-8
CLASSPATH=.;C:\Program Files\Zulu\zulu-8lib\tools.jar
PATH="C:\Program Files\Zulu\zulu-8\bin;";C:\Program Files (x86)\Rockwell Software\RSCommon;C:\Program Files\Common Files\Oracle\Java\javapath;C:\Program Files (x86)\Python38-32\Scripts\;C:\Program Files (x86)\Python38-32\;C:\Windows\system32;C:\Windows;C:\Windows\System32\Wbem;C:\Windows\System32\WindowsPowerShell\v1.0\;C:\Windows\System32\OpenSSH\;C:\Program Files (x86)\NVIDIA Corporation\PhysX\Common;C:\Program Files\NVIDIA Corporation\NVIDIA NvDLISR;C:\WINDOWS\system32;C:\WINDOWS;C:\WINDOWS\System32\Wbem;C:\WINDOWS\System32\WindowsPowerShell\v1.0\;C:\WINDOWS\System32\OpenSSH\;C:\Program Files\nodejs\;C:\Users\kinal\apache-maven-3.8.1-bin\apache-maven-3.8.1\bin;";C:\Program Files\Zulu\zulu-8\bin\;D:\apache-maven-3.8.2-bin\apache-maven-3.8.2\bin;";C:\Program Files\Zulu\zulu-8\bin;C:\Program Files\Git\cmd;C:\Users\kinal\AppData\Local\Programs\Python\Python38\Scripts\;C:\Users\kinal\AppData\Local\Programs\Python\Python38\;C:\Users\kinal\AppData\Local\Microsoft\WindowsApps;C:\Program Files\JetBrains\PyCharm Community Edition 2020.2\bin;C:\Users\kinal\AppData\Local\Microsoft\WindowsApps;C:\Users\kinal\AppData\Local\Programs\Microsoft VS Code\bin;C:\Users\kinal\AppData\Roaming\npm;C:\Program Files\MySQL\MySQL Server 8.0\bin;C:\Program Files\Zulu\zulu-8;
USERNAME=kinal
OS=Windows_NT
PROCESSOR_IDENTIFIER=Intel64 Family 6 Model 142 Stepping 12, GenuineIntel
TMP=C:\Users\kinal\AppData\Local\Temp
TEMP=C:\Users\kinal\AppData\Local\Temp



---------------  S Y S T E M  ---------------

OS: Windows 11 , 64 bit Build 22000 (10.0.22000.708)
OS uptime: 11 days 8:30 hours

CPU:total 8 (initial active 8) (4 cores per cpu, 2 threads per core) family 6 model 142 stepping 12 microcode 0xde, cmov, cx8, fxsr, mmx, sse, sse2, sse3, ssse3, sse4.1, sse4.2, popcnt, avx, avx2, aes, clmul, erms, 3dnowpref, lzcnt, ht, tsc, tscinvbit, bmi1, bmi2, adx, fma

Memory: 4k page, system-wide physical 8020M (195M free)
TotalPageFile size 32135M (AvailPageFile size 2M)
current process WorkingSet (physical memory assigned to process): 393M, peak: 412M
current process commit charge ("private bytes"): 512M, peak: 512M

vm_info: OpenJDK 64-Bit Server VM (11.0.16+8-LTS) for windows-amd64 JRE (11.0.16+8-LTS), built on Jul 17 2022 01:39:49 by "Administrator" with MS VC++ 15.9 (VS2017)

END.
